#
# There is insufficient memory for the Java Runtime Environment to continue.
# Native memory allocation (mmap) failed to map 138412032 bytes for committing reserved memory.
# Possible reasons:
#   The system is out of physical RAM or swap space
#   The process is running with CompressedOops enabled, and the Java Heap may be blocking the growth of the native heap
# Possible solutions:
#   Reduce memory load on the system
#   Increase physical memory or swap space
#   Check if swap backing store is full
#   Decrease Java heap size (-Xmx/-Xms)
#   Decrease number of Java threads
#   Decrease Java thread stack sizes (-Xss)
#   Set larger code cache with -XX:ReservedCodeCacheSize=
#   JVM is running with Unscaled Compressed Oops mode in which the Java heap is
#     placed in the first 4GB address space. The Java Heap base address is the
#     maximum limit for the native heap growth. Please use -XX:HeapBaseMinAddress
#     to set the Java Heap base and to place the Java Heap above 4GB virtual address.
# This output file may be truncated or incomplete.
#
#  Out of Memory Error (os_linux.cpp:2852), pid=24516, tid=24527
#
# JRE version: OpenJDK Runtime Environment (11.0.6+10) (build 11.0.6+10-post-Ubuntu-1ubuntu118.04.1)
# Java VM: OpenJDK 64-Bit Server VM (11.0.6+10-post-Ubuntu-1ubuntu118.04.1, mixed mode, sharing, tiered, compressed oops, g1 gc, linux-amd64)
# Core dump will be written. Default location: Core dumps may be processed with "/usr/share/apport/apport %p %s %c %d %P" (or dumping to /home/bridgelabz/Documents/workspace-spring-tool-suite-4-4.5.1.RELEASE/FundooAPP1/core.24516)
#

---------------  S U M M A R Y ------------

Command Line: -Dcom.sun.management.jmxremote -Dcom.sun.management.jmxremote.port=45111 -Dcom.sun.management.jmxremote.authenticate=false -Dcom.sun.management.jmxremote.ssl=false -Djava.rmi.server.hostname=localhost -Dspring.jmx.enabled=true -Dspring.application.admin.enabled=true -Djava.security.egd=file:/dev/./urandom -Xverify:none -XX:TieredStopAtLevel=1 -Dspring.boot.project.name=FundooAPP1 -Dfile.encoding=UTF-8 com.bridgelabz.fundoonotes.FundooNotesApplication --spring.output.ansi.enabled=always

Host: Intel(R) Celeron(R) N4000 CPU @ 1.10GHz, 2 cores, 7G, Ubuntu 18.04.4 LTS
Time: Mon Mar  2 18:49:13 2020 IST elapsed time: 74 seconds (0d 0h 1m 14s)

---------------  T H R E A D  ---------------

Current thread (0x00007f8cbc100000):  VMThread "VM Thread" [stack: 0x00007f8c980b4000,0x00007f8c981b4000] [id=24527]

Stack: [0x00007f8c980b4000,0x00007f8c981b4000],  sp=0x00007f8c981b1e40,  free space=1015k
Native frames: (J=compiled Java code, A=aot compiled Java code, j=interpreted, Vv=VM code, C=native code)
V  [libjvm.so+0xdefa33]
V  [libjvm.so+0xdf06bb]
V  [libjvm.so+0x6508a5]
V  [libjvm.so+0xbc9608]
V  [libjvm.so+0xbc161d]
V  [libjvm.so+0x76ed4f]
V  [libjvm.so+0x76efbe]
V  [libjvm.so+0x77b030]
V  [libjvm.so+0x7f6359]
V  [libjvm.so+0x7f6fb2]
V  [libjvm.so+0x7f7419]
V  [libjvm.so+0x72d4df]
V  [libjvm.so+0x7321da]
V  [libjvm.so+0xdfba01]
V  [libjvm.so+0xdfa5c8]
V  [libjvm.so+0xdf7db6]
V  [libjvm.so+0xdf82c0]
V  [libjvm.so+0xdf8743]
V  [libjvm.so+0xd7f20a]
V  [libjvm.so+0xbcf1fe]

VM_Operation (0x00007f8cc310fca0): G1CollectForAllocation, mode: safepoint, requested by thread 0x00007f8cbc019800


---------------  P R O C E S S  ---------------

Threads class SMR info:
_java_thread_list=0x00007f8cbda11ac0, length=23, elements={
0x00007f8cbc019800, 0x00007f8cbc103000, 0x00007f8cbc105000, 0x00007f8cbc112800,
0x00007f8cbc114800, 0x00007f8cbc117000, 0x00007f8cbc125000, 0x00007f8cbc154000,
0x00007f8cbc8b3000, 0x00007f8cbc8ba000, 0x00007f8cbc8d3000, 0x00007f8c78001000,
0x00007f8c68001800, 0x00007f8c78012800, 0x00007f8cbcf6a800, 0x00007f8c84002000,
0x00007f8cbcf6d800, 0x00007f8cbcf78800, 0x00007f8c68003800, 0x00007f8cbcdd6800,
0x00007f8cbdbf4800, 0x00007f8c68005000, 0x00007f8cbda10800
}

Java Threads: ( => current thread )
  0x00007f8cbc019800 JavaThread "main" [_thread_blocked, id=24521, stack(0x00007f8cc3015000,0x00007f8cc3116000)]
  0x00007f8cbc103000 JavaThread "Reference Handler" daemon [_thread_blocked, id=24528, stack(0x00007f8c83eff000,0x00007f8c84000000)]
  0x00007f8cbc105000 JavaThread "Finalizer" daemon [_thread_blocked, id=24529, stack(0x00007f8c83dfe000,0x00007f8c83eff000)]
  0x00007f8cbc112800 JavaThread "Signal Dispatcher" daemon [_thread_blocked, id=24530, stack(0x00007f8c8332e000,0x00007f8c8342f000)]
  0x00007f8cbc114800 JavaThread "C1 CompilerThread0" daemon [_thread_blocked, id=24531, stack(0x00007f8c8322d000,0x00007f8c8332e000)]
  0x00007f8cbc117000 JavaThread "Sweeper thread" daemon [_thread_blocked, id=24532, stack(0x00007f8c8312c000,0x00007f8c8322d000)]
  0x00007f8cbc125000 JavaThread "Common-Cleaner" daemon [_thread_blocked, id=24533, stack(0x00007f8c8302b000,0x00007f8c8312c000)]
  0x00007f8cbc154000 JavaThread "Service Thread" daemon [_thread_blocked, id=24536, stack(0x00007f8c82f2a000,0x00007f8c8302b000)]
  0x00007f8cbc8b3000 JavaThread "RMI TCP Accept-0" daemon [_thread_in_native, id=24541, stack(0x00007f8c822f1000,0x00007f8c823f2000)]
  0x00007f8cbc8ba000 JavaThread "RMI TCP Accept-45111" daemon [_thread_in_native, id=24542, stack(0x00007f8c821f0000,0x00007f8c822f1000)]
  0x00007f8cbc8d3000 JavaThread "RMI TCP Accept-0" daemon [_thread_in_native, id=24543, stack(0x00007f8c820ef000,0x00007f8c821f0000)]
  0x00007f8c78001000 JavaThread "Attach Listener" daemon [_thread_blocked, id=24550, stack(0x00007f8c81eec000,0x00007f8c81fed000)]
  0x00007f8c68001800 JavaThread "RMI TCP Connection(idle)" daemon [_thread_blocked, id=24554, stack(0x00007f8c815eb000,0x00007f8c816ec000)]
  0x00007f8c78012800 JavaThread "RMI Scheduler(0)" daemon [_thread_blocked, id=24555, stack(0x00007f8c814ea000,0x00007f8c815eb000)]
  0x00007f8cbcf6a800 JavaThread "Catalina-utility-1" [_thread_blocked, id=24569, stack(0x00007f8c810e8000,0x00007f8c811e9000)]
  0x00007f8c84002000 JavaThread "Catalina-utility-2" [_thread_blocked, id=24570, stack(0x00007f8c805e7000,0x00007f8c806e8000)]
  0x00007f8cbcf6d800 JavaThread "container-0" [_thread_blocked, id=24571, stack(0x00007f8c804e6000,0x00007f8c805e7000)]
  0x00007f8cbcf78800 JavaThread "mysql-cj-abandoned-connection-cleanup" daemon [_thread_blocked, id=24572, stack(0x00007f8c803e5000,0x00007f8c804e6000)]
  0x00007f8c68003800 JavaThread "RMI TCP Connection(idle)" daemon [_thread_blocked, id=24577, stack(0x00007f8c800e4000,0x00007f8c801e5000)]
  0x00007f8cbcdd6800 JavaThread "HikariPool-1 housekeeper" daemon [_thread_blocked, id=24579, stack(0x00007f8c634d0000,0x00007f8c635d1000)]
  0x00007f8cbdbf4800 JavaThread "commons-pool-evictor-thread" daemon [_thread_blocked, id=24593, stack(0x00007f8c813e9000,0x00007f8c814ea000)]
  0x00007f8c68005000 JavaThread "RMI TCP Connection(3)-127.0.0.1" daemon [_thread_in_native, id=24596, stack(0x00007f8c633cf000,0x00007f8c634d0000)]
  0x00007f8cbda10800 JavaThread "java-sdk-http-connection-reaper" daemon [_thread_blocked, id=24601, stack(0x00007f8c624ce000,0x00007f8c625cf000)]

Other Threads:
=>0x00007f8cbc100000 VMThread "VM Thread" [stack: 0x00007f8c980b4000,0x00007f8c981b4000] [id=24527]
  0x00007f8cbc8d5800 WatcherThread [stack: 0x00007f8c81fef000,0x00007f8c820ef000] [id=24544]
  0x00007f8cbc032000 GCTaskThread "GC Thread#0" [stack: 0x00007f8cc004d000,0x00007f8cc014d000] [id=24522]
  0x00007f8c88001000 GCTaskThread "GC Thread#1" [stack: 0x00007f8c82a02000,0x00007f8c82b02000] [id=24539]
  0x00007f8cbc061000 ConcurrentGCThread "G1 Main Marker" [stack: 0x00007f8ca0d45000,0x00007f8ca0e45000] [id=24523]
  0x00007f8cbc063000 ConcurrentGCThread "G1 Conc#0" [stack: 0x00007f8ca0c43000,0x00007f8ca0d43000] [id=24524]
  0x00007f8cbc0ce000 ConcurrentGCThread "G1 Refine#0" [stack: 0x00007f8ca093f000,0x00007f8ca0a3f000] [id=24525]
  0x00007f8cbc0cf800 ConcurrentGCThread "G1 Young RemSet Sampling" [stack: 0x00007f8ca083d000,0x00007f8ca093d000] [id=24526]

Threads with active compile tasks:

VM state:at safepoint (normal execution)

VM Mutex/Monitor currently owned by a thread:  ([mutex/lock_event])
[0x00007f8cbc015cb0] Threads_lock - owner thread: 0x00007f8cbc100000
[0x00007f8cbc016400] Heap_lock - owner thread: 0x00007f8cbc019800

Heap address: 0x000000008a400000, size: 1884 MB, Compressed Oops mode: 32-bit
Narrow klass base: 0x0000000800000000, Narrow klass shift: 3
Compressed class space size: 1073741824 Address: 0x0000000840000000

Heap:
 garbage-first heap   total 367616K, used 38084K [0x000000008a400000, 0x0000000100000000)
  region size 1024K, 2 young (2048K), 2 survivors (2048K)
 Metaspace       used 58584K, capacity 60340K, committed 60572K, reserved 1101824K
  class space    used 7967K, capacity 8638K, committed 8684K, reserved 1048576K
Heap Regions: E=young(eden), S=young(survivor), O=old, HS=humongous(starts), HC=humongous(continues), CS=collection set, F=free, A=archive, TAMS=top-at-mark-start (previous, next)
|   0|0x000000008a400000, 0x000000008a500000, 0x000000008a500000|100%|HS|  |TAMS 0x000000008a500000, 0x000000008a400000| Complete 
|   1|0x000000008a500000, 0x000000008a600000, 0x000000008a600000|100%|HS|  |TAMS 0x000000008a600000, 0x000000008a500000| Complete 
|   2|0x000000008a600000, 0x000000008a700000, 0x000000008a700000|100%| O|  |TAMS 0x000000008a700000, 0x000000008a600000| Untracked 
|   3|0x000000008a700000, 0x000000008a800000, 0x000000008a800000|100%| O|  |TAMS 0x000000008a800000, 0x000000008a700000| Untracked 
|   4|0x000000008a800000, 0x000000008a900000, 0x000000008a900000|100%| O|  |TAMS 0x000000008a900000, 0x000000008a800000| Untracked 
|   5|0x000000008a900000, 0x000000008aa00000, 0x000000008aa00000|100%| O|  |TAMS 0x000000008aa00000, 0x000000008a900000| Untracked 
|   6|0x000000008aa00000, 0x000000008ab00000, 0x000000008ab00000|100%| O|  |TAMS 0x000000008ab00000, 0x000000008aa00000| Untracked 
|   7|0x000000008ab00000, 0x000000008ac00000, 0x000000008ac00000|100%| O|  |TAMS 0x000000008ac00000, 0x000000008ab00000| Untracked 
|   8|0x000000008ac00000, 0x000000008ad00000, 0x000000008ad00000|100%| O|  |TAMS 0x000000008ad00000, 0x000000008ac00000| Untracked 
|   9|0x000000008ad00000, 0x000000008ae00000, 0x000000008ae00000|100%| O|  |TAMS 0x000000008ae00000, 0x000000008ad00000| Untracked 
|  10|0x000000008ae00000, 0x000000008af00000, 0x000000008af00000|100%| O|  |TAMS 0x000000008af00000, 0x000000008ae00000| Untracked 
|  11|0x000000008af00000, 0x000000008b000000, 0x000000008b000000|100%| O|  |TAMS 0x000000008b000000, 0x000000008af00000| Untracked 
|  12|0x000000008b000000, 0x000000008b100000, 0x000000008b100000|100%| O|  |TAMS 0x000000008b100000, 0x000000008b000000| Untracked 
|  13|0x000000008b100000, 0x000000008b200000, 0x000000008b200000|100%| O|  |TAMS 0x000000008b200000, 0x000000008b100000| Untracked 
|  14|0x000000008b200000, 0x000000008b300000, 0x000000008b300000|100%| O|  |TAMS 0x000000008b300000, 0x000000008b200000| Untracked 
|  15|0x000000008b300000, 0x000000008b400000, 0x000000008b400000|100%| O|  |TAMS 0x000000008b400000, 0x000000008b300000| Untracked 
|  16|0x000000008b400000, 0x000000008b500000, 0x000000008b500000|100%| O|  |TAMS 0x000000008b500000, 0x000000008b400000| Untracked 
|  17|0x000000008b500000, 0x000000008b600000, 0x000000008b600000|100%| O|  |TAMS 0x000000008b600000, 0x000000008b500000| Untracked 
|  18|0x000000008b600000, 0x000000008b700000, 0x000000008b700000|100%| O|  |TAMS 0x000000008b700000, 0x000000008b600000| Untracked 
|  19|0x000000008b700000, 0x000000008b800000, 0x000000008b800000|100%| O|  |TAMS 0x000000008b800000, 0x000000008b700000| Untracked 
|  20|0x000000008b800000, 0x000000008b900000, 0x000000008b900000|100%| O|  |TAMS 0x000000008b900000, 0x000000008b800000| Untracked 
|  21|0x000000008b900000, 0x000000008ba00000, 0x000000008ba00000|100%| O|  |TAMS 0x000000008ba00000, 0x000000008b900000| Untracked 
|  22|0x000000008ba00000, 0x000000008bb00000, 0x000000008bb00000|100%| O|  |TAMS 0x000000008bb00000, 0x000000008ba00000| Untracked 
|  23|0x000000008bb00000, 0x000000008bc00000, 0x000000008bc00000|100%| O|  |TAMS 0x000000008bc00000, 0x000000008bb00000| Untracked 
|  24|0x000000008bc00000, 0x000000008bd00000, 0x000000008bd00000|100%| O|  |TAMS 0x000000008bd00000, 0x000000008bc00000| Untracked 
|  25|0x000000008bd00000, 0x000000008be00000, 0x000000008be00000|100%| O|  |TAMS 0x000000008be00000, 0x000000008bd00000| Untracked 
|  26|0x000000008be00000, 0x000000008bf00000, 0x000000008bf00000|100%| O|  |TAMS 0x000000008bf00000, 0x000000008be00000| Untracked 
|  27|0x000000008bf00000, 0x000000008c000000, 0x000000008c000000|100%| O|  |TAMS 0x000000008c000000, 0x000000008bf00000| Untracked 
|  28|0x000000008c000000, 0x000000008c100000, 0x000000008c100000|100%| O|  |TAMS 0x000000008c100000, 0x000000008c000000| Untracked 
|  29|0x000000008c100000, 0x000000008c200000, 0x000000008c200000|100%| O|  |TAMS 0x000000008c200000, 0x000000008c100000| Untracked 
|  30|0x000000008c200000, 0x000000008c300000, 0x000000008c300000|100%| O|  |TAMS 0x000000008c300000, 0x000000008c200000| Untracked 
|  31|0x000000008c300000, 0x000000008c400000, 0x000000008c400000|100%| O|  |TAMS 0x000000008c341c00, 0x000000008c300000| Untracked 
|  32|0x000000008c400000, 0x000000008c500000, 0x000000008c500000|100%| O|  |TAMS 0x000000008c400000, 0x000000008c400000| Untracked 
|  33|0x000000008c500000, 0x000000008c600000, 0x000000008c600000|100%| O|  |TAMS 0x000000008c500000, 0x000000008c500000| Untracked 
|  34|0x000000008c600000, 0x000000008c700000, 0x000000008c700000|100%| O|  |TAMS 0x000000008c600000, 0x000000008c600000| Untracked 
|  35|0x000000008c700000, 0x000000008c700000, 0x000000008c800000|  0%| F|  |TAMS 0x000000008c700000, 0x000000008c700000| Untracked 
|  36|0x000000008c800000, 0x000000008c800000, 0x000000008c900000|  0%| F|  |TAMS 0x000000008c800000, 0x000000008c800000| Untracked 
|  37|0x000000008c900000, 0x000000008c900000, 0x000000008ca00000|  0%| F|  |TAMS 0x000000008c900000, 0x000000008c900000| Untracked 
|  38|0x000000008ca00000, 0x000000008ca00000, 0x000000008cb00000|  0%| F|  |TAMS 0x000000008ca00000, 0x000000008ca00000| Untracked 
|  39|0x000000008cb00000, 0x000000008cb00000, 0x000000008cc00000|  0%| F|  |TAMS 0x000000008cb00000, 0x000000008cb00000| Untracked 
|  40|0x000000008cc00000, 0x000000008cc00000, 0x000000008cd00000|  0%| F|  |TAMS 0x000000008cc00000, 0x000000008cc00000| Untracked 
|  41|0x000000008cd00000, 0x000000008cd00000, 0x000000008ce00000|  0%| F|  |TAMS 0x000000008cd00000, 0x000000008cd00000| Untracked 
|  42|0x000000008ce00000, 0x000000008ce00000, 0x000000008cf00000|  0%| F|  |TAMS 0x000000008ce00000, 0x000000008ce00000| Untracked 
|  43|0x000000008cf00000, 0x000000008cf00000, 0x000000008d000000|  0%| F|  |TAMS 0x000000008cf00000, 0x000000008cf00000| Untracked 
|  44|0x000000008d000000, 0x000000008d000000, 0x000000008d100000|  0%| F|  |TAMS 0x000000008d000000, 0x000000008d000000| Untracked 
|  45|0x000000008d100000, 0x000000008d100000, 0x000000008d200000|  0%| F|  |TAMS 0x000000008d100000, 0x000000008d100000| Untracked 
|  46|0x000000008d200000, 0x000000008d200000, 0x000000008d300000|  0%| F|  |TAMS 0x000000008d200000, 0x000000008d200000| Untracked 
|  47|0x000000008d300000, 0x000000008d300000, 0x000000008d400000|  0%| F|  |TAMS 0x000000008d300000, 0x000000008d300000| Untracked 
|  48|0x000000008d400000, 0x000000008d400000, 0x000000008d500000|  0%| F|  |TAMS 0x000000008d400000, 0x000000008d400000| Untracked 
|  49|0x000000008d500000, 0x000000008d500000, 0x000000008d600000|  0%| F|  |TAMS 0x000000008d500000, 0x000000008d500000| Untracked 
|  50|0x000000008d600000, 0x000000008d600000, 0x000000008d700000|  0%| F|  |TAMS 0x000000008d600000, 0x000000008d600000| Untracked 
|  51|0x000000008d700000, 0x000000008d700000, 0x000000008d800000|  0%| F|  |TAMS 0x000000008d700000, 0x000000008d700000| Untracked 
|  52|0x000000008d800000, 0x000000008d800000, 0x000000008d900000|  0%| F|  |TAMS 0x000000008d800000, 0x000000008d800000| Untracked 
|  53|0x000000008d900000, 0x000000008d900000, 0x000000008da00000|  0%| F|  |TAMS 0x000000008d900000, 0x000000008d900000| Untracked 
|  54|0x000000008da00000, 0x000000008da00000, 0x000000008db00000|  0%| F|  |TAMS 0x000000008da00000, 0x000000008da00000| Untracked 
|  55|0x000000008db00000, 0x000000008db00000, 0x000000008dc00000|  0%| F|  |TAMS 0x000000008db00000, 0x000000008db00000| Untracked 
|  56|0x000000008dc00000, 0x000000008dc00000, 0x000000008dd00000|  0%| F|  |TAMS 0x000000008dc00000, 0x000000008dc00000| Untracked 
|  57|0x000000008dd00000, 0x000000008dd00000, 0x000000008de00000|  0%| F|  |TAMS 0x000000008dd00000, 0x000000008dd00000| Untracked 
|  58|0x000000008de00000, 0x000000008de00000, 0x000000008df00000|  0%| F|  |TAMS 0x000000008de00000, 0x000000008de00000| Untracked 
|  59|0x000000008df00000, 0x000000008df00000, 0x000000008e000000|  0%| F|  |TAMS 0x000000008df00000, 0x000000008df00000| Untracked 
|  60|0x000000008e000000, 0x000000008e000000, 0x000000008e100000|  0%| F|  |TAMS 0x000000008e000000, 0x000000008e000000| Untracked 
|  61|0x000000008e100000, 0x000000008e100000, 0x000000008e200000|  0%| F|  |TAMS 0x000000008e100000, 0x000000008e100000| Untracked 
|  62|0x000000008e200000, 0x000000008e200000, 0x000000008e300000|  0%| F|  |TAMS 0x000000008e200000, 0x000000008e200000| Untracked 
|  63|0x000000008e300000, 0x000000008e300000, 0x000000008e400000|  0%| F|  |TAMS 0x000000008e300000, 0x000000008e300000| Untracked 
|  64|0x000000008e400000, 0x000000008e400000, 0x000000008e500000|  0%| F|  |TAMS 0x000000008e400000, 0x000000008e400000| Untracked 
|  65|0x000000008e500000, 0x000000008e500000, 0x000000008e600000|  0%| F|  |TAMS 0x000000008e500000, 0x000000008e500000| Untracked 
|  66|0x000000008e600000, 0x000000008e600000, 0x000000008e700000|  0%| F|  |TAMS 0x000000008e600000, 0x000000008e600000| Untracked 
|  67|0x000000008e700000, 0x000000008e700000, 0x000000008e800000|  0%| F|  |TAMS 0x000000008e700000, 0x000000008e700000| Untracked 
|  68|0x000000008e800000, 0x000000008e800000, 0x000000008e900000|  0%| F|  |TAMS 0x000000008e800000, 0x000000008e800000| Untracked 
|  69|0x000000008e900000, 0x000000008e900000, 0x000000008ea00000|  0%| F|  |TAMS 0x000000008e900000, 0x000000008e900000| Untracked 
|  70|0x000000008ea00000, 0x000000008ea00000, 0x000000008eb00000|  0%| F|  |TAMS 0x000000008ea00000, 0x000000008ea00000| Untracked 
|  71|0x000000008eb00000, 0x000000008eb00000, 0x000000008ec00000|  0%| F|  |TAMS 0x000000008eb00000, 0x000000008eb00000| Untracked 
|  72|0x000000008ec00000, 0x000000008ec00000, 0x000000008ed00000|  0%| F|  |TAMS 0x000000008ec00000, 0x000000008ec00000| Untracked 
|  73|0x000000008ed00000, 0x000000008ed00000, 0x000000008ee00000|  0%| F|  |TAMS 0x000000008ed00000, 0x000000008ed00000| Untracked 
|  74|0x000000008ee00000, 0x000000008ee00000, 0x000000008ef00000|  0%| F|  |TAMS 0x000000008ee00000, 0x000000008ee00000| Untracked 
|  75|0x000000008ef00000, 0x000000008ef00000, 0x000000008f000000|  0%| F|  |TAMS 0x000000008ef00000, 0x000000008ef00000| Untracked 
|  76|0x000000008f000000, 0x000000008f000000, 0x000000008f100000|  0%| F|  |TAMS 0x000000008f000000, 0x000000008f000000| Untracked 
|  77|0x000000008f100000, 0x000000008f100000, 0x000000008f200000|  0%| F|  |TAMS 0x000000008f100000, 0x000000008f100000| Untracked 
|  78|0x000000008f200000, 0x000000008f200000, 0x000000008f300000|  0%| F|  |TAMS 0x000000008f200000, 0x000000008f200000| Untracked 
|  79|0x000000008f300000, 0x000000008f300000, 0x000000008f400000|  0%| F|  |TAMS 0x000000008f300000, 0x000000008f300000| Untracked 
|  80|0x000000008f400000, 0x000000008f400000, 0x000000008f500000|  0%| F|  |TAMS 0x000000008f400000, 0x000000008f400000| Untracked 
|  81|0x000000008f500000, 0x000000008f500000, 0x000000008f600000|  0%| F|  |TAMS 0x000000008f500000, 0x000000008f500000| Untracked 
|  82|0x000000008f600000, 0x000000008f600000, 0x000000008f700000|  0%| F|  |TAMS 0x000000008f600000, 0x000000008f600000| Untracked 
|  83|0x000000008f700000, 0x000000008f700000, 0x000000008f800000|  0%| F|  |TAMS 0x000000008f700000, 0x000000008f700000| Untracked 
|  84|0x000000008f800000, 0x000000008f800000, 0x000000008f900000|  0%| F|  |TAMS 0x000000008f800000, 0x000000008f800000| Untracked 
|  85|0x000000008f900000, 0x000000008f900000, 0x000000008fa00000|  0%| F|  |TAMS 0x000000008f900000, 0x000000008f900000| Untracked 
|  86|0x000000008fa00000, 0x000000008fa00000, 0x000000008fb00000|  0%| F|  |TAMS 0x000000008fa00000, 0x000000008fa00000| Untracked 
|  87|0x000000008fb00000, 0x000000008fb00000, 0x000000008fc00000|  0%| F|  |TAMS 0x000000008fb00000, 0x000000008fb00000| Untracked 
|  88|0x000000008fc00000, 0x000000008fc00000, 0x000000008fd00000|  0%| F|  |TAMS 0x000000008fc00000, 0x000000008fc00000| Untracked 
|  89|0x000000008fd00000, 0x000000008fd00000, 0x000000008fe00000|  0%| F|  |TAMS 0x000000008fd00000, 0x000000008fd00000| Untracked 
|  90|0x000000008fe00000, 0x000000008fe00000, 0x000000008ff00000|  0%| F|  |TAMS 0x000000008fe00000, 0x000000008fe00000| Untracked 
|  91|0x000000008ff00000, 0x000000008ff00000, 0x0000000090000000|  0%| F|  |TAMS 0x000000008ff00000, 0x000000008ff00000| Untracked 
|  92|0x0000000090000000, 0x0000000090000000, 0x0000000090100000|  0%| F|  |TAMS 0x0000000090000000, 0x0000000090000000| Untracked 
|  93|0x0000000090100000, 0x0000000090100000, 0x0000000090200000|  0%| F|  |TAMS 0x0000000090100000, 0x0000000090100000| Untracked 
|  94|0x0000000090200000, 0x0000000090200000, 0x0000000090300000|  0%| F|  |TAMS 0x0000000090200000, 0x0000000090200000| Untracked 
|  95|0x0000000090300000, 0x0000000090300000, 0x0000000090400000|  0%| F|  |TAMS 0x0000000090300000, 0x0000000090300000| Untracked 
|  96|0x0000000090400000, 0x0000000090400000, 0x0000000090500000|  0%| F|  |TAMS 0x0000000090400000, 0x0000000090400000| Untracked 
|  97|0x0000000090500000, 0x0000000090500000, 0x0000000090600000|  0%| F|  |TAMS 0x0000000090500000, 0x0000000090500000| Untracked 
|  98|0x0000000090600000, 0x0000000090600000, 0x0000000090700000|  0%| F|  |TAMS 0x0000000090600000, 0x0000000090600000| Untracked 
|  99|0x0000000090700000, 0x0000000090700000, 0x0000000090800000|  0%| F|  |TAMS 0x0000000090700000, 0x0000000090700000| Untracked 
| 100|0x0000000090800000, 0x0000000090800000, 0x0000000090900000|  0%| F|  |TAMS 0x0000000090800000, 0x0000000090800000| Untracked 
| 101|0x0000000090900000, 0x0000000090900000, 0x0000000090a00000|  0%| F|  |TAMS 0x0000000090900000, 0x0000000090900000| Untracked 
| 102|0x0000000090a00000, 0x0000000090a00000, 0x0000000090b00000|  0%| F|  |TAMS 0x0000000090a00000, 0x0000000090a00000| Untracked 
| 103|0x0000000090b00000, 0x0000000090b00000, 0x0000000090c00000|  0%| F|  |TAMS 0x0000000090b00000, 0x0000000090b00000| Untracked 
| 104|0x0000000090c00000, 0x0000000090c00000, 0x0000000090d00000|  0%| F|  |TAMS 0x0000000090c00000, 0x0000000090c00000| Untracked 
| 105|0x0000000090d00000, 0x0000000090d00000, 0x0000000090e00000|  0%| F|  |TAMS 0x0000000090d00000, 0x0000000090d00000| Untracked 
| 106|0x0000000090e00000, 0x0000000090e00000, 0x0000000090f00000|  0%| F|  |TAMS 0x0000000090e00000, 0x0000000090e00000| Untracked 
| 107|0x0000000090f00000, 0x0000000090f00000, 0x0000000091000000|  0%| F|  |TAMS 0x0000000090f00000, 0x0000000090f00000| Untracked 
| 108|0x0000000091000000, 0x0000000091000000, 0x0000000091100000|  0%| F|  |TAMS 0x0000000091000000, 0x0000000091000000| Untracked 
| 109|0x0000000091100000, 0x0000000091100000, 0x0000000091200000|  0%| F|  |TAMS 0x0000000091100000, 0x0000000091100000| Untracked 
| 110|0x0000000091200000, 0x0000000091200000, 0x0000000091300000|  0%| F|  |TAMS 0x0000000091200000, 0x0000000091200000| Untracked 
| 111|0x0000000091300000, 0x0000000091300000, 0x0000000091400000|  0%| F|  |TAMS 0x0000000091300000, 0x0000000091300000| Untracked 
| 112|0x0000000091400000, 0x0000000091400000, 0x0000000091500000|  0%| F|  |TAMS 0x0000000091400000, 0x0000000091400000| Untracked 
| 113|0x0000000091500000, 0x0000000091500000, 0x0000000091600000|  0%| F|  |TAMS 0x0000000091500000, 0x0000000091500000| Untracked 
| 114|0x0000000091600000, 0x0000000091600000, 0x0000000091700000|  0%| F|  |TAMS 0x0000000091600000, 0x0000000091600000| Untracked 
| 115|0x0000000091700000, 0x0000000091700000, 0x0000000091800000|  0%| F|  |TAMS 0x0000000091700000, 0x0000000091700000| Untracked 
| 116|0x0000000091800000, 0x0000000091800000, 0x0000000091900000|  0%| F|  |TAMS 0x0000000091800000, 0x0000000091800000| Untracked 
| 117|0x0000000091900000, 0x0000000091900000, 0x0000000091a00000|  0%| F|  |TAMS 0x0000000091900000, 0x0000000091900000| Untracked 
| 118|0x0000000091a00000, 0x0000000091a00000, 0x0000000091b00000|  0%| F|  |TAMS 0x0000000091a00000, 0x0000000091a00000| Untracked 
| 119|0x0000000091b00000, 0x0000000091b00000, 0x0000000091c00000|  0%| F|  |TAMS 0x0000000091b00000, 0x0000000091b00000| Untracked 
| 120|0x0000000091c00000, 0x0000000091c00000, 0x0000000091d00000|  0%| F|  |TAMS 0x0000000091c00000, 0x0000000091c00000| Untracked 
| 121|0x0000000091d00000, 0x0000000091d00000, 0x0000000091e00000|  0%| F|  |TAMS 0x0000000091d00000, 0x0000000091d00000| Untracked 
| 122|0x0000000091e00000, 0x0000000091e00000, 0x0000000091f00000|  0%| F|  |TAMS 0x0000000091e00000, 0x0000000091e00000| Untracked 
| 123|0x0000000091f00000, 0x0000000091f00000, 0x0000000092000000|  0%| F|  |TAMS 0x0000000091f00000, 0x0000000091f00000| Untracked 
| 124|0x0000000092000000, 0x0000000092000000, 0x0000000092100000|  0%| F|  |TAMS 0x0000000092000000, 0x0000000092000000| Untracked 
| 125|0x0000000092100000, 0x0000000092100000, 0x0000000092200000|  0%| F|  |TAMS 0x0000000092100000, 0x0000000092100000| Untracked 
| 126|0x0000000092200000, 0x0000000092200000, 0x0000000092300000|  0%| F|  |TAMS 0x0000000092200000, 0x0000000092200000| Untracked 
| 127|0x0000000092300000, 0x0000000092300000, 0x0000000092400000|  0%| F|  |TAMS 0x0000000092300000, 0x0000000092300000| Untracked 
| 128|0x0000000092400000, 0x0000000092400000, 0x0000000092500000|  0%| F|  |TAMS 0x0000000092400000, 0x0000000092400000| Untracked 
| 129|0x0000000092500000, 0x0000000092500000, 0x0000000092600000|  0%| F|  |TAMS 0x0000000092500000, 0x0000000092500000| Untracked 
| 130|0x0000000092600000, 0x0000000092600000, 0x0000000092700000|  0%| F|  |TAMS 0x0000000092600000, 0x0000000092600000| Untracked 
| 131|0x0000000092700000, 0x0000000092700000, 0x0000000092800000|  0%| F|  |TAMS 0x0000000092700000, 0x0000000092700000| Untracked 
| 132|0x0000000092800000, 0x0000000092800000, 0x0000000092900000|  0%| F|  |TAMS 0x0000000092800000, 0x0000000092800000| Untracked 
| 133|0x0000000092900000, 0x0000000092900000, 0x0000000092a00000|  0%| F|  |TAMS 0x0000000092900000, 0x0000000092900000| Untracked 
| 134|0x0000000092a00000, 0x0000000092a00000, 0x0000000092b00000|  0%| F|  |TAMS 0x0000000092a00000, 0x0000000092a00000| Untracked 
| 135|0x0000000092b00000, 0x0000000092b00000, 0x0000000092c00000|  0%| F|  |TAMS 0x0000000092b00000, 0x0000000092b00000| Untracked 
| 136|0x0000000092c00000, 0x0000000092c00000, 0x0000000092d00000|  0%| F|  |TAMS 0x0000000092c00000, 0x0000000092c00000| Untracked 
| 137|0x0000000092d00000, 0x0000000092d00000, 0x0000000092e00000|  0%| F|  |TAMS 0x0000000092d00000, 0x0000000092d00000| Untracked 
| 138|0x0000000092e00000, 0x0000000092e00000, 0x0000000092f00000|  0%| F|  |TAMS 0x0000000092e00000, 0x0000000092e00000| Untracked 
| 139|0x0000000092f00000, 0x0000000092f00000, 0x0000000093000000|  0%| F|  |TAMS 0x0000000092f00000, 0x0000000092f00000| Untracked 
| 140|0x0000000093000000, 0x0000000093000000, 0x0000000093100000|  0%| F|  |TAMS 0x0000000093000000, 0x0000000093000000| Untracked 
| 141|0x0000000093100000, 0x0000000093100000, 0x0000000093200000|  0%| F|  |TAMS 0x0000000093100000, 0x0000000093100000| Untracked 
| 142|0x0000000093200000, 0x0000000093200000, 0x0000000093300000|  0%| F|  |TAMS 0x0000000093200000, 0x0000000093200000| Untracked 
| 143|0x0000000093300000, 0x0000000093300000, 0x0000000093400000|  0%| F|  |TAMS 0x0000000093300000, 0x0000000093300000| Untracked 
| 144|0x0000000093400000, 0x0000000093400000, 0x0000000093500000|  0%| F|  |TAMS 0x0000000093400000, 0x0000000093400000| Untracked 
| 145|0x0000000093500000, 0x0000000093500000, 0x0000000093600000|  0%| F|  |TAMS 0x0000000093500000, 0x0000000093500000| Untracked 
| 146|0x0000000093600000, 0x0000000093600000, 0x0000000093700000|  0%| F|  |TAMS 0x0000000093600000, 0x0000000093600000| Untracked 
| 147|0x0000000093700000, 0x0000000093700000, 0x0000000093800000|  0%| F|  |TAMS 0x0000000093700000, 0x0000000093700000| Untracked 
| 148|0x0000000093800000, 0x0000000093800000, 0x0000000093900000|  0%| F|  |TAMS 0x0000000093800000, 0x0000000093800000| Untracked 
| 149|0x0000000093900000, 0x0000000093900000, 0x0000000093a00000|  0%| F|  |TAMS 0x0000000093900000, 0x0000000093900000| Untracked 
| 150|0x0000000093a00000, 0x0000000093a00000, 0x0000000093b00000|  0%| F|  |TAMS 0x0000000093a00000, 0x0000000093a00000| Untracked 
| 151|0x0000000093b00000, 0x0000000093b00000, 0x0000000093c00000|  0%| F|  |TAMS 0x0000000093b00000, 0x0000000093b00000| Untracked 
| 152|0x0000000093c00000, 0x0000000093c00000, 0x0000000093d00000|  0%| F|  |TAMS 0x0000000093c00000, 0x0000000093c00000| Untracked 
| 153|0x0000000093d00000, 0x0000000093d00000, 0x0000000093e00000|  0%| F|  |TAMS 0x0000000093d00000, 0x0000000093d00000| Untracked 
| 154|0x0000000093e00000, 0x0000000093e00000, 0x0000000093f00000|  0%| F|  |TAMS 0x0000000093e00000, 0x0000000093e00000| Untracked 
| 155|0x0000000093f00000, 0x0000000093f00000, 0x0000000094000000|  0%| F|  |TAMS 0x0000000093f00000, 0x0000000093f00000| Untracked 
| 156|0x0000000094000000, 0x0000000094000000, 0x0000000094100000|  0%| F|  |TAMS 0x0000000094000000, 0x0000000094000000| Untracked 
| 157|0x0000000094100000, 0x0000000094100000, 0x0000000094200000|  0%| F|  |TAMS 0x0000000094100000, 0x0000000094100000| Untracked 
| 158|0x0000000094200000, 0x0000000094200000, 0x0000000094300000|  0%| F|  |TAMS 0x0000000094200000, 0x0000000094200000| Untracked 
| 159|0x0000000094300000, 0x0000000094300000, 0x0000000094400000|  0%| F|  |TAMS 0x0000000094300000, 0x0000000094300000| Untracked 
| 160|0x0000000094400000, 0x0000000094400000, 0x0000000094500000|  0%| F|  |TAMS 0x0000000094400000, 0x0000000094400000| Untracked 
| 161|0x0000000094500000, 0x0000000094500000, 0x0000000094600000|  0%| F|  |TAMS 0x0000000094500000, 0x0000000094500000| Untracked 
| 162|0x0000000094600000, 0x0000000094600000, 0x0000000094700000|  0%| F|  |TAMS 0x0000000094600000, 0x0000000094600000| Untracked 
| 163|0x0000000094700000, 0x0000000094700000, 0x0000000094800000|  0%| F|  |TAMS 0x0000000094700000, 0x0000000094700000| Untracked 
| 164|0x0000000094800000, 0x0000000094800000, 0x0000000094900000|  0%| F|  |TAMS 0x0000000094800000, 0x0000000094800000| Untracked 
| 165|0x0000000094900000, 0x0000000094900000, 0x0000000094a00000|  0%| F|  |TAMS 0x0000000094900000, 0x0000000094900000| Untracked 
| 166|0x0000000094a00000, 0x0000000094a00000, 0x0000000094b00000|  0%| F|  |TAMS 0x0000000094a00000, 0x0000000094a00000| Untracked 
| 167|0x0000000094b00000, 0x0000000094b00000, 0x0000000094c00000|  0%| F|  |TAMS 0x0000000094b00000, 0x0000000094b00000| Untracked 
| 168|0x0000000094c00000, 0x0000000094c00000, 0x0000000094d00000|  0%| F|  |TAMS 0x0000000094c00000, 0x0000000094c00000| Untracked 
| 169|0x0000000094d00000, 0x0000000094d00000, 0x0000000094e00000|  0%| F|  |TAMS 0x0000000094d00000, 0x0000000094d00000| Untracked 
| 170|0x0000000094e00000, 0x0000000094e00000, 0x0000000094f00000|  0%| F|  |TAMS 0x0000000094e00000, 0x0000000094e00000| Untracked 
| 171|0x0000000094f00000, 0x0000000094f00000, 0x0000000095000000|  0%| F|  |TAMS 0x0000000094f00000, 0x0000000094f00000| Untracked 
| 172|0x0000000095000000, 0x0000000095000000, 0x0000000095100000|  0%| F|  |TAMS 0x0000000095000000, 0x0000000095000000| Untracked 
| 173|0x0000000095100000, 0x0000000095100000, 0x0000000095200000|  0%| F|  |TAMS 0x0000000095100000, 0x0000000095100000| Untracked 
| 174|0x0000000095200000, 0x0000000095200000, 0x0000000095300000|  0%| F|  |TAMS 0x0000000095200000, 0x0000000095200000| Untracked 
| 175|0x0000000095300000, 0x0000000095300000, 0x0000000095400000|  0%| F|  |TAMS 0x0000000095300000, 0x0000000095300000| Untracked 
| 176|0x0000000095400000, 0x0000000095400000, 0x0000000095500000|  0%| F|  |TAMS 0x0000000095400000, 0x0000000095400000| Untracked 
| 177|0x0000000095500000, 0x0000000095500000, 0x0000000095600000|  0%| F|  |TAMS 0x0000000095500000, 0x0000000095500000| Untracked 
| 178|0x0000000095600000, 0x0000000095600000, 0x0000000095700000|  0%| F|  |TAMS 0x0000000095600000, 0x0000000095600000| Untracked 
| 179|0x0000000095700000, 0x0000000095700000, 0x0000000095800000|  0%| F|  |TAMS 0x0000000095700000, 0x0000000095700000| Untracked 
| 180|0x0000000095800000, 0x0000000095800000, 0x0000000095900000|  0%| F|  |TAMS 0x0000000095800000, 0x0000000095800000| Untracked 
| 181|0x0000000095900000, 0x0000000095900000, 0x0000000095a00000|  0%| F|  |TAMS 0x0000000095900000, 0x0000000095900000| Untracked 
| 182|0x0000000095a00000, 0x0000000095a00000, 0x0000000095b00000|  0%| F|  |TAMS 0x0000000095a00000, 0x0000000095a00000| Untracked 
| 183|0x0000000095b00000, 0x0000000095b00000, 0x0000000095c00000|  0%| F|  |TAMS 0x0000000095b00000, 0x0000000095b00000| Untracked 
| 184|0x0000000095c00000, 0x0000000095c00000, 0x0000000095d00000|  0%| F|  |TAMS 0x0000000095c00000, 0x0000000095c00000| Untracked 
| 185|0x0000000095d00000, 0x0000000095d00000, 0x0000000095e00000|  0%| F|  |TAMS 0x0000000095d00000, 0x0000000095d00000| Untracked 
| 186|0x0000000095e00000, 0x0000000095e00000, 0x0000000095f00000|  0%| F|  |TAMS 0x0000000095e00000, 0x0000000095e00000| Untracked 
| 187|0x0000000095f00000, 0x0000000095f00000, 0x0000000096000000|  0%| F|  |TAMS 0x0000000095f00000, 0x0000000095f00000| Untracked 
| 188|0x0000000096000000, 0x0000000096000000, 0x0000000096100000|  0%| F|  |TAMS 0x0000000096000000, 0x0000000096000000| Untracked 
| 189|0x0000000096100000, 0x0000000096100000, 0x0000000096200000|  0%| F|  |TAMS 0x0000000096100000, 0x0000000096100000| Untracked 
| 190|0x0000000096200000, 0x0000000096200000, 0x0000000096300000|  0%| F|  |TAMS 0x0000000096200000, 0x0000000096200000| Untracked 
| 191|0x0000000096300000, 0x0000000096300000, 0x0000000096400000|  0%| F|  |TAMS 0x0000000096300000, 0x0000000096300000| Untracked 
| 192|0x0000000096400000, 0x0000000096400000, 0x0000000096500000|  0%| F|  |TAMS 0x0000000096400000, 0x0000000096400000| Untracked 
| 193|0x0000000096500000, 0x0000000096500000, 0x0000000096600000|  0%| F|  |TAMS 0x0000000096500000, 0x0000000096500000| Untracked 
| 194|0x0000000096600000, 0x0000000096600000, 0x0000000096700000|  0%| F|  |TAMS 0x0000000096600000, 0x0000000096600000| Untracked 
| 195|0x0000000096700000, 0x0000000096700000, 0x0000000096800000|  0%| F|  |TAMS 0x0000000096700000, 0x0000000096700000| Untracked 
| 196|0x0000000096800000, 0x0000000096800000, 0x0000000096900000|  0%| F|  |TAMS 0x0000000096800000, 0x0000000096800000| Untracked 
| 197|0x0000000096900000, 0x0000000096900000, 0x0000000096a00000|  0%| F|  |TAMS 0x0000000096900000, 0x0000000096900000| Untracked 
| 198|0x0000000096a00000, 0x0000000096a00000, 0x0000000096b00000|  0%| F|  |TAMS 0x0000000096a00000, 0x0000000096a00000| Untracked 
| 199|0x0000000096b00000, 0x0000000096b00000, 0x0000000096c00000|  0%| F|  |TAMS 0x0000000096b00000, 0x0000000096b00000| Untracked 
| 200|0x0000000096c00000, 0x0000000096c00000, 0x0000000096d00000|  0%| F|  |TAMS 0x0000000096c00000, 0x0000000096c00000| Untracked 
| 201|0x0000000096d00000, 0x0000000096d00000, 0x0000000096e00000|  0%| F|  |TAMS 0x0000000096d00000, 0x0000000096d00000| Untracked 
| 202|0x0000000096e00000, 0x0000000096e00000, 0x0000000096f00000|  0%| F|  |TAMS 0x0000000096e00000, 0x0000000096e00000| Untracked 
| 203|0x0000000096f00000, 0x0000000096f00000, 0x0000000097000000|  0%| F|  |TAMS 0x0000000096f00000, 0x0000000096f00000| Untracked 
| 204|0x0000000097000000, 0x0000000097000000, 0x0000000097100000|  0%| F|  |TAMS 0x0000000097000000, 0x0000000097000000| Untracked 
| 205|0x0000000097100000, 0x0000000097100000, 0x0000000097200000|  0%| F|  |TAMS 0x0000000097100000, 0x0000000097100000| Untracked 
| 206|0x0000000097200000, 0x0000000097200000, 0x0000000097300000|  0%| F|  |TAMS 0x0000000097200000, 0x0000000097200000| Untracked 
| 207|0x0000000097300000, 0x0000000097300000, 0x0000000097400000|  0%| F|  |TAMS 0x0000000097300000, 0x0000000097300000| Untracked 
| 208|0x0000000097400000, 0x0000000097400000, 0x0000000097500000|  0%| F|  |TAMS 0x0000000097400000, 0x0000000097400000| Untracked 
| 209|0x0000000097500000, 0x0000000097500000, 0x0000000097600000|  0%| F|  |TAMS 0x0000000097500000, 0x0000000097500000| Untracked 
| 210|0x0000000097600000, 0x0000000097600000, 0x0000000097700000|  0%| F|  |TAMS 0x0000000097600000, 0x0000000097600000| Untracked 
| 211|0x0000000097700000, 0x0000000097700000, 0x0000000097800000|  0%| F|  |TAMS 0x0000000097700000, 0x0000000097700000| Untracked 
| 212|0x0000000097800000, 0x0000000097800000, 0x0000000097900000|  0%| F|  |TAMS 0x0000000097800000, 0x0000000097800000| Untracked 
| 213|0x0000000097900000, 0x0000000097900000, 0x0000000097a00000|  0%| F|  |TAMS 0x0000000097900000, 0x0000000097900000| Untracked 
| 214|0x0000000097a00000, 0x0000000097a00000, 0x0000000097b00000|  0%| F|  |TAMS 0x0000000097a00000, 0x0000000097a00000| Untracked 
| 215|0x0000000097b00000, 0x0000000097b00000, 0x0000000097c00000|  0%| F|  |TAMS 0x0000000097b00000, 0x0000000097b00000| Untracked 
| 216|0x0000000097c00000, 0x0000000097c80000, 0x0000000097d00000| 50%| S|CS|TAMS 0x0000000097c00000, 0x0000000097c00000| Complete 
| 217|0x0000000097d00000, 0x0000000097e00000, 0x0000000097e00000|100%| S|CS|TAMS 0x0000000097d00000, 0x0000000097d00000| Complete 
| 218|0x0000000097e00000, 0x0000000097e00000, 0x0000000097f00000|  0%| F|  |TAMS 0x0000000097e00000, 0x0000000097e00000| Untracked 
| 219|0x0000000097f00000, 0x0000000097f00000, 0x0000000098000000|  0%| F|  |TAMS 0x0000000097f00000, 0x0000000097f00000| Untracked 
| 220|0x0000000098000000, 0x0000000098000000, 0x0000000098100000|  0%| F|  |TAMS 0x0000000098000000, 0x0000000098000000| Untracked 
| 221|0x0000000098100000, 0x0000000098100000, 0x0000000098200000|  0%| F|  |TAMS 0x0000000098100000, 0x0000000098100000| Untracked 
| 222|0x0000000098200000, 0x0000000098200000, 0x0000000098300000|  0%| F|  |TAMS 0x0000000098200000, 0x0000000098200000| Untracked 
| 223|0x0000000098300000, 0x0000000098300000, 0x0000000098400000|  0%| F|  |TAMS 0x0000000098300000, 0x0000000098300000| Untracked 
| 224|0x0000000098400000, 0x0000000098400000, 0x0000000098500000|  0%| F|  |TAMS 0x0000000098400000, 0x0000000098400000| Untracked 
|1882|0x00000000ffe00000, 0x00000000ffe47000, 0x00000000fff00000| 27%|OA|  |TAMS 0x00000000ffe47000, 0x00000000ffe00000| Untracked 
|1883|0x00000000fff00000, 0x00000000fff6a000, 0x0000000100000000| 41%|CA|  |TAMS 0x00000000fff6a000, 0x00000000fff00000| Untracked 

Card table byte_map: [0x00007f8ca2f63000,0x00007f8ca3311000] _byte_map_base: 0x00007f8ca2b11000

Marking Bits (Prev, Next): (CMBitMap*) 0x00007f8cbc058ce0, (CMBitMap*) 0x00007f8cbc058ca8
 Prev Bits: [0x00007f8c9a290000, 0x00007f8c9c000000)
 Next Bits: [0x00007f8ca0e45000, 0x00007f8ca2bb5000)

Polling page: 0x00007f8cc312d000

Metaspace:

Usage:
  Non-class:     50.49 MB capacity,    49.43 MB ( 98%) used,   882.53 KB (  2%) free+waste,   201.94 KB ( <1%) overhead. 
      Class:      8.44 MB capacity,     7.78 MB ( 92%) used,   572.04 KB (  7%) free+waste,    98.62 KB (  1%) overhead. 
       Both:     58.93 MB capacity,    57.21 MB ( 97%) used,     1.42 MB (  2%) free+waste,   300.56 KB ( <1%) overhead. 

Virtual space:
  Non-class space:       52.00 MB reserved,      50.67 MB ( 97%) committed 
      Class space:        1.00 GB reserved,       8.48 MB ( <1%) committed 
             Both:        1.05 GB reserved,      59.15 MB (  5%) committed 

Chunk freelists:
   Non-Class:  126.00 KB
       Class:  2.00 KB
        Both:  128.00 KB

MaxMetaspaceSize: unlimited
CompressedClassSpaceSize: 1.00 GB

CodeHeap 'non-profiled nmethods': size=239512Kb used=9662Kb max_used=9662Kb free=229849Kb
 bounds [0x00007f8ca40af000, 0x00007f8ca4a1f000, 0x00007f8cb2a95000]
CodeHeap 'non-nmethods': size=6248Kb used=1269Kb max_used=1269Kb free=4978Kb
 bounds [0x00007f8ca3a95000, 0x00007f8ca3d05000, 0x00007f8ca40af000]
 total_blobs=6460 nmethods=5763 adapters=594
 compilation: enabled
              stopped_count=0, restarted_count=0
 full_count=0

Compilation events (20 events):
Event: 58.620 Thread 0x00007f8cbc114800 5842       1       jdk.internal.loader.BuiltinClassLoader::getAndVerifyPackage (109 bytes)
Event: 58.622 Thread 0x00007f8cbc114800 nmethod 5842 0x00007f8ca4a16610 code [0x00007f8ca4a168e0, 0x00007f8ca4a17388]
Event: 58.710 Thread 0x00007f8cbc114800 5843   !   1       java.util.concurrent.ConcurrentHashMap::computeIfAbsent (576 bytes)
Event: 58.740 Thread 0x00007f8cbc114800 nmethod 5843 0x00007f8ca4a17910 code [0x00007f8ca4a17c20, 0x00007f8ca4a19228]
Event: 61.042 Thread 0x00007f8cbc114800 5844       1       java.util.EventObject::<init> (24 bytes)
Event: 61.169 Thread 0x00007f8cbc114800 nmethod 5844 0x00007f8ca4a19d10 code [0x00007f8ca4a19ee0, 0x00007f8ca4a1a148]
Event: 61.399 Thread 0x00007f8cbc114800 5846       1       sun.security.provider.HashDrbg::addBytes (130 bytes)
Event: 61.401 Thread 0x00007f8cbc114800 nmethod 5846 0x00007f8ca4a1a210 code [0x00007f8ca4a1a3c0, 0x00007f8ca4a1a5d0]
Event: 70.927 Thread 0x00007f8cbc114800 5847       1       java.io.BufferedReader::readLine (6 bytes)
Event: 71.072 Thread 0x00007f8cbc114800 nmethod 5847 0x00007f8ca4a1a790 code [0x00007f8ca4a1a940, 0x00007f8ca4a1aaa8]
Event: 71.094 Thread 0x00007f8cbc114800 5848       1       sun.nio.cs.UTF_8$Decoder::isMalformed3 (45 bytes)
Event: 71.095 Thread 0x00007f8cbc114800 nmethod 5848 0x00007f8ca4a1ab10 code [0x00007f8ca4a1acc0, 0x00007f8ca4a1ae10]
Event: 71.095 Thread 0x00007f8cbc114800 5849       1       java.lang.StringUTF16::newBytesFor (61 bytes)
Event: 71.364 Thread 0x00007f8cbc114800 nmethod 5849 0x00007f8ca4a1ae90 code [0x00007f8ca4a1b0c0, 0x00007f8ca4a1b668]
Event: 71.367 Thread 0x00007f8cbc114800 5850       1       org.apache.catalina.LifecycleEvent::getType (5 bytes)
Event: 71.367 Thread 0x00007f8cbc114800 nmethod 5850 0x00007f8ca4a1b910 code [0x00007f8ca4a1bac0, 0x00007f8ca4a1bbf0]
Event: 71.940 Thread 0x00007f8cbc114800 5851 % !   1       java.util.concurrent.ConcurrentHashMap::transfer @ 96 (828 bytes)
Event: 72.216 Thread 0x00007f8cbc114800 nmethod 5851% 0x00007f8ca4a1bc90 code [0x00007f8ca4a1bf40, 0x00007f8ca4a1db28]
Event: 72.837 Thread 0x00007f8cbc114800 5852       1       java.lang.StringUTF16::hashCode (33 bytes)
Event: 73.390 Thread 0x00007f8cbc114800 nmethod 5852 0x00007f8ca4a1e790 code [0x00007f8ca4a1e940, 0x00007f8ca4a1ea70]

GC Heap History (20 events):
Event: 1.673 GC heap after
{Heap after GC invocations=3 (full 0):
 garbage-first heap   total 122880K, used 11631K [0x000000008a400000, 0x0000000100000000)
  region size 1024K, 2 young (2048K), 2 survivors (2048K)
 Metaspace       used 5695K, capacity 5989K, committed 6272K, reserved 1056768K
  class space    used 722K, capacity 835K, committed 896K, reserved 1048576K
}
Event: 2.010 GC heap before
{Heap before GC invocations=3 (full 0):
 garbage-first heap   total 122880K, used 22895K [0x000000008a400000, 0x0000000100000000)
  region size 1024K, 13 young (13312K), 2 survivors (2048K)
 Metaspace       used 6884K, capacity 7237K, committed 7424K, reserved 1056768K
  class space    used 874K, capacity 1020K, committed 1024K, reserved 1048576K
}
Event: 2.030 GC heap after
{Heap after GC invocations=4 (full 0):
 garbage-first heap   total 122880K, used 12197K [0x000000008a400000, 0x0000000100000000)
  region size 1024K, 1 young (1024K), 1 survivors (1024K)
 Metaspace       used 6884K, capacity 7237K, committed 7424K, reserved 1056768K
  class space    used 874K, capacity 1020K, committed 1024K, reserved 1048576K
}
Event: 2.369 GC heap before
{Heap before GC invocations=4 (full 0):
 garbage-first heap   total 122880K, used 30629K [0x000000008a400000, 0x0000000100000000)
  region size 1024K, 19 young (19456K), 1 survivors (1024K)
 Metaspace       used 9347K, capacity 9766K, committed 10112K, reserved 1058816K
  class space    used 1193K, capacity 1360K, committed 1408K, reserved 1048576K
}
Event: 2.377 GC heap after
{Heap after GC invocations=5 (full 0):
 garbage-first heap   total 171008K, used 12794K [0x000000008a400000, 0x0000000100000000)
  region size 1024K, 2 young (2048K), 2 survivors (2048K)
 Metaspace       used 9347K, capacity 9766K, committed 10112K, reserved 1058816K
  class space    used 1193K, capacity 1360K, committed 1408K, reserved 1048576K
}
Event: 2.972 GC heap before
{Heap before GC invocations=5 (full 0):
 garbage-first heap   total 171008K, used 47610K [0x000000008a400000, 0x0000000100000000)
  region size 1024K, 36 young (36864K), 2 survivors (2048K)
 Metaspace       used 13191K, capacity 13717K, committed 13952K, reserved 1060864K
  class space    used 1845K, capacity 2058K, committed 2176K, reserved 1048576K
}
Event: 2.985 GC heap after
{Heap after GC invocations=6 (full 0):
 garbage-first heap   total 171008K, used 13992K [0x000000008a400000, 0x0000000100000000)
  region size 1024K, 3 young (3072K), 3 survivors (3072K)
 Metaspace       used 13191K, capacity 13717K, committed 13952K, reserved 1060864K
  class space    used 1845K, capacity 2058K, committed 2176K, reserved 1048576K
}
Event: 4.359 GC heap before
{Heap before GC invocations=6 (full 0):
 garbage-first heap   total 171008K, used 112296K [0x000000008a400000, 0x0000000100000000)
  region size 1024K, 100 young (102400K), 3 survivors (3072K)
 Metaspace       used 18696K, capacity 19559K, committed 19840K, reserved 1067008K
  class space    used 2572K, capacity 2930K, committed 2944K, reserved 1048576K
}
Event: 4.401 GC heap after
{Heap after GC invocations=7 (full 0):
 garbage-first heap   total 171008K, used 17334K [0x000000008a400000, 0x0000000100000000)
  region size 1024K, 6 young (6144K), 6 survivors (6144K)
 Metaspace       used 18696K, capacity 19559K, committed 19840K, reserved 1067008K
  class space    used 2572K, capacity 2930K, committed 2944K, reserved 1048576K
}
Event: 5.741 GC heap before
{Heap before GC invocations=7 (full 0):
 garbage-first heap   total 171008K, used 57270K [0x000000008a400000, 0x0000000100000000)
  region size 1024K, 47 young (48128K), 6 survivors (6144K)
 Metaspace       used 20311K, capacity 21142K, committed 21296K, reserved 1067008K
  class space    used 2777K, capacity 3137K, committed 3200K, reserved 1048576K
}
Event: 5.765 GC heap after
{Heap after GC invocations=8 (full 0):
 garbage-first heap   total 171008K, used 17678K [0x000000008a400000, 0x0000000100000000)
  region size 1024K, 6 young (6144K), 6 survivors (6144K)
 Metaspace       used 20311K, capacity 21142K, committed 21296K, reserved 1067008K
  class space    used 2777K, capacity 3137K, committed 3200K, reserved 1048576K
}
Event: 8.246 GC heap before
{Heap before GC invocations=9 (full 0):
 garbage-first heap   total 171008K, used 113934K [0x000000008a400000, 0x0000000100000000)
  region size 1024K, 100 young (102400K), 6 survivors (6144K)
 Metaspace       used 28495K, capacity 29714K, committed 30000K, reserved 1075200K
  class space    used 3877K, capacity 4358K, committed 4480K, reserved 1048576K
}
Event: 8.317 GC heap after
{Heap after GC invocations=10 (full 0):
 garbage-first heap   total 232448K, used 21908K [0x000000008a400000, 0x0000000100000000)
  region size 1024K, 10 young (10240K), 10 survivors (10240K)
 Metaspace       used 28495K, capacity 29714K, committed 30000K, reserved 1075200K
  class space    used 3877K, capacity 4358K, committed 4480K, reserved 1048576K
}
Event: 9.927 GC heap before
{Heap before GC invocations=10 (full 0):
 garbage-first heap   total 232448K, used 108948K [0x000000008a400000, 0x0000000100000000)
  region size 1024K, 97 young (99328K), 10 survivors (10240K)
 Metaspace       used 34498K, capacity 35711K, committed 35888K, reserved 1079296K
  class space    used 4705K, capacity 5205K, committed 5248K, reserved 1048576K
}
Event: 9.972 GC heap after
{Heap after GC invocations=11 (full 0):
 garbage-first heap   total 232448K, used 23330K [0x000000008a400000, 0x0000000100000000)
  region size 1024K, 11 young (11264K), 11 survivors (11264K)
 Metaspace       used 34498K, capacity 35711K, committed 35888K, reserved 1079296K
  class space    used 4705K, capacity 5205K, committed 5248K, reserved 1048576K
}
Event: 44.812 GC heap before
{Heap before GC invocations=12 (full 0):
 garbage-first heap   total 232448K, used 151330K [0x000000008a400000, 0x0000000100000000)
  region size 1024K, 136 young (139264K), 11 survivors (11264K)
 Metaspace       used 52331K, capacity 53829K, committed 54044K, reserved 1095680K
  class space    used 7135K, capacity 7709K, committed 7788K, reserved 1048576K
}
Event: 45.042 GC heap after
{Heap after GC invocations=13 (full 0):
 garbage-first heap   total 232448K, used 32880K [0x000000008a400000, 0x0000000100000000)
  region size 1024K, 17 young (17408K), 17 survivors (17408K)
 Metaspace       used 52331K, capacity 53829K, committed 54044K, reserved 1095680K
  class space    used 7135K, capacity 7709K, committed 7788K, reserved 1048576K
}
Event: 61.466 GC heap before
{Heap before GC invocations=13 (full 0):
 garbage-first heap   total 232448K, used 102512K [0x000000008a400000, 0x0000000100000000)
  region size 1024K, 86 young (88064K), 17 survivors (17408K)
 Metaspace       used 58319K, capacity 60020K, committed 60316K, reserved 1101824K
  class space    used 7902K, capacity 8574K, committed 8684K, reserved 1048576K
}
Event: 62.083 GC heap after
{Heap after GC invocations=14 (full 0):
 garbage-first heap   total 232448K, used 36299K [0x000000008a400000, 0x0000000100000000)
  region size 1024K, 4 young (4096K), 4 survivors (4096K)
 Metaspace       used 58319K, capacity 60020K, committed 60316K, reserved 1101824K
  class space    used 7902K, capacity 8574K, committed 8684K, reserved 1048576K
}
Event: 74.688 GC heap before
{Heap before GC invocations=15 (full 0):
 garbage-first heap   total 232448K, used 43467K [0x000000008a400000, 0x0000000100000000)
  region size 1024K, 11 young (11264K), 4 survivors (4096K)
 Metaspace       used 58584K, capacity 60340K, committed 60572K, reserved 1101824K
  class space    used 7967K, capacity 8638K, committed 8684K, reserved 1048576K
}

Deoptimization events (8 events):
Event: 5.815 Thread 0x00007f8cbc019800 DEOPT PACKING pc=0x00007f8ca44f08cc sp=0x00007f8cc3113bb0
Event: 5.815 Thread 0x00007f8cbc019800 DEOPT UNPACKING pc=0x00007f8ca3abcc2b sp=0x00007f8cc31130c0 mode 0
Event: 6.695 Thread 0x00007f8cbc019800 DEOPT PACKING pc=0x00007f8ca43c7f94 sp=0x00007f8cc31131f0
Event: 6.695 Thread 0x00007f8cbc019800 DEOPT UNPACKING pc=0x00007f8ca3abcc2b sp=0x00007f8cc3112778 mode 0
Event: 54.166 Thread 0x00007f8cbc019800 DEOPT PACKING pc=0x00007f8ca42411bc sp=0x00007f8cc310e270
Event: 54.179 Thread 0x00007f8cbc019800 DEOPT UNPACKING pc=0x00007f8ca3abcc2b sp=0x00007f8cc310d7a8 mode 0
Event: 71.906 Thread 0x00007f8cbc019800 DEOPT PACKING pc=0x00007f8ca437f79d sp=0x00007f8cc3110fd0
Event: 71.921 Thread 0x00007f8cbc019800 DEOPT UNPACKING pc=0x00007f8ca3abcc2b sp=0x00007f8cc31104f8 mode 3

Classes redefined (0 events):
No events

Internal exceptions (20 events):
Event: 44.706 Thread 0x00007f8cbc019800 Exception <a 'java/lang/NoSuchMethodError'{0x000000008fd48d80}: 'int java.lang.invoke.DirectMethodHandle$Holder.invokeVirtual(java.lang.Object, java.lang.Object, java.lang.Object)'> (0x000000008fd48d80) thrown at [/build/openjdk-lts-iuKaMP/openjdk-lts-11.
Event: 44.750 Thread 0x00007f8cbc019800 Exception <a 'java/lang/ClassNotFoundException'{0x000000008fdc1cb0}: java/lang/ObjectCustomizer> (0x000000008fdc1cb0) thrown at [/build/openjdk-lts-iuKaMP/openjdk-lts-11.0.6+10/src/hotspot/share/classfile/systemDictionary.cpp, line 231]
Event: 44.757 Thread 0x00007f8cbc019800 Exception <a 'java/lang/ClassNotFoundException'{0x000000008fdde0c0}: com/bridgelabz/fundoonotes/Model/NoteCustomizer> (0x000000008fdde0c0) thrown at [/build/openjdk-lts-iuKaMP/openjdk-lts-11.0.6+10/src/hotspot/share/classfile/systemDictionary.cpp, line 23
Event: 45.581 Thread 0x00007f8cbc019800 Exception <a 'java/lang/ClassNotFoundException'{0x000000009847f1d0}: java/lang/ObjectCustomizer> (0x000000009847f1d0) thrown at [/build/openjdk-lts-iuKaMP/openjdk-lts-11.0.6+10/src/hotspot/share/classfile/systemDictionary.cpp, line 231]
Event: 45.598 Thread 0x00007f8cbc019800 Exception <a 'java/lang/ClassNotFoundException'{0x000000009849cc10}: com/bridgelabz/fundoonotes/Model/UserDemoCustomizer> (0x000000009849cc10) thrown at [/build/openjdk-lts-iuKaMP/openjdk-lts-11.0.6+10/src/hotspot/share/classfile/systemDictionary.cpp, lin
Event: 46.585 Thread 0x00007f8cbc019800 Exception <a 'java/lang/ClassNotFoundException'{0x0000000098349670}: java/lang/ObjectCustomizer> (0x0000000098349670) thrown at [/build/openjdk-lts-iuKaMP/openjdk-lts-11.0.6+10/src/hotspot/share/classfile/systemDictionary.cpp, line 231]
Event: 46.614 Thread 0x00007f8cbc019800 Exception <a 'java/lang/ClassNotFoundException'{0x0000000098365a80}: com/bridgelabz/fundoonotes/Model/LabelCustomizer> (0x0000000098365a80) thrown at [/build/openjdk-lts-iuKaMP/openjdk-lts-11.0.6+10/src/hotspot/share/classfile/systemDictionary.cpp, line 2
Event: 46.752 Thread 0x00007f8cbc019800 Exception <a 'java/lang/IncompatibleClassChangeError'{0x0000000098273ef8}: Found class java.lang.Object, but interface was expected> (0x0000000098273ef8) thrown at [/build/openjdk-lts-iuKaMP/openjdk-lts-11.0.6+10/src/hotspot/share/interpreter/linkResolver
Event: 47.638 Thread 0x00007f8cbc019800 Exception <a 'java/lang/reflect/InvocationTargetException'{0x0000000097dc54d8}> (0x0000000097dc54d8) thrown at [/build/openjdk-lts-iuKaMP/openjdk-lts-11.0.6+10/src/hotspot/share/runtime/reflection.cpp, line 1247]
Event: 47.771 Thread 0x00007f8cbc019800 Exception <a 'java/lang/NoSuchMethodError'{0x0000000097c62d40}: 'java.lang.Object java.lang.invoke.Invokers$Holder.linkToTargetMethod(java.lang.Object, int, java.lang.Object)'> (0x0000000097c62d40) thrown at [/build/openjdk-lts-iuKaMP/openjdk-lts-11.0.6+1
Event: 47.803 Thread 0x00007f8cbc019800 Exception <a 'java/lang/IncompatibleClassChangeError'{0x0000000097c963e0}: Found class java.lang.Object, but interface was expected> (0x0000000097c963e0) thrown at [/build/openjdk-lts-iuKaMP/openjdk-lts-11.0.6+10/src/hotspot/share/interpreter/linkResolver
Event: 48.540 Thread 0x00007f8cbc019800 Exception <a 'java/lang/reflect/InvocationTargetException'{0x0000000097841dd0}> (0x0000000097841dd0) thrown at [/build/openjdk-lts-iuKaMP/openjdk-lts-11.0.6+10/src/hotspot/share/runtime/reflection.cpp, line 1247]
Event: 48.627 Thread 0x00007f8cbc019800 Exception <a 'java/lang/reflect/InvocationTargetException'{0x0000000097607008}> (0x0000000097607008) thrown at [/build/openjdk-lts-iuKaMP/openjdk-lts-11.0.6+10/src/hotspot/share/runtime/reflection.cpp, line 1247]
Event: 48.870 Thread 0x00007f8cbc019800 Exception <a 'java/lang/reflect/InvocationTargetException'{0x0000000097064d30}> (0x0000000097064d30) thrown at [/build/openjdk-lts-iuKaMP/openjdk-lts-11.0.6+10/src/hotspot/share/runtime/reflection.cpp, line 1247]
Event: 48.879 Thread 0x00007f8cbc019800 Exception <a 'java/lang/reflect/InvocationTargetException'{0x00000000970705c8}> (0x00000000970705c8) thrown at [/build/openjdk-lts-iuKaMP/openjdk-lts-11.0.6+10/src/hotspot/share/runtime/reflection.cpp, line 1247]
Event: 48.881 Thread 0x00007f8cbc019800 Exception <a 'java/lang/reflect/InvocationTargetException'{0x0000000097079980}> (0x0000000097079980) thrown at [/build/openjdk-lts-iuKaMP/openjdk-lts-11.0.6+10/src/hotspot/share/runtime/reflection.cpp, line 1247]
Event: 49.650 Thread 0x00007f8cbc019800 Exception <a 'java/lang/reflect/InvocationTargetException'{0x00000000970a3350}> (0x00000000970a3350) thrown at [/build/openjdk-lts-iuKaMP/openjdk-lts-11.0.6+10/src/hotspot/share/runtime/reflection.cpp, line 1247]
Event: 49.833 Thread 0x00007f8cbc019800 Exception <a 'java/lang/reflect/InvocationTargetException'{0x0000000096fec688}> (0x0000000096fec688) thrown at [/build/openjdk-lts-iuKaMP/openjdk-lts-11.0.6+10/src/hotspot/share/runtime/reflection.cpp, line 1247]
Event: 53.657 Thread 0x00007f8cbc019800 Exception <a 'java/lang/ClassNotFoundException'{0x0000000095cee4b0}: java/lang/ObjectCustomizer> (0x0000000095cee4b0) thrown at [/build/openjdk-lts-iuKaMP/openjdk-lts-11.0.6+10/src/hotspot/share/classfile/systemDictionary.cpp, line 231]
Event: 53.667 Thread 0x00007f8cbc019800 Exception <a 'java/lang/ClassNotFoundException'{0x0000000095b0b8d0}: com/bridgelabz/fundoonotes/Model/ProfileCustomizer> (0x0000000095b0b8d0) thrown at [/build/openjdk-lts-iuKaMP/openjdk-lts-11.0.6+10/src/hotspot/share/classfile/systemDictionary.cpp, line

Events (20 events):
Event: 73.335 loading class org/apache/http/impl/client/InternalHttpClient done
Event: 73.345 loading class org/apache/http/client/methods/Configurable
Event: 73.345 loading class org/apache/http/client/methods/Configurable done
Event: 73.346 loading class org/apache/http/impl/client/CloseableHttpClient
Event: 73.346 loading class org/apache/http/impl/client/CloseableHttpClient done
Event: 73.355 loading class org/apache/http/client/config/RequestConfig
Event: 73.355 loading class org/apache/http/client/config/RequestConfig done
Event: 73.461 loading class com/amazonaws/http/IdleConnectionReaper
Event: 73.461 loading class com/amazonaws/http/IdleConnectionReaper done
Event: 73.842 Thread 0x00007f8cbda10800 Thread added: 0x00007f8cbda10800
Event: 73.851 Protecting memory [0x00007f8c624ce000,0x00007f8c624d2000] with protection modes 0
Event: 73.901 loading class com/amazonaws/SdkClientException
Event: 73.901 loading class com/amazonaws/SdkClientException done
Event: 74.578 loading class com/amazonaws/AmazonClientException
Event: 74.578 loading class com/amazonaws/AmazonClientException done
Event: 74.583 loading class com/amazonaws/SdkBaseException
Event: 74.583 loading class com/amazonaws/SdkBaseException done
Event: 74.678 loading class com/amazonaws/auth/profile/ProfilesConfigFile
Event: 74.678 loading class com/amazonaws/auth/profile/ProfilesConfigFile done
Event: 74.683 Executing VM operation: G1CollectForAllocation


Dynamic libraries:
8a400000-98500000 rw-p 00000000 00:00 0 
a0900000-ffe00000 ---p 00000000 00:00 0 
ffe00000-ffe47000 rw-p 01105000 b3:02 2097936                            /usr/lib/jvm/java-11-openjdk-amd64/lib/server/classes.jsa
ffe47000-fff00000 rw-p 00000000 00:00 0 
fff00000-fff6a000 rw-p 0109b000 b3:02 2097936                            /usr/lib/jvm/java-11-openjdk-amd64/lib/server/classes.jsa
fff6a000-100000000 rw-p 00000000 00:00 0 
800000000-800002000 rwxp 00001000 b3:02 2097936                          /usr/lib/jvm/java-11-openjdk-amd64/lib/server/classes.jsa
800002000-8003b8000 rw-p 00003000 b3:02 2097936                          /usr/lib/jvm/java-11-openjdk-amd64/lib/server/classes.jsa
8003b8000-800a8d000 r--p 003b9000 b3:02 2097936                          /usr/lib/jvm/java-11-openjdk-amd64/lib/server/classes.jsa
800a8d000-800a8e000 rw-p 00a8e000 b3:02 2097936                          /usr/lib/jvm/java-11-openjdk-amd64/lib/server/classes.jsa
800a8e000-80109a000 r--p 00a8f000 b3:02 2097936                          /usr/lib/jvm/java-11-openjdk-amd64/lib/server/classes.jsa
840000000-84087b000 rw-p 00000000 00:00 0 
84087b000-880000000 ---p 00000000 00:00 0 
5574fb76d000-5574fb76e000 r-xp 00000000 b3:02 2097933                    /usr/lib/jvm/java-11-openjdk-amd64/bin/java
5574fb96e000-5574fb96f000 r--p 00001000 b3:02 2097933                    /usr/lib/jvm/java-11-openjdk-amd64/bin/java
5574fb96f000-5574fb970000 rw-p 00002000 b3:02 2097933                    /usr/lib/jvm/java-11-openjdk-amd64/bin/java
5574fd128000-5574fd16a000 rw-p 00000000 00:00 0                          [heap]
7f8c5c000000-7f8c5c025000 rw-p 00000000 00:00 0 
7f8c5c025000-7f8c60000000 ---p 00000000 00:00 0 
7f8c624ce000-7f8c624d2000 ---p 00000000 00:00 0 
7f8c624d2000-7f8c6268f000 rw-p 00000000 00:00 0 
7f8c6268f000-7f8c627cf000 ---p 00000000 00:00 0 
7f8c627cf000-7f8c629cf000 rw-p 00000000 00:00 0 
7f8c629cf000-7f8c62bcf000 rw-p 00000000 00:00 0 
7f8c62bcf000-7f8c62dcf000 rw-p 00000000 00:00 0 
7f8c62dcf000-7f8c62fcf000 rw-p 00000000 00:00 0 
7f8c62fcf000-7f8c631cf000 rw-p 00000000 00:00 0 
7f8c631cf000-7f8c633cf000 rw-p 00000000 00:00 0 
7f8c633cf000-7f8c633d3000 ---p 00000000 00:00 0 
7f8c633d3000-7f8c634d0000 rw-p 00000000 00:00 0 
7f8c634d0000-7f8c634d4000 ---p 00000000 00:00 0 
7f8c634d4000-7f8c637d1000 rw-p 00000000 00:00 0 
7f8c637d1000-7f8c639d1000 rw-p 00000000 00:00 0 
7f8c639d1000-7f8c639fb000 r-xp 00000000 b3:02 2117488                    /usr/lib/jvm/java-11-openjdk-amd64/lib/libsunec.so
7f8c639fb000-7f8c63bfa000 ---p 0002a000 b3:02 2117488                    /usr/lib/jvm/java-11-openjdk-amd64/lib/libsunec.so
7f8c63bfa000-7f8c63bfe000 r--p 00029000 b3:02 2117488                    /usr/lib/jvm/java-11-openjdk-amd64/lib/libsunec.so
7f8c63bfe000-7f8c63c00000 rw-p 0002d000 b3:02 2117488                    /usr/lib/jvm/java-11-openjdk-amd64/lib/libsunec.so
7f8c63c00000-7f8c63e00000 rw-p 00000000 00:00 0 
7f8c63e00000-7f8c64000000 rw-p 00000000 00:00 0 
7f8c64000000-7f8c64021000 rw-p 00000000 00:00 0 
7f8c64021000-7f8c68000000 ---p 00000000 00:00 0 
7f8c68000000-7f8c68021000 rw-p 00000000 00:00 0 
7f8c68021000-7f8c6c000000 ---p 00000000 00:00 0 
7f8c6c000000-7f8c6c4fa000 rw-p 00000000 00:00 0 
7f8c6c4fa000-7f8c70000000 ---p 00000000 00:00 0 
7f8c70000000-7f8c7029e000 rw-p 00000000 00:00 0 
7f8c7029e000-7f8c74000000 ---p 00000000 00:00 0 
7f8c74000000-7f8c74021000 rw-p 00000000 00:00 0 
7f8c74021000-7f8c78000000 ---p 00000000 00:00 0 
7f8c78000000-7f8c7803c000 rw-p 00000000 00:00 0 
7f8c7803c000-7f8c7c000000 ---p 00000000 00:00 0 
7f8c7c000000-7f8c7c021000 rw-p 00000000 00:00 0 
7f8c7c021000-7f8c80000000 ---p 00000000 00:00 0 
7f8c800e4000-7f8c800e8000 ---p 00000000 00:00 0 
7f8c800e8000-7f8c803e5000 rw-p 00000000 00:00 0 
7f8c803e5000-7f8c803e9000 ---p 00000000 00:00 0 
7f8c803e9000-7f8c804e6000 rw-p 00000000 00:00 0 
7f8c804e6000-7f8c804ea000 ---p 00000000 00:00 0 
7f8c804ea000-7f8c805e7000 rw-p 00000000 00:00 0 
7f8c805e7000-7f8c805eb000 ---p 00000000 00:00 0 
7f8c805eb000-7f8c808e8000 rw-p 00000000 00:00 0 
7f8c808e8000-7f8c80ae8000 rw-p 00000000 00:00 0 
7f8c80ae8000-7f8c80ce8000 rw-p 00000000 00:00 0 
7f8c80ce8000-7f8c80ee8000 rw-p 00000000 00:00 0 
7f8c80ee8000-7f8c810e8000 rw-p 00000000 00:00 0 
7f8c810e8000-7f8c810ec000 ---p 00000000 00:00 0 
7f8c810ec000-7f8c813d5000 rw-p 00000000 00:00 0 
7f8c813d5000-7f8c813e9000 ---p 00000000 00:00 0 
7f8c813e9000-7f8c813ed000 ---p 00000000 00:00 0 
7f8c813ed000-7f8c814ea000 rw-p 00000000 00:00 0 
7f8c814ea000-7f8c814ee000 ---p 00000000 00:00 0 
7f8c814ee000-7f8c815eb000 rw-p 00000000 00:00 0 
7f8c815eb000-7f8c815ef000 ---p 00000000 00:00 0 
7f8c815ef000-7f8c818ec000 rw-p 00000000 00:00 0 
7f8c818ec000-7f8c81aec000 rw-p 00000000 00:00 0 
7f8c81aec000-7f8c81cec000 rw-p 00000000 00:00 0 
7f8c81cec000-7f8c81eec000 rw-p 00000000 00:00 0 
7f8c81eec000-7f8c81ef0000 ---p 00000000 00:00 0 
7f8c81ef0000-7f8c81fed000 rw-p 00000000 00:00 0 
7f8c81fed000-7f8c81fee000 ---p 00000000 00:00 0 
7f8c81fee000-7f8c820ef000 rw-p 00000000 00:00 0 
7f8c820ef000-7f8c820f3000 ---p 00000000 00:00 0 
7f8c820f3000-7f8c821f0000 rw-p 00000000 00:00 0 
7f8c821f0000-7f8c821f4000 ---p 00000000 00:00 0 
7f8c821f4000-7f8c822f1000 rw-p 00000000 00:00 0 
7f8c822f1000-7f8c822f5000 ---p 00000000 00:00 0 
7f8c822f5000-7f8c823f2000 rw-p 00000000 00:00 0 
7f8c823f2000-7f8c823f4000 r-xp 00000000 b3:02 2117463                    /usr/lib/jvm/java-11-openjdk-amd64/lib/libextnet.so
7f8c823f4000-7f8c825f3000 ---p 00002000 b3:02 2117463                    /usr/lib/jvm/java-11-openjdk-amd64/lib/libextnet.so
7f8c825f3000-7f8c825f4000 r--p 00001000 b3:02 2117463                    /usr/lib/jvm/java-11-openjdk-amd64/lib/libextnet.so
7f8c825f4000-7f8c825f5000 rw-p 00002000 b3:02 2117463                    /usr/lib/jvm/java-11-openjdk-amd64/lib/libextnet.so
7f8c825f5000-7f8c825fa000 r-xp 00000000 b3:02 2117480                    /usr/lib/jvm/java-11-openjdk-amd64/lib/libmanagement_ext.so
7f8c825fa000-7f8c827f9000 ---p 00005000 b3:02 2117480                    /usr/lib/jvm/java-11-openjdk-amd64/lib/libmanagement_ext.so
7f8c827f9000-7f8c827fa000 r--p 00004000 b3:02 2117480                    /usr/lib/jvm/java-11-openjdk-amd64/lib/libmanagement_ext.so
7f8c827fa000-7f8c827fb000 rw-p 00005000 b3:02 2117480                    /usr/lib/jvm/java-11-openjdk-amd64/lib/libmanagement_ext.so
7f8c827fb000-7f8c827ff000 r-xp 00000000 b3:02 2117478                    /usr/lib/jvm/java-11-openjdk-amd64/lib/libmanagement.so
7f8c827ff000-7f8c829fe000 ---p 00004000 b3:02 2117478                    /usr/lib/jvm/java-11-openjdk-amd64/lib/libmanagement.so
7f8c829fe000-7f8c829ff000 r--p 00003000 b3:02 2117478                    /usr/lib/jvm/java-11-openjdk-amd64/lib/libmanagement.so
7f8c829ff000-7f8c82a00000 rw-p 00004000 b3:02 2117478                    /usr/lib/jvm/java-11-openjdk-amd64/lib/libmanagement.so
7f8c82a00000-7f8c82a01000 ---p 00000000 00:00 0 
7f8c82a01000-7f8c82b02000 rw-p 00000000 00:00 0 
7f8c82b02000-7f8c82b18000 r-xp 00000000 b3:02 2117482                    /usr/lib/jvm/java-11-openjdk-amd64/lib/libnet.so
7f8c82b18000-7f8c82d17000 ---p 00016000 b3:02 2117482                    /usr/lib/jvm/java-11-openjdk-amd64/lib/libnet.so
7f8c82d17000-7f8c82d18000 r--p 00015000 b3:02 2117482                    /usr/lib/jvm/java-11-openjdk-amd64/lib/libnet.so
7f8c82d18000-7f8c82d19000 rw-p 00016000 b3:02 2117482                    /usr/lib/jvm/java-11-openjdk-amd64/lib/libnet.so
7f8c82d19000-7f8c82d29000 r-xp 00000000 b3:02 2117483                    /usr/lib/jvm/java-11-openjdk-amd64/lib/libnio.so
7f8c82d29000-7f8c82f28000 ---p 00010000 b3:02 2117483                    /usr/lib/jvm/java-11-openjdk-amd64/lib/libnio.so
7f8c82f28000-7f8c82f29000 r--p 0000f000 b3:02 2117483                    /usr/lib/jvm/java-11-openjdk-amd64/lib/libnio.so
7f8c82f29000-7f8c82f2a000 rw-p 00010000 b3:02 2117483                    /usr/lib/jvm/java-11-openjdk-amd64/lib/libnio.so
7f8c82f2a000-7f8c82f2e000 ---p 00000000 00:00 0 
7f8c82f2e000-7f8c8302b000 rw-p 00000000 00:00 0 
7f8c8302b000-7f8c8302f000 ---p 00000000 00:00 0 
7f8c8302f000-7f8c8312c000 rw-p 00000000 00:00 0 
7f8c8312c000-7f8c83130000 ---p 00000000 00:00 0 
7f8c83130000-7f8c8322d000 rw-p 00000000 00:00 0 
7f8c8322d000-7f8c83231000 ---p 00000000 00:00 0 
7f8c83231000-7f8c8332e000 rw-p 00000000 00:00 0 
7f8c8332e000-7f8c83332000 ---p 00000000 00:00 0 
7f8c83332000-7f8c8342f000 rw-p 00000000 00:00 0 
7f8c8342f000-7f8c83dfe000 r--p 00000000 b3:02 2104005                    /usr/lib/locale/locale-archive
7f8c83dfe000-7f8c83e02000 ---p 00000000 00:00 0 
7f8c83e02000-7f8c83eff000 rw-p 00000000 00:00 0 
7f8c83eff000-7f8c83f03000 ---p 00000000 00:00 0 
7f8c83f03000-7f8c84000000 rw-p 00000000 00:00 0 
7f8c84000000-7f8c84021000 rw-p 00000000 00:00 0 
7f8c84021000-7f8c88000000 ---p 00000000 00:00 0 
7f8c88000000-7f8c88240000 rw-p 00000000 00:00 0 
7f8c88240000-7f8c8c000000 ---p 00000000 00:00 0 
7f8c8c000000-7f8c8c029000 rw-p 00000000 00:00 0 
7f8c8c029000-7f8c90000000 ---p 00000000 00:00 0 
7f8c90000000-7f8c90021000 rw-p 00000000 00:00 0 
7f8c90021000-7f8c94000000 ---p 00000000 00:00 0 
7f8c94000000-7f8c94021000 rw-p 00000000 00:00 0 
7f8c94021000-7f8c98000000 ---p 00000000 00:00 0 
7f8c980b2000-7f8c980b3000 ---p 00000000 00:00 0 
7f8c980b3000-7f8c9a614000 rw-p 00000000 00:00 0 
7f8c9a614000-7f8c9bff8000 ---p 00000000 00:00 0 
7f8c9bff8000-7f8c9c000000 rw-p 00000000 00:00 0 
7f8c9c000000-7f8c9c026000 rw-p 00000000 00:00 0 
7f8c9c026000-7f8ca0000000 ---p 00000000 00:00 0 
7f8ca003b000-7f8ca083b000 rw-p 00000000 00:00 0 
7f8ca083b000-7f8ca083c000 ---p 00000000 00:00 0 
7f8ca083c000-7f8ca093d000 rw-p 00000000 00:00 0 
7f8ca093d000-7f8ca093e000 ---p 00000000 00:00 0 
7f8ca093e000-7f8ca0c41000 rw-p 00000000 00:00 0 
7f8ca0c41000-7f8ca0c42000 ---p 00000000 00:00 0 
7f8ca0c42000-7f8ca0d43000 rw-p 00000000 00:00 0 
7f8ca0d43000-7f8ca0d44000 ---p 00000000 00:00 0 
7f8ca0d44000-7f8ca11c9000 rw-p 00000000 00:00 0 
7f8ca11c9000-7f8ca2bad000 ---p 00000000 00:00 0 
7f8ca2bad000-7f8ca2c26000 rw-p 00000000 00:00 0 
7f8ca2c26000-7f8ca2f62000 ---p 00000000 00:00 0 
7f8ca2f62000-7f8ca2fd4000 rw-p 00000000 00:00 0 
7f8ca2fd4000-7f8ca3310000 ---p 00000000 00:00 0 
7f8ca3310000-7f8ca3382000 rw-p 00000000 00:00 0 
7f8ca3382000-7f8ca36be000 ---p 00000000 00:00 0 
7f8ca36be000-7f8ca38d4000 rw-p 00000000 00:00 0 
7f8ca38d4000-7f8ca3a95000 ---p 00000000 00:00 0 
7f8ca3a95000-7f8ca3d05000 rwxp 00000000 00:00 0 
7f8ca3d05000-7f8ca40af000 ---p 00000000 00:00 0 
7f8ca40af000-7f8ca4a1f000 rwxp 00000000 00:00 0 
7f8ca4a1f000-7f8cb2a95000 ---p 00000000 00:00 0 
7f8cb2a95000-7f8cbb185000 r--s 00000000 b3:02 2117492                    /usr/lib/jvm/java-11-openjdk-amd64/lib/modules
7f8cbb185000-7f8cbb18a000 r-xp 00000000 b3:02 2117474                    /usr/lib/jvm/java-11-openjdk-amd64/lib/libjimage.so
7f8cbb18a000-7f8cbb389000 ---p 00005000 b3:02 2117474                    /usr/lib/jvm/java-11-openjdk-amd64/lib/libjimage.so
7f8cbb389000-7f8cbb38a000 r--p 00004000 b3:02 2117474                    /usr/lib/jvm/java-11-openjdk-amd64/lib/libjimage.so
7f8cbb38a000-7f8cbb38b000 rw-p 00005000 b3:02 2117474                    /usr/lib/jvm/java-11-openjdk-amd64/lib/libjimage.so
7f8cbb38b000-7f8cbb392000 r-xp 00000000 b3:02 2117491                    /usr/lib/jvm/java-11-openjdk-amd64/lib/libzip.so
7f8cbb392000-7f8cbb591000 ---p 00007000 b3:02 2117491                    /usr/lib/jvm/java-11-openjdk-amd64/lib/libzip.so
7f8cbb591000-7f8cbb592000 r--p 00006000 b3:02 2117491                    /usr/lib/jvm/java-11-openjdk-amd64/lib/libzip.so
7f8cbb592000-7f8cbb593000 rw-p 00007000 b3:02 2117491                    /usr/lib/jvm/java-11-openjdk-amd64/lib/libzip.so
7f8cbb593000-7f8cbb59e000 r-xp 00000000 b3:02 529881                     /lib/x86_64-linux-gnu/libnss_files-2.27.so
7f8cbb59e000-7f8cbb79d000 ---p 0000b000 b3:02 529881                     /lib/x86_64-linux-gnu/libnss_files-2.27.so
7f8cbb79d000-7f8cbb79e000 r--p 0000a000 b3:02 529881                     /lib/x86_64-linux-gnu/libnss_files-2.27.so
7f8cbb79e000-7f8cbb79f000 rw-p 0000b000 b3:02 529881                     /lib/x86_64-linux-gnu/libnss_files-2.27.so
7f8cbb79f000-7f8cbb7a5000 rw-p 00000000 00:00 0 
7f8cbb7a5000-7f8cbb7bc000 r-xp 00000000 b3:02 529875                     /lib/x86_64-linux-gnu/libnsl-2.27.so
7f8cbb7bc000-7f8cbb9bb000 ---p 00017000 b3:02 529875                     /lib/x86_64-linux-gnu/libnsl-2.27.so
7f8cbb9bb000-7f8cbb9bc000 r--p 00016000 b3:02 529875                     /lib/x86_64-linux-gnu/libnsl-2.27.so
7f8cbb9bc000-7f8cbb9bd000 rw-p 00017000 b3:02 529875                     /lib/x86_64-linux-gnu/libnsl-2.27.so
7f8cbb9bd000-7f8cbb9bf000 rw-p 00000000 00:00 0 
7f8cbb9bf000-7f8cbb9ca000 r-xp 00000000 b3:02 529892                     /lib/x86_64-linux-gnu/libnss_nis-2.27.so
7f8cbb9ca000-7f8cbbbc9000 ---p 0000b000 b3:02 529892                     /lib/x86_64-linux-gnu/libnss_nis-2.27.so
7f8cbbbc9000-7f8cbbbca000 r--p 0000a000 b3:02 529892                     /lib/x86_64-linux-gnu/libnss_nis-2.27.so
7f8cbbbca000-7f8cbbbcb000 rw-p 0000b000 b3:02 529892                     /lib/x86_64-linux-gnu/libnss_nis-2.27.so
7f8cbbbcb000-7f8cbbbd3000 r-xp 00000000 b3:02 529877                     /lib/x86_64-linux-gnu/libnss_compat-2.27.so
7f8cbbbd3000-7f8cbbdd3000 ---p 00008000 b3:02 529877                     /lib/x86_64-linux-gnu/libnss_compat-2.27.so
7f8cbbdd3000-7f8cbbdd4000 r--p 00008000 b3:02 529877                     /lib/x86_64-linux-gnu/libnss_compat-2.27.so
7f8cbbdd4000-7f8cbbdd5000 rw-p 00009000 b3:02 529877                     /lib/x86_64-linux-gnu/libnss_compat-2.27.so
7f8cbbdd5000-7f8cbbdfe000 r-xp 00000000 b3:02 2117470                    /usr/lib/jvm/java-11-openjdk-amd64/lib/libjava.so
7f8cbbdfe000-7f8cbbffd000 ---p 00029000 b3:02 2117470                    /usr/lib/jvm/java-11-openjdk-amd64/lib/libjava.so
7f8cbbffd000-7f8cbbffe000 r--p 00028000 b3:02 2117470                    /usr/lib/jvm/java-11-openjdk-amd64/lib/libjava.so
7f8cbbffe000-7f8cbc000000 rw-p 00029000 b3:02 2117470                    /usr/lib/jvm/java-11-openjdk-amd64/lib/libjava.so
7f8cbc000000-7f8cbdc71000 rw-p 00000000 00:00 0 
7f8cbdc71000-7f8cc0000000 ---p 00000000 00:00 0 
7f8cc001a000-7f8cc004b000 rw-p 00000000 00:00 0 
7f8cc004b000-7f8cc004c000 ---p 00000000 00:00 0 
7f8cc004c000-7f8cc014d000 rw-p 00000000 00:00 0 
7f8cc014d000-7f8cc015a000 r-xp 00000000 b3:02 2117490                    /usr/lib/jvm/java-11-openjdk-amd64/lib/libverify.so
7f8cc015a000-7f8cc0359000 ---p 0000d000 b3:02 2117490                    /usr/lib/jvm/java-11-openjdk-amd64/lib/libverify.so
7f8cc0359000-7f8cc035b000 r--p 0000c000 b3:02 2117490                    /usr/lib/jvm/java-11-openjdk-amd64/lib/libverify.so
7f8cc035b000-7f8cc035c000 rw-p 0000e000 b3:02 2117490                    /usr/lib/jvm/java-11-openjdk-amd64/lib/libverify.so
7f8cc035c000-7f8cc0363000 r-xp 00000000 b3:02 529932                     /lib/x86_64-linux-gnu/librt-2.27.so
7f8cc0363000-7f8cc0562000 ---p 00007000 b3:02 529932                     /lib/x86_64-linux-gnu/librt-2.27.so
7f8cc0562000-7f8cc0563000 r--p 00006000 b3:02 529932                     /lib/x86_64-linux-gnu/librt-2.27.so
7f8cc0563000-7f8cc0564000 rw-p 00007000 b3:02 529932                     /lib/x86_64-linux-gnu/librt-2.27.so
7f8cc0564000-7f8cc057b000 r-xp 00000000 b3:02 524731                     /lib/x86_64-linux-gnu/libgcc_s.so.1
7f8cc057b000-7f8cc077a000 ---p 00017000 b3:02 524731                     /lib/x86_64-linux-gnu/libgcc_s.so.1
7f8cc077a000-7f8cc077b000 r--p 00016000 b3:02 524731                     /lib/x86_64-linux-gnu/libgcc_s.so.1
7f8cc077b000-7f8cc077c000 rw-p 00017000 b3:02 524731                     /lib/x86_64-linux-gnu/libgcc_s.so.1
7f8cc077c000-7f8cc0919000 r-xp 00000000 b3:02 529854                     /lib/x86_64-linux-gnu/libm-2.27.so
7f8cc0919000-7f8cc0b18000 ---p 0019d000 b3:02 529854                     /lib/x86_64-linux-gnu/libm-2.27.so
7f8cc0b18000-7f8cc0b19000 r--p 0019c000 b3:02 529854                     /lib/x86_64-linux-gnu/libm-2.27.so
7f8cc0b19000-7f8cc0b1a000 rw-p 0019d000 b3:02 529854                     /lib/x86_64-linux-gnu/libm-2.27.so
7f8cc0b1a000-7f8cc0c93000 r-xp 00000000 b3:02 2099847                    /usr/lib/x86_64-linux-gnu/libstdc++.so.6.0.25
7f8cc0c93000-7f8cc0e93000 ---p 00179000 b3:02 2099847                    /usr/lib/x86_64-linux-gnu/libstdc++.so.6.0.25
7f8cc0e93000-7f8cc0e9d000 r--p 00179000 b3:02 2099847                    /usr/lib/x86_64-linux-gnu/libstdc++.so.6.0.25
7f8cc0e9d000-7f8cc0e9f000 rw-p 00183000 b3:02 2099847                    /usr/lib/x86_64-linux-gnu/libstdc++.so.6.0.25
7f8cc0e9f000-7f8cc0ea3000 rw-p 00000000 00:00 0 
7f8cc0ea3000-7f8cc1f7c000 r-xp 00000000 b3:02 2117495                    /usr/lib/jvm/java-11-openjdk-amd64/lib/server/libjvm.so
7f8cc1f7c000-7f8cc217b000 ---p 010d9000 b3:02 2117495                    /usr/lib/jvm/java-11-openjdk-amd64/lib/server/libjvm.so
7f8cc217b000-7f8cc2238000 r--p 010d8000 b3:02 2117495                    /usr/lib/jvm/java-11-openjdk-amd64/lib/server/libjvm.so
7f8cc2238000-7f8cc2272000 rw-p 01195000 b3:02 2117495                    /usr/lib/jvm/java-11-openjdk-amd64/lib/server/libjvm.so
7f8cc2272000-7f8cc22c8000 rw-p 00000000 00:00 0 
7f8cc22c8000-7f8cc22e2000 r-xp 00000000 b3:02 529924                     /lib/x86_64-linux-gnu/libpthread-2.27.so
7f8cc22e2000-7f8cc24e1000 ---p 0001a000 b3:02 529924                     /lib/x86_64-linux-gnu/libpthread-2.27.so
7f8cc24e1000-7f8cc24e2000 r--p 00019000 b3:02 529924                     /lib/x86_64-linux-gnu/libpthread-2.27.so
7f8cc24e2000-7f8cc24e3000 rw-p 0001a000 b3:02 529924                     /lib/x86_64-linux-gnu/libpthread-2.27.so
7f8cc24e3000-7f8cc24e7000 rw-p 00000000 00:00 0 
7f8cc24e7000-7f8cc24ea000 r-xp 00000000 b3:02 529814                     /lib/x86_64-linux-gnu/libdl-2.27.so
7f8cc24ea000-7f8cc26e9000 ---p 00003000 b3:02 529814                     /lib/x86_64-linux-gnu/libdl-2.27.so
7f8cc26e9000-7f8cc26ea000 r--p 00002000 b3:02 529814                     /lib/x86_64-linux-gnu/libdl-2.27.so
7f8cc26ea000-7f8cc26eb000 rw-p 00003000 b3:02 529814                     /lib/x86_64-linux-gnu/libdl-2.27.so
7f8cc26eb000-7f8cc2707000 r-xp 00000000 b3:02 529963                     /lib/x86_64-linux-gnu/libz.so.1.2.11
7f8cc2707000-7f8cc2906000 ---p 0001c000 b3:02 529963                     /lib/x86_64-linux-gnu/libz.so.1.2.11
7f8cc2906000-7f8cc2907000 r--p 0001b000 b3:02 529963                     /lib/x86_64-linux-gnu/libz.so.1.2.11
7f8cc2907000-7f8cc2908000 rw-p 0001c000 b3:02 529963                     /lib/x86_64-linux-gnu/libz.so.1.2.11
7f8cc2908000-7f8cc2aef000 r-xp 00000000 b3:02 529791                     /lib/x86_64-linux-gnu/libc-2.27.so
7f8cc2aef000-7f8cc2cef000 ---p 001e7000 b3:02 529791                     /lib/x86_64-linux-gnu/libc-2.27.so
7f8cc2cef000-7f8cc2cf3000 r--p 001e7000 b3:02 529791                     /lib/x86_64-linux-gnu/libc-2.27.so
7f8cc2cf3000-7f8cc2cf5000 rw-p 001eb000 b3:02 529791                     /lib/x86_64-linux-gnu/libc-2.27.so
7f8cc2cf5000-7f8cc2cf9000 rw-p 00000000 00:00 0 
7f8cc2cf9000-7f8cc2d09000 r-xp 00000000 b3:02 2117453                    /usr/lib/jvm/java-11-openjdk-amd64/lib/jli/libjli.so
7f8cc2d09000-7f8cc2f08000 ---p 00010000 b3:02 2117453                    /usr/lib/jvm/java-11-openjdk-amd64/lib/jli/libjli.so
7f8cc2f08000-7f8cc2f09000 r--p 0000f000 b3:02 2117453                    /usr/lib/jvm/java-11-openjdk-amd64/lib/jli/libjli.so
7f8cc2f09000-7f8cc2f0a000 rw-p 00010000 b3:02 2117453                    /usr/lib/jvm/java-11-openjdk-amd64/lib/jli/libjli.so
7f8cc2f0a000-7f8cc2f31000 r-xp 00000000 b3:02 529763                     /lib/x86_64-linux-gnu/ld-2.27.so
7f8cc2f5f000-7f8cc300d000 rw-p 00000000 00:00 0 
7f8cc300d000-7f8cc3015000 ---p 00000000 00:00 0 
7f8cc3015000-7f8cc3019000 ---p 00000000 00:00 0 
7f8cc3019000-7f8cc3118000 rw-p 00000000 00:00 0 
7f8cc3123000-7f8cc3125000 r--s 00007000 b3:02 2490515                    /usr/share/java/java-atk-wrapper.jar
7f8cc3125000-7f8cc312d000 rw-s 00000000 b3:02 410374                     /tmp/hsperfdata_bridgelabz/24516
7f8cc312d000-7f8cc312e000 ---p 00000000 00:00 0 
7f8cc312e000-7f8cc312f000 r--p 00000000 00:00 0 
7f8cc312f000-7f8cc3131000 rw-p 00000000 00:00 0 
7f8cc3131000-7f8cc3132000 r--p 00027000 b3:02 529763                     /lib/x86_64-linux-gnu/ld-2.27.so
7f8cc3132000-7f8cc3133000 rw-p 00028000 b3:02 529763                     /lib/x86_64-linux-gnu/ld-2.27.so
7f8cc3133000-7f8cc3134000 rw-p 00000000 00:00 0 
7ffd18783000-7ffd187a9000 rw-p 00000000 00:00 0                          [stack]
7ffd187cb000-7ffd187ce000 r--p 00000000 00:00 0                          [vvar]
7ffd187ce000-7ffd187d0000 r-xp 00000000 00:00 0                          [vdso]
ffffffffff600000-ffffffffff601000 r-xp 00000000 00:00 0                  [vsyscall]


VM Arguments:
jvm_args: -Dcom.sun.management.jmxremote -Dcom.sun.management.jmxremote.port=45111 -Dcom.sun.management.jmxremote.authenticate=false -Dcom.sun.management.jmxremote.ssl=false -Djava.rmi.server.hostname=localhost -Dspring.jmx.enabled=true -Dspring.application.admin.enabled=true -Djava.security.egd=file:/dev/./urandom -Xverify:none -XX:TieredStopAtLevel=1 -Dspring.boot.project.name=FundooAPP1 -Dfile.encoding=UTF-8 
java_command: com.bridgelabz.fundoonotes.FundooNotesApplication --spring.output.ansi.enabled=always
java_class_path (initial): /home/bridgelabz/Documents/workspace-spring-tool-suite-4-4.5.1.RELEASE/FundooAPP1/target/classes:/home/bridgelabz/Downloads/lombok.jar:/home/bridgelabz/Downloads/spring-tool-suite-4-4.5.1.RELEASE-e4.14.0-linux.gtk.x86_64/sts-4.5.1.RELEASE/plugins/org.junit_4.12.0.v201504281640/junit.jar:/home/bridgelabz/Downloads/spring-tool-suite-4-4.5.1.RELEASE-e4.14.0-linux.gtk.x86_64/sts-4.5.1.RELEASE/plugins/org.hamcrest.core_1.3.0.v20180420-1519.jar:/home/bridgelabz/.m2/repository/org/springframework/boot/spring-boot-starter-web/2.2.4.RELEASE/spring-boot-starter-web-2.2.4.RELEASE.jar:/home/bridgelabz/.m2/repository/org/springframework/boot/spring-boot-starter/2.2.4.RELEASE/spring-boot-starter-2.2.4.RELEASE.jar:/home/bridgelabz/.m2/repository/org/springframework/boot/spring-boot/2.2.4.RELEASE/spring-boot-2.2.4.RELEASE.jar:/home/bridgelabz/.m2/repository/org/springframework/boot/spring-boot-autoconfigure/2.2.4.RELEASE/spring-boot-autoconfigure-2.2.4.RELEASE.jar:/home/bridgelabz/.m2/repository/org/springframework/boot/spring-boot-starter-logging/2.2.4.RELEASE/spring-boot-starter-logging-2.2.4.RELEASE.jar:/home/bridgelabz/.m2/repository/ch/qos/logback/logback-classic/1.2.3/logback-classic-1.2.3.jar:/home/bridgelabz/.m2/repository/ch/qos/logback/logback-core/1.2.3/logback-core-1.2.3.jar:/home/bridgelabz/.m2/repository/org/apache/logging/log4j/log4j-to-slf4j/2.12.1/log4j-to-slf4j-2.12.1.jar:/home/bridgelabz/.m2/repository/org/slf4j/jul-to-slf4j/1.7.30/jul-to-slf4j-1.7.30.jar:/home/bridgelabz/.m2/repository/jakarta/annotation/jakarta.annotation-api/1.3.5/jakarta.annotation-api-1.3.5.jar:/home/bridgelabz/.m2/repository/org/yaml/snakeyaml/1.25/snakeyaml-1.25.jar:/home/bridgelabz/.m2/repository/org/springframework/boot/spring-boot-starter-json/2.2.4.RELEASE/spring-boot-starter-json-2.2.4.RELEASE.jar:/home/bridgelabz/.m2/repository/com/fasterxml/jackson/datatype/jackson-datatype-jdk8/2.10.2/jackson-datatype-jdk8-2.10.2.jar:/home/bridgelabz/.m2/repository/com/
Launcher Type: SUN_STANDARD

[Global flags]
     bool BytecodeVerificationLocal                = false                                     {product} {command line}
     bool BytecodeVerificationRemote               = false                                     {product} {command line}
     intx CICompilerCount                          = 2                                         {product} {ergonomic}
     uint ConcGCThreads                            = 1                                         {product} {ergonomic}
     uint G1ConcRefinementThreads                  = 2                                         {product} {ergonomic}
   size_t G1HeapRegionSize                         = 1048576                                   {product} {ergonomic}
    uintx GCDrainStackTargetSize                   = 64                                        {product} {ergonomic}
   size_t InitialHeapSize                          = 123731968                                 {product} {ergonomic}
     bool ManagementServer                         = true                                      {product} {command line}
   size_t MarkStackSize                            = 4194304                                   {product} {ergonomic}
   size_t MaxHeapSize                              = 1975517184                                {product} {ergonomic}
   size_t MaxNewSize                               = 1184890880                                {product} {ergonomic}
   size_t MinHeapDeltaBytes                        = 1048576                                   {product} {ergonomic}
    uintx NonNMethodCodeHeapSize                   = 6396312                                {pd product} {ergonomic}
    uintx NonProfiledCodeHeapSize                  = 245261928                              {pd product} {ergonomic}
    uintx ProfiledCodeHeapSize                     = 0                                      {pd product} {ergonomic}
    uintx ReservedCodeCacheSize                    = 251658240                              {pd product} {ergonomic}
     bool SegmentedCodeCache                       = true                                      {product} {ergonomic}
     intx TieredStopAtLevel                        = 1                                         {product} {command line}
     bool UseCompressedClassPointers               = true                                 {lp64_product} {ergonomic}
     bool UseCompressedOops                        = true                                 {lp64_product} {ergonomic}
     bool UseG1GC                                  = true                                      {product} {ergonomic}

Logging:
Log output configuration:
 #0: stdout all=warning uptime,level,tags
 #1: stderr all=off uptime,level,tags

Environment Variables:
PATH=/usr/local/sbin:/usr/local/bin:/usr/sbin:/usr/bin:/sbin:/bin:/usr/games:/usr/local/games:/snap/bin
USERNAME=bridgelabz
SHELL=/bin/bash
DISPLAY=:0

Signal Handlers:
SIGSEGV: [libjvm.so+0xdf1470], sa_mask[0]=11111111011111111101111111111110, sa_flags=SA_RESTART|SA_SIGINFO
SIGBUS: [libjvm.so+0xdf1470], sa_mask[0]=11111111011111111101111111111110, sa_flags=SA_RESTART|SA_SIGINFO
SIGFPE: [libjvm.so+0xdf1470], sa_mask[0]=11111111011111111101111111111110, sa_flags=SA_RESTART|SA_SIGINFO
SIGPIPE: [libjvm.so+0xbc5560], sa_mask[0]=11111111011111111101111111111110, sa_flags=SA_RESTART|SA_SIGINFO
SIGXFSZ: [libjvm.so+0xbc5560], sa_mask[0]=11111111011111111101111111111110, sa_flags=SA_RESTART|SA_SIGINFO
SIGILL: [libjvm.so+0xdf1470], sa_mask[0]=11111111011111111101111111111110, sa_flags=SA_RESTART|SA_SIGINFO
SIGUSR2: [libjvm.so+0xbc5400], sa_mask[0]=00100000000000000000000000000000, sa_flags=SA_RESTART|SA_SIGINFO
SIGHUP: [libjvm.so+0xbc5760], sa_mask[0]=11111111011111111101111111111110, sa_flags=SA_RESTART|SA_SIGINFO
SIGINT: [libjvm.so+0xbc5760], sa_mask[0]=11111111011111111101111111111110, sa_flags=SA_RESTART|SA_SIGINFO
SIGTERM: [libjvm.so+0xbc5760], sa_mask[0]=11111111011111111101111111111110, sa_flags=SA_RESTART|SA_SIGINFO
SIGQUIT: [libjvm.so+0xbc5760], sa_mask[0]=11111111011111111101111111111110, sa_flags=SA_RESTART|SA_SIGINFO


---------------  S Y S T E M  ---------------

OS:DISTRIB_ID=Ubuntu
DISTRIB_RELEASE=18.04
DISTRIB_CODENAME=bionic
DISTRIB_DESCRIPTION="Ubuntu 18.04.4 LTS"
uname:Linux 4.15.0-88-generic #88-Ubuntu SMP Tue Feb 11 20:11:34 UTC 2020 x86_64
libc:glibc 2.27 NPTL 2.27 
rlimit: STACK 8192k, CORE 0k, NPROC 29828, NOFILE 4096, AS infinity, DATA infinity, FSIZE infinity
load average:70.40 22.56 8.73

/proc/meminfo:
MemTotal:        7711552 kB
MemFree:          107296 kB
MemAvailable:      22980 kB
Buffers:            3796 kB
Cached:           830252 kB
SwapCached:          264 kB
Active:          6258872 kB
Inactive:         915456 kB
Active(anon):    6235324 kB
Inactive(anon):   890824 kB
Active(file):      23548 kB
Inactive(file):    24632 kB
Unevictable:         256 kB
Mlocked:             256 kB
SwapTotal:       2097148 kB
SwapFree:              0 kB
Dirty:               588 kB
Writeback:          1200 kB
AnonPages:       6340348 kB
Mapped:           294656 kB
Shmem:            785796 kB
Slab:             161256 kB
SReclaimable:      65088 kB
SUnreclaim:        96168 kB
KernelStack:       27568 kB
PageTables:       139584 kB
NFS_Unstable:          0 kB
Bounce:                0 kB
WritebackTmp:          0 kB
CommitLimit:     5952924 kB
Committed_AS:   23924904 kB
VmallocTotal:   34359738367 kB
VmallocUsed:           0 kB
VmallocChunk:          0 kB
HardwareCorrupted:     0 kB
AnonHugePages:         0 kB
ShmemHugePages:        0 kB
ShmemPmdMapped:        0 kB
CmaTotal:              0 kB
CmaFree:               0 kB
HugePages_Total:       0
HugePages_Free:        0
HugePages_Rsvd:        0
HugePages_Surp:        0
Hugepagesize:       2048 kB
DirectMap4k:      403872 kB
DirectMap2M:     7524352 kB
DirectMap1G:     2097152 kB


/proc/sys/kernel/threads-max (system-wide limit on the number of threads):
59656


/proc/sys/vm/max_map_count (maximum number of memory map areas a process may have):
262144


/proc/sys/kernel/pid_max (system-wide limit on number of process identifiers):
32768



container (cgroup) information:
container_type: cgroupv1
cpu_cpuset_cpus: 0-1
cpu_memory_nodes: 0
active_processor_count: 2
cpu_quota: -1
cpu_period: 100000
cpu_shares: -1
memory_limit_in_bytes: -1
memory_and_swap_limit_in_bytes: -2
memory_soft_limit_in_bytes: -1
memory_usage_in_bytes: 7345209344
memory_max_usage_in_bytes: 0

Steal ticks since vm start: 0
Steal ticks percentage since vm start:  0.000

CPU:total 2 (initial active 2) (2 cores per cpu, 1 threads per core) family 6 model 122 stepping 1, cmov, cx8, fxsr, mmx, sse, sse2, sse3, ssse3, sse4.1, sse4.2, popcnt, aes, clmul, erms, 3dnowpref, tsc, tscinvbit, sha
CPU Model and flags from /proc/cpuinfo:
model name	: Intel(R) Celeron(R) N4000 CPU @ 1.10GHz
flags		: fpu vme de pse tsc msr pae mce cx8 apic sep mtrr pge mca cmov pat pse36 clflush dts acpi mmx fxsr sse sse2 ss ht tm pbe syscall nx pdpe1gb rdtscp lm constant_tsc art arch_perfmon pebs bts rep_good nopl xtopology nonstop_tsc cpuid aperfmperf tsc_known_freq pni pclmulqdq dtes64 monitor ds_cpl vmx est tm2 ssse3 sdbg cx16 xtpr pdcm sse4_1 sse4_2 x2apic movbe popcnt tsc_deadline_timer aes xsave rdrand lahf_lm 3dnowprefetch cpuid_fault cat_l2 pti cdp_l2 ssbd ibrs ibpb stibp ibrs_enhanced tpr_shadow vnmi flexpriority ept vpid fsgsbase tsc_adjust smep erms mpx rdt_a rdseed smap clflushopt intel_pt sha_ni xsaveopt xsavec xgetbv1 xsaves dtherm ida arat pln pts umip rdpid md_clear arch_capabilities

Memory: 4k page, physical 7711552k(108164k free), swap 2097148k(0k free)

vm_info: OpenJDK 64-Bit Server VM (11.0.6+10-post-Ubuntu-1ubuntu118.04.1) for linux-amd64 JRE (11.0.6+10-post-Ubuntu-1ubuntu118.04.1), built on Jan 15 2020 15:14:00 by "unknown" with gcc 7.4.0

END.
