#
# There is insufficient memory for the Java Runtime Environment to continue.
# Native memory allocation (mmap) failed to map 216006656 bytes for committing reserved memory.
# Possible reasons:
#   The system is out of physical RAM or swap space
#   The process is running with CompressedOops enabled, and the Java Heap may be blocking the growth of the native heap
# Possible solutions:
#   Reduce memory load on the system
#   Increase physical memory or swap space
#   Check if swap backing store is full
#   Decrease Java heap size (-Xmx/-Xms)
#   Decrease number of Java threads
#   Decrease Java thread stack sizes (-Xss)
#   Set larger code cache with -XX:ReservedCodeCacheSize=
#   JVM is running with Unscaled Compressed Oops mode in which the Java heap is
#     placed in the first 4GB address space. The Java Heap base address is the
#     maximum limit for the native heap growth. Please use -XX:HeapBaseMinAddress
#     to set the Java Heap base and to place the Java Heap above 4GB virtual address.
# This output file may be truncated or incomplete.
#
#  Out of Memory Error (os_linux.cpp:2852), pid=24326, tid=24345
#
# JRE version: OpenJDK Runtime Environment (11.0.6+10) (build 11.0.6+10-post-Ubuntu-1ubuntu118.04.1)
# Java VM: OpenJDK 64-Bit Server VM (11.0.6+10-post-Ubuntu-1ubuntu118.04.1, mixed mode, sharing, tiered, compressed oops, g1 gc, linux-amd64)
# Core dump will be written. Default location: Core dumps may be processed with "/usr/share/apport/apport %p %s %c %d %P" (or dumping to /home/bridgelabz/Documents/workspace-spring-tool-suite-4-4.5.1.RELEASE/FundooAPP1/core.24326)
#

---------------  S U M M A R Y ------------

Command Line: -Dcom.sun.management.jmxremote -Dcom.sun.management.jmxremote.port=34655 -Dcom.sun.management.jmxremote.authenticate=false -Dcom.sun.management.jmxremote.ssl=false -Djava.rmi.server.hostname=localhost -Dspring.jmx.enabled=true -Dspring.application.admin.enabled=true -Djava.security.egd=file:/dev/./urandom -Xverify:none -XX:TieredStopAtLevel=1 -Dspring.boot.project.name=FundooAPP1 -Dfile.encoding=UTF-8 com.bridgelabz.fundoonotes.FundooNotesApplication --spring.output.ansi.enabled=always

Host: Intel(R) Celeron(R) N4000 CPU @ 1.10GHz, 2 cores, 7G, Ubuntu 18.04.4 LTS
Time: Mon Mar  2 18:47:06 2020 IST elapsed time: 43 seconds (0d 0h 0m 43s)

---------------  T H R E A D  ---------------

Current thread (0x00007f55e4100000):  VMThread "VM Thread" [stack: 0x00007f55c429d000,0x00007f55c439d000] [id=24345]

Stack: [0x00007f55c429d000,0x00007f55c439d000],  sp=0x00007f55c439ae40,  free space=1015k
Native frames: (J=compiled Java code, A=aot compiled Java code, j=interpreted, Vv=VM code, C=native code)
V  [libjvm.so+0xdefa33]
V  [libjvm.so+0xdf06bb]
V  [libjvm.so+0x6508a5]
V  [libjvm.so+0xbc9608]
V  [libjvm.so+0xbc161d]
V  [libjvm.so+0x76ed4f]
V  [libjvm.so+0x76efbe]
V  [libjvm.so+0x77b030]
V  [libjvm.so+0x7f6359]
V  [libjvm.so+0x7f6fb2]
V  [libjvm.so+0x7f7419]
V  [libjvm.so+0x72d4df]
V  [libjvm.so+0x7321da]
V  [libjvm.so+0xdfba01]
V  [libjvm.so+0xdfa5c8]
V  [libjvm.so+0xdf7db6]
V  [libjvm.so+0xdf82c0]
V  [libjvm.so+0xdf8743]
V  [libjvm.so+0xd7f20a]
V  [libjvm.so+0xbcf1fe]

VM_Operation (0x00007f55ecb34240): G1CollectForAllocation, mode: safepoint, requested by thread 0x00007f55e4019800


---------------  P R O C E S S  ---------------

Threads class SMR info:
_java_thread_list=0x00007f558c0043e0, length=21, elements={
0x00007f55e4019800, 0x00007f55e4103000, 0x00007f55e4105000, 0x00007f55e410a800,
0x00007f55e410c800, 0x00007f55e410e800, 0x00007f55e411d000, 0x00007f55e414b800,
0x00007f55e489b000, 0x00007f55e48a2000, 0x00007f55e48bb000, 0x00007f559c001000,
0x00007f558c001800, 0x00007f559c013800, 0x00007f559c01f800, 0x00007f55e4e8e000,
0x00007f55e4e8f800, 0x00007f55e4e92800, 0x00007f55e4e9d800, 0x00007f55e54f3000,
0x00007f558c003800
}

Java Threads: ( => current thread )
  0x00007f55e4019800 JavaThread "main" [_thread_blocked, id=24327, stack(0x00007f55eca3a000,0x00007f55ecb3b000)]
  0x00007f55e4103000 JavaThread "Reference Handler" daemon [_thread_blocked, id=24347, stack(0x00007f55c419a000,0x00007f55c429b000)]
  0x00007f55e4105000 JavaThread "Finalizer" daemon [_thread_blocked, id=24348, stack(0x00007f55c4099000,0x00007f55c419a000)]
  0x00007f55e410a800 JavaThread "Signal Dispatcher" daemon [_thread_blocked, id=24349, stack(0x00007f55bcd30000,0x00007f55bce31000)]
  0x00007f55e410c800 JavaThread "C1 CompilerThread0" daemon [_thread_blocked, id=24350, stack(0x00007f55bcc2f000,0x00007f55bcd30000)]
  0x00007f55e410e800 JavaThread "Sweeper thread" daemon [_thread_blocked, id=24351, stack(0x00007f55bcb2e000,0x00007f55bcc2f000)]
  0x00007f55e411d000 JavaThread "Common-Cleaner" daemon [_thread_blocked, id=24352, stack(0x00007f55bca2d000,0x00007f55bcb2e000)]
  0x00007f55e414b800 JavaThread "Service Thread" daemon [_thread_blocked, id=24353, stack(0x00007f55bc92c000,0x00007f55bca2d000)]
  0x00007f55e489b000 JavaThread "RMI TCP Accept-0" daemon [_thread_in_native, id=24356, stack(0x00007f55bc0fc000,0x00007f55bc1fd000)]
  0x00007f55e48a2000 JavaThread "RMI TCP Accept-34655" daemon [_thread_in_native, id=24357, stack(0x00007f558baf6000,0x00007f558bbf7000)]
  0x00007f55e48bb000 JavaThread "RMI TCP Accept-0" daemon [_thread_in_native, id=24358, stack(0x00007f558b9f5000,0x00007f558baf6000)]
  0x00007f559c001000 JavaThread "Attach Listener" daemon [_thread_blocked, id=24362, stack(0x00007f558b6f1000,0x00007f558b7f2000)]
  0x00007f558c001800 JavaThread "RMI TCP Connection(1)-127.0.0.1" daemon [_thread_blocked, id=24366, stack(0x00007f558b3f0000,0x00007f558b4f1000)]
  0x00007f559c013800 JavaThread "RMI Scheduler(0)" daemon [_thread_blocked, id=24367, stack(0x00007f558b0ef000,0x00007f558b1f0000)]
  0x00007f559c01f800 JavaThread "JMX server connection timeout 18" daemon [_thread_blocked, id=24369, stack(0x00007f558afee000,0x00007f558b0ef000)]
  0x00007f55e4e8e000 JavaThread "Catalina-utility-1" [_thread_blocked, id=24387, stack(0x00007f558b7f2000,0x00007f558b8f3000)]
  0x00007f55e4e8f800 JavaThread "Catalina-utility-2" [_thread_blocked, id=24388, stack(0x00007f5589eed000,0x00007f5589fee000)]
  0x00007f55e4e92800 JavaThread "container-0" [_thread_blocked, id=24389, stack(0x00007f5589dec000,0x00007f5589eed000)]
  0x00007f55e4e9d800 JavaThread "mysql-cj-abandoned-connection-cleanup" daemon [_thread_blocked, id=24390, stack(0x00007f5589ceb000,0x00007f5589dec000)]
  0x00007f55e54f3000 JavaThread "HikariPool-1 housekeeper" daemon [_thread_blocked, id=24392, stack(0x00007f5588fbb000,0x00007f55890bc000)]
  0x00007f558c003800 JavaThread "RMI TCP Connection(2)-127.0.0.1" daemon [_thread_blocked, id=24410, stack(0x00007f5588eba000,0x00007f5588fbb000)]

Other Threads:
=>0x00007f55e4100000 VMThread "VM Thread" [stack: 0x00007f55c429d000,0x00007f55c439d000] [id=24345]
  0x00007f55e48be000 WatcherThread [stack: 0x00007f558b8f5000,0x00007f558b9f5000] [id=24359]
  0x00007f55e4032000 GCTaskThread "GC Thread#0" [stack: 0x00007f55e8a23000,0x00007f55e8b23000] [id=24331]
  0x00007f55b0001000 GCTaskThread "GC Thread#1" [stack: 0x00007f55bc404000,0x00007f55bc504000] [id=24355]
  0x00007f55e4061000 ConcurrentGCThread "G1 Main Marker" [stack: 0x00007f55cc462000,0x00007f55cc562000] [id=24333]
  0x00007f55e4063000 ConcurrentGCThread "G1 Conc#0" [stack: 0x00007f55cc360000,0x00007f55cc460000] [id=24334]
  0x00007f55e40ce000 ConcurrentGCThread "G1 Refine#0" [stack: 0x00007f55cc05c000,0x00007f55cc15c000] [id=24335]
  0x00007f55e40cf800 ConcurrentGCThread "G1 Young RemSet Sampling" [stack: 0x00007f55c4420000,0x00007f55c4520000] [id=24336]

Threads with active compile tasks:

VM state:at safepoint (normal execution)

VM Mutex/Monitor currently owned by a thread:  ([mutex/lock_event])
[0x00007f55e4015cb0] Threads_lock - owner thread: 0x00007f55e4100000
[0x00007f55e4016400] Heap_lock - owner thread: 0x00007f55e4019800

Heap address: 0x000000008a400000, size: 1884 MB, Compressed Oops mode: 32-bit
Narrow klass base: 0x0000000800000000, Narrow klass shift: 3
Compressed class space size: 1073741824 Address: 0x0000000840000000

Heap:
 garbage-first heap   total 476160K, used 35405K [0x000000008a400000, 0x0000000100000000)
  region size 1024K, 4 young (4096K), 4 survivors (4096K)
 Metaspace       used 55549K, capacity 57222K, committed 57372K, reserved 1097728K
  class space    used 7601K, capacity 8233K, committed 8300K, reserved 1048576K
Heap Regions: E=young(eden), S=young(survivor), O=old, HS=humongous(starts), HC=humongous(continues), CS=collection set, F=free, A=archive, TAMS=top-at-mark-start (previous, next)
|   0|0x000000008a400000, 0x000000008a500000, 0x000000008a500000|100%|HS|  |TAMS 0x000000008a500000, 0x000000008a400000| Complete 
|   1|0x000000008a500000, 0x000000008a600000, 0x000000008a600000|100%|HS|  |TAMS 0x000000008a600000, 0x000000008a500000| Complete 
|   2|0x000000008a600000, 0x000000008a700000, 0x000000008a700000|100%| O|  |TAMS 0x000000008a700000, 0x000000008a600000| Untracked 
|   3|0x000000008a700000, 0x000000008a800000, 0x000000008a800000|100%| O|  |TAMS 0x000000008a800000, 0x000000008a700000| Untracked 
|   4|0x000000008a800000, 0x000000008a900000, 0x000000008a900000|100%| O|  |TAMS 0x000000008a900000, 0x000000008a800000| Untracked 
|   5|0x000000008a900000, 0x000000008aa00000, 0x000000008aa00000|100%| O|  |TAMS 0x000000008aa00000, 0x000000008a900000| Untracked 
|   6|0x000000008aa00000, 0x000000008ab00000, 0x000000008ab00000|100%| O|  |TAMS 0x000000008ab00000, 0x000000008aa00000| Untracked 
|   7|0x000000008ab00000, 0x000000008ac00000, 0x000000008ac00000|100%| O|  |TAMS 0x000000008ac00000, 0x000000008ab00000| Untracked 
|   8|0x000000008ac00000, 0x000000008ad00000, 0x000000008ad00000|100%| O|  |TAMS 0x000000008ad00000, 0x000000008ac00000| Untracked 
|   9|0x000000008ad00000, 0x000000008adffff8, 0x000000008ae00000| 99%| O|  |TAMS 0x000000008adffff8, 0x000000008ad00000| Untracked 
|  10|0x000000008ae00000, 0x000000008af00000, 0x000000008af00000|100%| O|  |TAMS 0x000000008af00000, 0x000000008ae00000| Untracked 
|  11|0x000000008af00000, 0x000000008b000000, 0x000000008b000000|100%| O|  |TAMS 0x000000008b000000, 0x000000008af00000| Untracked 
|  12|0x000000008b000000, 0x000000008b100000, 0x000000008b100000|100%| O|  |TAMS 0x000000008b100000, 0x000000008b000000| Untracked 
|  13|0x000000008b100000, 0x000000008b200000, 0x000000008b200000|100%| O|  |TAMS 0x000000008b200000, 0x000000008b100000| Untracked 
|  14|0x000000008b200000, 0x000000008b300000, 0x000000008b300000|100%| O|  |TAMS 0x000000008b300000, 0x000000008b200000| Untracked 
|  15|0x000000008b300000, 0x000000008b400000, 0x000000008b400000|100%| O|  |TAMS 0x000000008b400000, 0x000000008b300000| Untracked 
|  16|0x000000008b400000, 0x000000008b500000, 0x000000008b500000|100%| O|  |TAMS 0x000000008b456e00, 0x000000008b400000| Untracked 
|  17|0x000000008b500000, 0x000000008b600000, 0x000000008b600000|100%| O|  |TAMS 0x000000008b500000, 0x000000008b500000| Untracked 
|  18|0x000000008b600000, 0x000000008b700000, 0x000000008b700000|100%| O|  |TAMS 0x000000008b600000, 0x000000008b600000| Untracked 
|  19|0x000000008b700000, 0x000000008b800000, 0x000000008b800000|100%| O|  |TAMS 0x000000008b700000, 0x000000008b700000| Untracked 
|  20|0x000000008b800000, 0x000000008b900000, 0x000000008b900000|100%| O|  |TAMS 0x000000008b800000, 0x000000008b800000| Untracked 
|  21|0x000000008b900000, 0x000000008ba00000, 0x000000008ba00000|100%| O|  |TAMS 0x000000008b900000, 0x000000008b900000| Untracked 
|  22|0x000000008ba00000, 0x000000008bb00000, 0x000000008bb00000|100%| O|  |TAMS 0x000000008ba00000, 0x000000008ba00000| Untracked 
|  23|0x000000008bb00000, 0x000000008bc00000, 0x000000008bc00000|100%| O|  |TAMS 0x000000008bb00000, 0x000000008bb00000| Untracked 
|  24|0x000000008bc00000, 0x000000008bd00000, 0x000000008bd00000|100%| O|  |TAMS 0x000000008bc00000, 0x000000008bc00000| Untracked 
|  25|0x000000008bd00000, 0x000000008be00000, 0x000000008be00000|100%| O|  |TAMS 0x000000008bd00000, 0x000000008bd00000| Untracked 
|  26|0x000000008be00000, 0x000000008bf00000, 0x000000008bf00000|100%| O|  |TAMS 0x000000008be00000, 0x000000008be00000| Untracked 
|  27|0x000000008bf00000, 0x000000008c000000, 0x000000008c000000|100%| O|  |TAMS 0x000000008bf00000, 0x000000008bf00000| Untracked 
|  28|0x000000008c000000, 0x000000008c100000, 0x000000008c100000|100%| O|  |TAMS 0x000000008c000000, 0x000000008c000000| Untracked 
|  29|0x000000008c100000, 0x000000008c200000, 0x000000008c200000|100%| O|  |TAMS 0x000000008c100000, 0x000000008c100000| Untracked 
|  30|0x000000008c200000, 0x000000008c28ce00, 0x000000008c300000| 55%| O|  |TAMS 0x000000008c200000, 0x000000008c200000| Untracked 
|  31|0x000000008c300000, 0x000000008c300000, 0x000000008c400000|  0%| F|  |TAMS 0x000000008c300000, 0x000000008c300000| Untracked 
|  32|0x000000008c400000, 0x000000008c400000, 0x000000008c500000|  0%| F|  |TAMS 0x000000008c400000, 0x000000008c400000| Untracked 
|  33|0x000000008c500000, 0x000000008c500000, 0x000000008c600000|  0%| F|  |TAMS 0x000000008c500000, 0x000000008c500000| Untracked 
|  34|0x000000008c600000, 0x000000008c600000, 0x000000008c700000|  0%| F|  |TAMS 0x000000008c600000, 0x000000008c600000| Untracked 
|  35|0x000000008c700000, 0x000000008c700000, 0x000000008c800000|  0%| F|  |TAMS 0x000000008c700000, 0x000000008c700000| Untracked 
|  36|0x000000008c800000, 0x000000008c800000, 0x000000008c900000|  0%| F|  |TAMS 0x000000008c800000, 0x000000008c800000| Untracked 
|  37|0x000000008c900000, 0x000000008c900000, 0x000000008ca00000|  0%| F|  |TAMS 0x000000008c900000, 0x000000008c900000| Untracked 
|  38|0x000000008ca00000, 0x000000008ca00000, 0x000000008cb00000|  0%| F|  |TAMS 0x000000008ca00000, 0x000000008ca00000| Untracked 
|  39|0x000000008cb00000, 0x000000008cb00000, 0x000000008cc00000|  0%| F|  |TAMS 0x000000008cb00000, 0x000000008cb00000| Untracked 
|  40|0x000000008cc00000, 0x000000008cc00000, 0x000000008cd00000|  0%| F|  |TAMS 0x000000008cc00000, 0x000000008cc00000| Untracked 
|  41|0x000000008cd00000, 0x000000008cd00000, 0x000000008ce00000|  0%| F|  |TAMS 0x000000008cd00000, 0x000000008cd00000| Untracked 
|  42|0x000000008ce00000, 0x000000008ce00000, 0x000000008cf00000|  0%| F|  |TAMS 0x000000008ce00000, 0x000000008ce00000| Untracked 
|  43|0x000000008cf00000, 0x000000008cf00000, 0x000000008d000000|  0%| F|  |TAMS 0x000000008cf00000, 0x000000008cf00000| Untracked 
|  44|0x000000008d000000, 0x000000008d000000, 0x000000008d100000|  0%| F|  |TAMS 0x000000008d000000, 0x000000008d000000| Untracked 
|  45|0x000000008d100000, 0x000000008d100000, 0x000000008d200000|  0%| F|  |TAMS 0x000000008d100000, 0x000000008d100000| Untracked 
|  46|0x000000008d200000, 0x000000008d200000, 0x000000008d300000|  0%| F|  |TAMS 0x000000008d200000, 0x000000008d200000| Untracked 
|  47|0x000000008d300000, 0x000000008d300000, 0x000000008d400000|  0%| F|  |TAMS 0x000000008d300000, 0x000000008d300000| Untracked 
|  48|0x000000008d400000, 0x000000008d400000, 0x000000008d500000|  0%| F|  |TAMS 0x000000008d400000, 0x000000008d400000| Untracked 
|  49|0x000000008d500000, 0x000000008d500000, 0x000000008d600000|  0%| F|  |TAMS 0x000000008d500000, 0x000000008d500000| Untracked 
|  50|0x000000008d600000, 0x000000008d600000, 0x000000008d700000|  0%| F|  |TAMS 0x000000008d600000, 0x000000008d600000| Untracked 
|  51|0x000000008d700000, 0x000000008d700000, 0x000000008d800000|  0%| F|  |TAMS 0x000000008d700000, 0x000000008d700000| Untracked 
|  52|0x000000008d800000, 0x000000008d800000, 0x000000008d900000|  0%| F|  |TAMS 0x000000008d800000, 0x000000008d800000| Untracked 
|  53|0x000000008d900000, 0x000000008d900000, 0x000000008da00000|  0%| F|  |TAMS 0x000000008d900000, 0x000000008d900000| Untracked 
|  54|0x000000008da00000, 0x000000008da00000, 0x000000008db00000|  0%| F|  |TAMS 0x000000008da00000, 0x000000008da00000| Untracked 
|  55|0x000000008db00000, 0x000000008db00000, 0x000000008dc00000|  0%| F|  |TAMS 0x000000008db00000, 0x000000008db00000| Untracked 
|  56|0x000000008dc00000, 0x000000008dc00000, 0x000000008dd00000|  0%| F|  |TAMS 0x000000008dc00000, 0x000000008dc00000| Untracked 
|  57|0x000000008dd00000, 0x000000008dd00000, 0x000000008de00000|  0%| F|  |TAMS 0x000000008dd00000, 0x000000008dd00000| Untracked 
|  58|0x000000008de00000, 0x000000008de00000, 0x000000008df00000|  0%| F|  |TAMS 0x000000008de00000, 0x000000008de00000| Untracked 
|  59|0x000000008df00000, 0x000000008df00000, 0x000000008e000000|  0%| F|  |TAMS 0x000000008df00000, 0x000000008df00000| Untracked 
|  60|0x000000008e000000, 0x000000008e000000, 0x000000008e100000|  0%| F|  |TAMS 0x000000008e000000, 0x000000008e000000| Untracked 
|  61|0x000000008e100000, 0x000000008e100000, 0x000000008e200000|  0%| F|  |TAMS 0x000000008e100000, 0x000000008e100000| Untracked 
|  62|0x000000008e200000, 0x000000008e200000, 0x000000008e300000|  0%| F|  |TAMS 0x000000008e200000, 0x000000008e200000| Untracked 
|  63|0x000000008e300000, 0x000000008e300000, 0x000000008e400000|  0%| F|  |TAMS 0x000000008e300000, 0x000000008e300000| Untracked 
|  64|0x000000008e400000, 0x000000008e400000, 0x000000008e500000|  0%| F|  |TAMS 0x000000008e400000, 0x000000008e400000| Untracked 
|  65|0x000000008e500000, 0x000000008e500000, 0x000000008e600000|  0%| F|  |TAMS 0x000000008e500000, 0x000000008e500000| Untracked 
|  66|0x000000008e600000, 0x000000008e600000, 0x000000008e700000|  0%| F|  |TAMS 0x000000008e600000, 0x000000008e600000| Untracked 
|  67|0x000000008e700000, 0x000000008e700000, 0x000000008e800000|  0%| F|  |TAMS 0x000000008e700000, 0x000000008e700000| Untracked 
|  68|0x000000008e800000, 0x000000008e800000, 0x000000008e900000|  0%| F|  |TAMS 0x000000008e800000, 0x000000008e800000| Untracked 
|  69|0x000000008e900000, 0x000000008e900000, 0x000000008ea00000|  0%| F|  |TAMS 0x000000008e900000, 0x000000008e900000| Untracked 
|  70|0x000000008ea00000, 0x000000008ea00000, 0x000000008eb00000|  0%| F|  |TAMS 0x000000008ea00000, 0x000000008ea00000| Untracked 
|  71|0x000000008eb00000, 0x000000008eb00000, 0x000000008ec00000|  0%| F|  |TAMS 0x000000008eb00000, 0x000000008eb00000| Untracked 
|  72|0x000000008ec00000, 0x000000008ec00000, 0x000000008ed00000|  0%| F|  |TAMS 0x000000008ec00000, 0x000000008ec00000| Untracked 
|  73|0x000000008ed00000, 0x000000008ed00000, 0x000000008ee00000|  0%| F|  |TAMS 0x000000008ed00000, 0x000000008ed00000| Untracked 
|  74|0x000000008ee00000, 0x000000008ee00000, 0x000000008ef00000|  0%| F|  |TAMS 0x000000008ee00000, 0x000000008ee00000| Untracked 
|  75|0x000000008ef00000, 0x000000008ef00000, 0x000000008f000000|  0%| F|  |TAMS 0x000000008ef00000, 0x000000008ef00000| Untracked 
|  76|0x000000008f000000, 0x000000008f000000, 0x000000008f100000|  0%| F|  |TAMS 0x000000008f000000, 0x000000008f000000| Untracked 
|  77|0x000000008f100000, 0x000000008f100000, 0x000000008f200000|  0%| F|  |TAMS 0x000000008f100000, 0x000000008f100000| Untracked 
|  78|0x000000008f200000, 0x000000008f200000, 0x000000008f300000|  0%| F|  |TAMS 0x000000008f200000, 0x000000008f200000| Untracked 
|  79|0x000000008f300000, 0x000000008f300000, 0x000000008f400000|  0%| F|  |TAMS 0x000000008f300000, 0x000000008f300000| Untracked 
|  80|0x000000008f400000, 0x000000008f400000, 0x000000008f500000|  0%| F|  |TAMS 0x000000008f400000, 0x000000008f400000| Untracked 
|  81|0x000000008f500000, 0x000000008f500000, 0x000000008f600000|  0%| F|  |TAMS 0x000000008f500000, 0x000000008f500000| Untracked 
|  82|0x000000008f600000, 0x000000008f600000, 0x000000008f700000|  0%| F|  |TAMS 0x000000008f600000, 0x000000008f600000| Untracked 
|  83|0x000000008f700000, 0x000000008f700000, 0x000000008f800000|  0%| F|  |TAMS 0x000000008f700000, 0x000000008f700000| Untracked 
|  84|0x000000008f800000, 0x000000008f800000, 0x000000008f900000|  0%| F|  |TAMS 0x000000008f800000, 0x000000008f800000| Untracked 
|  85|0x000000008f900000, 0x000000008f900000, 0x000000008fa00000|  0%| F|  |TAMS 0x000000008f900000, 0x000000008f900000| Untracked 
|  86|0x000000008fa00000, 0x000000008fa00000, 0x000000008fb00000|  0%| F|  |TAMS 0x000000008fa00000, 0x000000008fa00000| Untracked 
|  87|0x000000008fb00000, 0x000000008fb00000, 0x000000008fc00000|  0%| F|  |TAMS 0x000000008fb00000, 0x000000008fb00000| Untracked 
|  88|0x000000008fc00000, 0x000000008fc00000, 0x000000008fd00000|  0%| F|  |TAMS 0x000000008fc00000, 0x000000008fc00000| Untracked 
|  89|0x000000008fd00000, 0x000000008fd00000, 0x000000008fe00000|  0%| F|  |TAMS 0x000000008fd00000, 0x000000008fd00000| Untracked 
|  90|0x000000008fe00000, 0x000000008fe00000, 0x000000008ff00000|  0%| F|  |TAMS 0x000000008fe00000, 0x000000008fe00000| Untracked 
|  91|0x000000008ff00000, 0x000000008ff00000, 0x0000000090000000|  0%| F|  |TAMS 0x000000008ff00000, 0x000000008ff00000| Untracked 
|  92|0x0000000090000000, 0x0000000090000000, 0x0000000090100000|  0%| F|  |TAMS 0x0000000090000000, 0x0000000090000000| Untracked 
|  93|0x0000000090100000, 0x0000000090100000, 0x0000000090200000|  0%| F|  |TAMS 0x0000000090100000, 0x0000000090100000| Untracked 
|  94|0x0000000090200000, 0x0000000090200000, 0x0000000090300000|  0%| F|  |TAMS 0x0000000090200000, 0x0000000090200000| Untracked 
|  95|0x0000000090300000, 0x0000000090300000, 0x0000000090400000|  0%| F|  |TAMS 0x0000000090300000, 0x0000000090300000| Untracked 
|  96|0x0000000090400000, 0x0000000090400000, 0x0000000090500000|  0%| F|  |TAMS 0x0000000090400000, 0x0000000090400000| Untracked 
|  97|0x0000000090500000, 0x0000000090500000, 0x0000000090600000|  0%| F|  |TAMS 0x0000000090500000, 0x0000000090500000| Untracked 
|  98|0x0000000090600000, 0x0000000090600000, 0x0000000090700000|  0%| F|  |TAMS 0x0000000090600000, 0x0000000090600000| Untracked 
|  99|0x0000000090700000, 0x0000000090700000, 0x0000000090800000|  0%| F|  |TAMS 0x0000000090700000, 0x0000000090700000| Untracked 
| 100|0x0000000090800000, 0x0000000090800000, 0x0000000090900000|  0%| F|  |TAMS 0x0000000090800000, 0x0000000090800000| Untracked 
| 101|0x0000000090900000, 0x0000000090900000, 0x0000000090a00000|  0%| F|  |TAMS 0x0000000090900000, 0x0000000090900000| Untracked 
| 102|0x0000000090a00000, 0x0000000090a00000, 0x0000000090b00000|  0%| F|  |TAMS 0x0000000090a00000, 0x0000000090a00000| Untracked 
| 103|0x0000000090b00000, 0x0000000090b00000, 0x0000000090c00000|  0%| F|  |TAMS 0x0000000090b00000, 0x0000000090b00000| Untracked 
| 104|0x0000000090c00000, 0x0000000090c00000, 0x0000000090d00000|  0%| F|  |TAMS 0x0000000090c00000, 0x0000000090c00000| Untracked 
| 105|0x0000000090d00000, 0x0000000090d00000, 0x0000000090e00000|  0%| F|  |TAMS 0x0000000090d00000, 0x0000000090d00000| Untracked 
| 106|0x0000000090e00000, 0x0000000090e00000, 0x0000000090f00000|  0%| F|  |TAMS 0x0000000090e00000, 0x0000000090e00000| Untracked 
| 107|0x0000000090f00000, 0x0000000090f00000, 0x0000000091000000|  0%| F|  |TAMS 0x0000000090f00000, 0x0000000090f00000| Untracked 
| 108|0x0000000091000000, 0x0000000091000000, 0x0000000091100000|  0%| F|  |TAMS 0x0000000091000000, 0x0000000091000000| Untracked 
| 109|0x0000000091100000, 0x0000000091100000, 0x0000000091200000|  0%| F|  |TAMS 0x0000000091100000, 0x0000000091100000| Untracked 
| 110|0x0000000091200000, 0x0000000091200000, 0x0000000091300000|  0%| F|  |TAMS 0x0000000091200000, 0x0000000091200000| Untracked 
| 111|0x0000000091300000, 0x0000000091300000, 0x0000000091400000|  0%| F|  |TAMS 0x0000000091300000, 0x0000000091300000| Untracked 
| 112|0x0000000091400000, 0x0000000091400000, 0x0000000091500000|  0%| F|  |TAMS 0x0000000091400000, 0x0000000091400000| Untracked 
| 113|0x0000000091500000, 0x0000000091500000, 0x0000000091600000|  0%| F|  |TAMS 0x0000000091500000, 0x0000000091500000| Untracked 
| 114|0x0000000091600000, 0x0000000091600000, 0x0000000091700000|  0%| F|  |TAMS 0x0000000091600000, 0x0000000091600000| Untracked 
| 115|0x0000000091700000, 0x0000000091700000, 0x0000000091800000|  0%| F|  |TAMS 0x0000000091700000, 0x0000000091700000| Untracked 
| 116|0x0000000091800000, 0x0000000091800000, 0x0000000091900000|  0%| F|  |TAMS 0x0000000091800000, 0x0000000091800000| Untracked 
| 117|0x0000000091900000, 0x0000000091900000, 0x0000000091a00000|  0%| F|  |TAMS 0x0000000091900000, 0x0000000091900000| Untracked 
| 118|0x0000000091a00000, 0x0000000091a00000, 0x0000000091b00000|  0%| F|  |TAMS 0x0000000091a00000, 0x0000000091a00000| Untracked 
| 119|0x0000000091b00000, 0x0000000091b00000, 0x0000000091c00000|  0%| F|  |TAMS 0x0000000091b00000, 0x0000000091b00000| Untracked 
| 120|0x0000000091c00000, 0x0000000091c00000, 0x0000000091d00000|  0%| F|  |TAMS 0x0000000091c00000, 0x0000000091c00000| Untracked 
| 121|0x0000000091d00000, 0x0000000091d00000, 0x0000000091e00000|  0%| F|  |TAMS 0x0000000091d00000, 0x0000000091d00000| Untracked 
| 122|0x0000000091e00000, 0x0000000091e00000, 0x0000000091f00000|  0%| F|  |TAMS 0x0000000091e00000, 0x0000000091e00000| Untracked 
| 123|0x0000000091f00000, 0x0000000091f00000, 0x0000000092000000|  0%| F|  |TAMS 0x0000000091f00000, 0x0000000091f00000| Untracked 
| 124|0x0000000092000000, 0x0000000092000000, 0x0000000092100000|  0%| F|  |TAMS 0x0000000092000000, 0x0000000092000000| Untracked 
| 125|0x0000000092100000, 0x0000000092100000, 0x0000000092200000|  0%| F|  |TAMS 0x0000000092100000, 0x0000000092100000| Untracked 
| 126|0x0000000092200000, 0x0000000092200000, 0x0000000092300000|  0%| F|  |TAMS 0x0000000092200000, 0x0000000092200000| Untracked 
| 127|0x0000000092300000, 0x0000000092300000, 0x0000000092400000|  0%| F|  |TAMS 0x0000000092300000, 0x0000000092300000| Untracked 
| 128|0x0000000092400000, 0x0000000092400000, 0x0000000092500000|  0%| F|  |TAMS 0x0000000092400000, 0x0000000092400000| Untracked 
| 129|0x0000000092500000, 0x0000000092500000, 0x0000000092600000|  0%| F|  |TAMS 0x0000000092500000, 0x0000000092500000| Untracked 
| 130|0x0000000092600000, 0x0000000092600000, 0x0000000092700000|  0%| F|  |TAMS 0x0000000092600000, 0x0000000092600000| Untracked 
| 131|0x0000000092700000, 0x0000000092700000, 0x0000000092800000|  0%| F|  |TAMS 0x0000000092700000, 0x0000000092700000| Untracked 
| 132|0x0000000092800000, 0x0000000092800000, 0x0000000092900000|  0%| F|  |TAMS 0x0000000092800000, 0x0000000092800000| Untracked 
| 133|0x0000000092900000, 0x0000000092900000, 0x0000000092a00000|  0%| F|  |TAMS 0x0000000092900000, 0x0000000092900000| Untracked 
| 134|0x0000000092a00000, 0x0000000092a00000, 0x0000000092b00000|  0%| F|  |TAMS 0x0000000092a00000, 0x0000000092a00000| Untracked 
| 135|0x0000000092b00000, 0x0000000092b00000, 0x0000000092c00000|  0%| F|  |TAMS 0x0000000092b00000, 0x0000000092b00000| Untracked 
| 136|0x0000000092c00000, 0x0000000092c00000, 0x0000000092d00000|  0%| F|  |TAMS 0x0000000092c00000, 0x0000000092c00000| Untracked 
| 137|0x0000000092d00000, 0x0000000092d00000, 0x0000000092e00000|  0%| F|  |TAMS 0x0000000092d00000, 0x0000000092d00000| Untracked 
| 138|0x0000000092e00000, 0x0000000092e00000, 0x0000000092f00000|  0%| F|  |TAMS 0x0000000092e00000, 0x0000000092e00000| Untracked 
| 139|0x0000000092f00000, 0x0000000092f00000, 0x0000000093000000|  0%| F|  |TAMS 0x0000000092f00000, 0x0000000092f00000| Untracked 
| 140|0x0000000093000000, 0x0000000093000000, 0x0000000093100000|  0%| F|  |TAMS 0x0000000093000000, 0x0000000093000000| Untracked 
| 141|0x0000000093100000, 0x0000000093100000, 0x0000000093200000|  0%| F|  |TAMS 0x0000000093100000, 0x0000000093100000| Untracked 
| 142|0x0000000093200000, 0x0000000093200000, 0x0000000093300000|  0%| F|  |TAMS 0x0000000093200000, 0x0000000093200000| Untracked 
| 143|0x0000000093300000, 0x0000000093300000, 0x0000000093400000|  0%| F|  |TAMS 0x0000000093300000, 0x0000000093300000| Untracked 
| 144|0x0000000093400000, 0x0000000093400000, 0x0000000093500000|  0%| F|  |TAMS 0x0000000093400000, 0x0000000093400000| Untracked 
| 145|0x0000000093500000, 0x0000000093500000, 0x0000000093600000|  0%| F|  |TAMS 0x0000000093500000, 0x0000000093500000| Untracked 
| 146|0x0000000093600000, 0x0000000093600000, 0x0000000093700000|  0%| F|  |TAMS 0x0000000093600000, 0x0000000093600000| Untracked 
| 147|0x0000000093700000, 0x0000000093700000, 0x0000000093800000|  0%| F|  |TAMS 0x0000000093700000, 0x0000000093700000| Untracked 
| 148|0x0000000093800000, 0x0000000093800000, 0x0000000093900000|  0%| F|  |TAMS 0x0000000093800000, 0x0000000093800000| Untracked 
| 149|0x0000000093900000, 0x0000000093900000, 0x0000000093a00000|  0%| F|  |TAMS 0x0000000093900000, 0x0000000093900000| Untracked 
| 150|0x0000000093a00000, 0x0000000093a00000, 0x0000000093b00000|  0%| F|  |TAMS 0x0000000093a00000, 0x0000000093a00000| Untracked 
| 151|0x0000000093b00000, 0x0000000093b00000, 0x0000000093c00000|  0%| F|  |TAMS 0x0000000093b00000, 0x0000000093b00000| Untracked 
| 152|0x0000000093c00000, 0x0000000093c00000, 0x0000000093d00000|  0%| F|  |TAMS 0x0000000093c00000, 0x0000000093c00000| Untracked 
| 153|0x0000000093d00000, 0x0000000093d00000, 0x0000000093e00000|  0%| F|  |TAMS 0x0000000093d00000, 0x0000000093d00000| Untracked 
| 154|0x0000000093e00000, 0x0000000093e00000, 0x0000000093f00000|  0%| F|  |TAMS 0x0000000093e00000, 0x0000000093e00000| Untracked 
| 155|0x0000000093f00000, 0x0000000093f00000, 0x0000000094000000|  0%| F|  |TAMS 0x0000000093f00000, 0x0000000093f00000| Untracked 
| 156|0x0000000094000000, 0x0000000094000000, 0x0000000094100000|  0%| F|  |TAMS 0x0000000094000000, 0x0000000094000000| Untracked 
| 157|0x0000000094100000, 0x0000000094100000, 0x0000000094200000|  0%| F|  |TAMS 0x0000000094100000, 0x0000000094100000| Untracked 
| 158|0x0000000094200000, 0x0000000094200000, 0x0000000094300000|  0%| F|  |TAMS 0x0000000094200000, 0x0000000094200000| Untracked 
| 159|0x0000000094300000, 0x0000000094300000, 0x0000000094400000|  0%| F|  |TAMS 0x0000000094300000, 0x0000000094300000| Untracked 
| 160|0x0000000094400000, 0x0000000094400000, 0x0000000094500000|  0%| F|  |TAMS 0x0000000094400000, 0x0000000094400000| Untracked 
| 161|0x0000000094500000, 0x0000000094500000, 0x0000000094600000|  0%| F|  |TAMS 0x0000000094500000, 0x0000000094500000| Untracked 
| 162|0x0000000094600000, 0x0000000094600000, 0x0000000094700000|  0%| F|  |TAMS 0x0000000094600000, 0x0000000094600000| Untracked 
| 163|0x0000000094700000, 0x0000000094700000, 0x0000000094800000|  0%| F|  |TAMS 0x0000000094700000, 0x0000000094700000| Untracked 
| 164|0x0000000094800000, 0x0000000094800000, 0x0000000094900000|  0%| F|  |TAMS 0x0000000094800000, 0x0000000094800000| Untracked 
| 165|0x0000000094900000, 0x0000000094900000, 0x0000000094a00000|  0%| F|  |TAMS 0x0000000094900000, 0x0000000094900000| Untracked 
| 166|0x0000000094a00000, 0x0000000094a00000, 0x0000000094b00000|  0%| F|  |TAMS 0x0000000094a00000, 0x0000000094a00000| Untracked 
| 167|0x0000000094b00000, 0x0000000094b00000, 0x0000000094c00000|  0%| F|  |TAMS 0x0000000094b00000, 0x0000000094b00000| Untracked 
| 168|0x0000000094c00000, 0x0000000094c00000, 0x0000000094d00000|  0%| F|  |TAMS 0x0000000094c00000, 0x0000000094c00000| Untracked 
| 169|0x0000000094d00000, 0x0000000094d00000, 0x0000000094e00000|  0%| F|  |TAMS 0x0000000094d00000, 0x0000000094d00000| Untracked 
| 170|0x0000000094e00000, 0x0000000094e00000, 0x0000000094f00000|  0%| F|  |TAMS 0x0000000094e00000, 0x0000000094e00000| Untracked 
| 171|0x0000000094f00000, 0x0000000094f00000, 0x0000000095000000|  0%| F|  |TAMS 0x0000000094f00000, 0x0000000094f00000| Untracked 
| 172|0x0000000095000000, 0x0000000095000000, 0x0000000095100000|  0%| F|  |TAMS 0x0000000095000000, 0x0000000095000000| Untracked 
| 173|0x0000000095100000, 0x0000000095100000, 0x0000000095200000|  0%| F|  |TAMS 0x0000000095100000, 0x0000000095100000| Untracked 
| 174|0x0000000095200000, 0x0000000095200000, 0x0000000095300000|  0%| F|  |TAMS 0x0000000095200000, 0x0000000095200000| Untracked 
| 175|0x0000000095300000, 0x0000000095300000, 0x0000000095400000|  0%| F|  |TAMS 0x0000000095300000, 0x0000000095300000| Untracked 
| 176|0x0000000095400000, 0x0000000095400000, 0x0000000095500000|  0%| F|  |TAMS 0x0000000095400000, 0x0000000095400000| Untracked 
| 177|0x0000000095500000, 0x0000000095500000, 0x0000000095600000|  0%| F|  |TAMS 0x0000000095500000, 0x0000000095500000| Untracked 
| 178|0x0000000095600000, 0x0000000095600000, 0x0000000095700000|  0%| F|  |TAMS 0x0000000095600000, 0x0000000095600000| Untracked 
| 179|0x0000000095700000, 0x0000000095700000, 0x0000000095800000|  0%| F|  |TAMS 0x0000000095700000, 0x0000000095700000| Untracked 
| 180|0x0000000095800000, 0x0000000095800000, 0x0000000095900000|  0%| F|  |TAMS 0x0000000095800000, 0x0000000095800000| Untracked 
| 181|0x0000000095900000, 0x0000000095900000, 0x0000000095a00000|  0%| F|  |TAMS 0x0000000095900000, 0x0000000095900000| Untracked 
| 182|0x0000000095a00000, 0x0000000095a00000, 0x0000000095b00000|  0%| F|  |TAMS 0x0000000095a00000, 0x0000000095a00000| Untracked 
| 183|0x0000000095b00000, 0x0000000095b00000, 0x0000000095c00000|  0%| F|  |TAMS 0x0000000095b00000, 0x0000000095b00000| Untracked 
| 184|0x0000000095c00000, 0x0000000095c00000, 0x0000000095d00000|  0%| F|  |TAMS 0x0000000095c00000, 0x0000000095c00000| Untracked 
| 185|0x0000000095d00000, 0x0000000095d00000, 0x0000000095e00000|  0%| F|  |TAMS 0x0000000095d00000, 0x0000000095d00000| Untracked 
| 186|0x0000000095e00000, 0x0000000095e00000, 0x0000000095f00000|  0%| F|  |TAMS 0x0000000095e00000, 0x0000000095e00000| Untracked 
| 187|0x0000000095f00000, 0x0000000095f00000, 0x0000000096000000|  0%| F|  |TAMS 0x0000000095f00000, 0x0000000095f00000| Untracked 
| 188|0x0000000096000000, 0x0000000096000000, 0x0000000096100000|  0%| F|  |TAMS 0x0000000096000000, 0x0000000096000000| Untracked 
| 189|0x0000000096100000, 0x0000000096100000, 0x0000000096200000|  0%| F|  |TAMS 0x0000000096100000, 0x0000000096100000| Untracked 
| 190|0x0000000096200000, 0x0000000096200000, 0x0000000096300000|  0%| F|  |TAMS 0x0000000096200000, 0x0000000096200000| Untracked 
| 191|0x0000000096300000, 0x0000000096300000, 0x0000000096400000|  0%| F|  |TAMS 0x0000000096300000, 0x0000000096300000| Untracked 
| 192|0x0000000096400000, 0x0000000096400000, 0x0000000096500000|  0%| F|  |TAMS 0x0000000096400000, 0x0000000096400000| Untracked 
| 193|0x0000000096500000, 0x0000000096500000, 0x0000000096600000|  0%| F|  |TAMS 0x0000000096500000, 0x0000000096500000| Untracked 
| 194|0x0000000096600000, 0x0000000096600000, 0x0000000096700000|  0%| F|  |TAMS 0x0000000096600000, 0x0000000096600000| Untracked 
| 195|0x0000000096700000, 0x0000000096700000, 0x0000000096800000|  0%| F|  |TAMS 0x0000000096700000, 0x0000000096700000| Untracked 
| 196|0x0000000096800000, 0x0000000096800000, 0x0000000096900000|  0%| F|  |TAMS 0x0000000096800000, 0x0000000096800000| Untracked 
| 197|0x0000000096900000, 0x0000000096900000, 0x0000000096a00000|  0%| F|  |TAMS 0x0000000096900000, 0x0000000096900000| Untracked 
| 198|0x0000000096a00000, 0x0000000096a00000, 0x0000000096b00000|  0%| F|  |TAMS 0x0000000096a00000, 0x0000000096a00000| Untracked 
| 199|0x0000000096b00000, 0x0000000096b00000, 0x0000000096c00000|  0%| F|  |TAMS 0x0000000096b00000, 0x0000000096b00000| Untracked 
| 200|0x0000000096c00000, 0x0000000096c00000, 0x0000000096d00000|  0%| F|  |TAMS 0x0000000096c00000, 0x0000000096c00000| Untracked 
| 201|0x0000000096d00000, 0x0000000096d00000, 0x0000000096e00000|  0%| F|  |TAMS 0x0000000096d00000, 0x0000000096d00000| Untracked 
| 202|0x0000000096e00000, 0x0000000096e55868, 0x0000000096f00000| 33%| S|CS|TAMS 0x0000000096e00000, 0x0000000096e00000| Complete 
| 203|0x0000000096f00000, 0x0000000097000000, 0x0000000097000000|100%| S|CS|TAMS 0x0000000096f00000, 0x0000000096f00000| Complete 
| 204|0x0000000097000000, 0x0000000097100000, 0x0000000097100000|100%| S|CS|TAMS 0x0000000097000000, 0x0000000097000000| Complete 
| 205|0x0000000097100000, 0x0000000097200000, 0x0000000097200000|100%| S|CS|TAMS 0x0000000097100000, 0x0000000097100000| Complete 
| 206|0x0000000097200000, 0x0000000097200000, 0x0000000097300000|  0%| F|  |TAMS 0x0000000097200000, 0x0000000097200000| Untracked 
| 207|0x0000000097300000, 0x0000000097300000, 0x0000000097400000|  0%| F|  |TAMS 0x0000000097300000, 0x0000000097300000| Untracked 
| 208|0x0000000097400000, 0x0000000097400000, 0x0000000097500000|  0%| F|  |TAMS 0x0000000097400000, 0x0000000097400000| Untracked 
| 209|0x0000000097500000, 0x0000000097500000, 0x0000000097600000|  0%| F|  |TAMS 0x0000000097500000, 0x0000000097500000| Untracked 
| 210|0x0000000097600000, 0x0000000097600000, 0x0000000097700000|  0%| F|  |TAMS 0x0000000097600000, 0x0000000097600000| Untracked 
| 211|0x0000000097700000, 0x0000000097700000, 0x0000000097800000|  0%| F|  |TAMS 0x0000000097700000, 0x0000000097700000| Untracked 
| 212|0x0000000097800000, 0x0000000097800000, 0x0000000097900000|  0%| F|  |TAMS 0x0000000097800000, 0x0000000097800000| Untracked 
| 213|0x0000000097900000, 0x0000000097900000, 0x0000000097a00000|  0%| F|  |TAMS 0x0000000097900000, 0x0000000097900000| Untracked 
| 214|0x0000000097a00000, 0x0000000097a00000, 0x0000000097b00000|  0%| F|  |TAMS 0x0000000097a00000, 0x0000000097a00000| Untracked 
| 215|0x0000000097b00000, 0x0000000097b00000, 0x0000000097c00000|  0%| F|  |TAMS 0x0000000097b00000, 0x0000000097b00000| Untracked 
| 216|0x0000000097c00000, 0x0000000097c00000, 0x0000000097d00000|  0%| F|  |TAMS 0x0000000097c00000, 0x0000000097c00000| Untracked 
| 217|0x0000000097d00000, 0x0000000097d00000, 0x0000000097e00000|  0%| F|  |TAMS 0x0000000097d00000, 0x0000000097d00000| Untracked 
| 218|0x0000000097e00000, 0x0000000097e00000, 0x0000000097f00000|  0%| F|  |TAMS 0x0000000097e00000, 0x0000000097e00000| Untracked 
| 219|0x0000000097f00000, 0x0000000097f00000, 0x0000000098000000|  0%| F|  |TAMS 0x0000000097f00000, 0x0000000097f00000| Untracked 
| 220|0x0000000098000000, 0x0000000098000000, 0x0000000098100000|  0%| F|  |TAMS 0x0000000098000000, 0x0000000098000000| Untracked 
| 221|0x0000000098100000, 0x0000000098100000, 0x0000000098200000|  0%| F|  |TAMS 0x0000000098100000, 0x0000000098100000| Untracked 
| 222|0x0000000098200000, 0x0000000098200000, 0x0000000098300000|  0%| F|  |TAMS 0x0000000098200000, 0x0000000098200000| Untracked 
| 223|0x0000000098300000, 0x0000000098300000, 0x0000000098400000|  0%| F|  |TAMS 0x0000000098300000, 0x0000000098300000| Untracked 
| 224|0x0000000098400000, 0x0000000098400000, 0x0000000098500000|  0%| F|  |TAMS 0x0000000098400000, 0x0000000098400000| Untracked 
| 225|0x0000000098500000, 0x0000000098500000, 0x0000000098600000|  0%| F|  |TAMS 0x0000000098500000, 0x0000000098500000| Untracked 
| 226|0x0000000098600000, 0x0000000098600000, 0x0000000098700000|  0%| F|  |TAMS 0x0000000098600000, 0x0000000098600000| Untracked 
| 227|0x0000000098700000, 0x0000000098700000, 0x0000000098800000|  0%| F|  |TAMS 0x0000000098700000, 0x0000000098700000| Untracked 
| 228|0x0000000098800000, 0x0000000098800000, 0x0000000098900000|  0%| F|  |TAMS 0x0000000098800000, 0x0000000098800000| Untracked 
| 229|0x0000000098900000, 0x0000000098900000, 0x0000000098a00000|  0%| F|  |TAMS 0x0000000098900000, 0x0000000098900000| Untracked 
| 230|0x0000000098a00000, 0x0000000098a00000, 0x0000000098b00000|  0%| F|  |TAMS 0x0000000098a00000, 0x0000000098a00000| Untracked 
| 231|0x0000000098b00000, 0x0000000098b00000, 0x0000000098c00000|  0%| F|  |TAMS 0x0000000098b00000, 0x0000000098b00000| Untracked 
| 232|0x0000000098c00000, 0x0000000098c00000, 0x0000000098d00000|  0%| F|  |TAMS 0x0000000098c00000, 0x0000000098c00000| Untracked 
| 233|0x0000000098d00000, 0x0000000098d00000, 0x0000000098e00000|  0%| F|  |TAMS 0x0000000098d00000, 0x0000000098d00000| Untracked 
| 234|0x0000000098e00000, 0x0000000098e00000, 0x0000000098f00000|  0%| F|  |TAMS 0x0000000098e00000, 0x0000000098e00000| Untracked 
| 235|0x0000000098f00000, 0x0000000098f00000, 0x0000000099000000|  0%| F|  |TAMS 0x0000000098f00000, 0x0000000098f00000| Untracked 
| 236|0x0000000099000000, 0x0000000099000000, 0x0000000099100000|  0%| F|  |TAMS 0x0000000099000000, 0x0000000099000000| Untracked 
| 237|0x0000000099100000, 0x0000000099100000, 0x0000000099200000|  0%| F|  |TAMS 0x0000000099100000, 0x0000000099100000| Untracked 
| 238|0x0000000099200000, 0x0000000099200000, 0x0000000099300000|  0%| F|  |TAMS 0x0000000099200000, 0x0000000099200000| Untracked 
| 239|0x0000000099300000, 0x0000000099300000, 0x0000000099400000|  0%| F|  |TAMS 0x0000000099300000, 0x0000000099300000| Untracked 
| 240|0x0000000099400000, 0x0000000099400000, 0x0000000099500000|  0%| F|  |TAMS 0x0000000099400000, 0x0000000099400000| Untracked 
| 241|0x0000000099500000, 0x0000000099500000, 0x0000000099600000|  0%| F|  |TAMS 0x0000000099500000, 0x0000000099500000| Untracked 
| 242|0x0000000099600000, 0x0000000099600000, 0x0000000099700000|  0%| F|  |TAMS 0x0000000099600000, 0x0000000099600000| Untracked 
| 243|0x0000000099700000, 0x0000000099700000, 0x0000000099800000|  0%| F|  |TAMS 0x0000000099700000, 0x0000000099700000| Untracked 
| 244|0x0000000099800000, 0x0000000099800000, 0x0000000099900000|  0%| F|  |TAMS 0x0000000099800000, 0x0000000099800000| Untracked 
| 245|0x0000000099900000, 0x0000000099900000, 0x0000000099a00000|  0%| F|  |TAMS 0x0000000099900000, 0x0000000099900000| Untracked 
| 246|0x0000000099a00000, 0x0000000099a00000, 0x0000000099b00000|  0%| F|  |TAMS 0x0000000099a00000, 0x0000000099a00000| Untracked 
| 247|0x0000000099b00000, 0x0000000099b00000, 0x0000000099c00000|  0%| F|  |TAMS 0x0000000099b00000, 0x0000000099b00000| Untracked 
| 248|0x0000000099c00000, 0x0000000099c00000, 0x0000000099d00000|  0%| F|  |TAMS 0x0000000099c00000, 0x0000000099c00000| Untracked 
| 249|0x0000000099d00000, 0x0000000099d00000, 0x0000000099e00000|  0%| F|  |TAMS 0x0000000099d00000, 0x0000000099d00000| Untracked 
| 250|0x0000000099e00000, 0x0000000099e00000, 0x0000000099f00000|  0%| F|  |TAMS 0x0000000099e00000, 0x0000000099e00000| Untracked 
| 251|0x0000000099f00000, 0x0000000099f00000, 0x000000009a000000|  0%| F|  |TAMS 0x0000000099f00000, 0x0000000099f00000| Untracked 
| 252|0x000000009a000000, 0x000000009a000000, 0x000000009a100000|  0%| F|  |TAMS 0x000000009a000000, 0x000000009a000000| Untracked 
| 253|0x000000009a100000, 0x000000009a100000, 0x000000009a200000|  0%| F|  |TAMS 0x000000009a100000, 0x000000009a100000| Untracked 
| 254|0x000000009a200000, 0x000000009a200000, 0x000000009a300000|  0%| F|  |TAMS 0x000000009a200000, 0x000000009a200000| Untracked 
| 255|0x000000009a300000, 0x000000009a300000, 0x000000009a400000|  0%| F|  |TAMS 0x000000009a300000, 0x000000009a300000| Untracked 
| 256|0x000000009a400000, 0x000000009a400000, 0x000000009a500000|  0%| F|  |TAMS 0x000000009a400000, 0x000000009a400000| Untracked 
|1882|0x00000000ffe00000, 0x00000000ffe47000, 0x00000000fff00000| 27%|OA|  |TAMS 0x00000000ffe47000, 0x00000000ffe00000| Untracked 
|1883|0x00000000fff00000, 0x00000000fff6a000, 0x0000000100000000| 41%|CA|  |TAMS 0x00000000fff6a000, 0x00000000fff00000| Untracked 

Card table byte_map: [0x00007f55e80c3000,0x00007f55e8471000] _byte_map_base: 0x00007f55e7c71000

Marking Bits (Prev, Next): (CMBitMap*) 0x00007f55e4058ce0, (CMBitMap*) 0x00007f55e4058ca8
 Prev Bits: [0x00007f55c4520000, 0x00007f55c6290000)
 Next Bits: [0x00007f55c6290000, 0x00007f55c8000000)

Polling page: 0x00007f55ecb52000

Metaspace:

Usage:
  Non-class:     47.84 MB capacity,    46.82 MB ( 98%) used,   843.42 KB (  2%) free+waste,   196.81 KB ( <1%) overhead. 
      Class:      8.04 MB capacity,     7.42 MB ( 92%) used,   535.34 KB (  7%) free+waste,    96.50 KB (  1%) overhead. 
       Both:     55.88 MB capacity,    54.25 MB ( 97%) used,     1.35 MB (  2%) free+waste,   293.31 KB ( <1%) overhead. 

Virtual space:
  Non-class space:       48.00 MB reserved,      47.92 MB (>99%) committed 
      Class space:        1.00 GB reserved,       8.11 MB ( <1%) committed 
             Both:        1.05 GB reserved,      56.03 MB (  5%) committed 

Chunk freelists:
   Non-Class:  43.00 KB
       Class:  23.00 KB
        Both:  66.00 KB

MaxMetaspaceSize: unlimited
CompressedClassSpaceSize: 1.00 GB

CodeHeap 'non-profiled nmethods': size=239512Kb used=9391Kb max_used=9391Kb free=230120Kb
 bounds [0x00007f55ccf2a000, 0x00007f55cd85a000, 0x00007f55db910000]
CodeHeap 'non-nmethods': size=6248Kb used=1264Kb max_used=1264Kb free=4983Kb
 bounds [0x00007f55cc910000, 0x00007f55ccb80000, 0x00007f55ccf2a000]
 total_blobs=6327 nmethods=5634 adapters=587
 compilation: enabled
              stopped_count=0, restarted_count=0
 full_count=0

Compilation events (20 events):
Event: 34.444 Thread 0x00007f55e410c800 5642       1       org.springframework.core.ResolvableType::isUnresolvableTypeVariable (53 bytes)
Event: 34.444 Thread 0x00007f55e410c800 nmethod 5642 0x00007f55cd850b10 code [0x00007f55cd850ce0, 0x00007f55cd850f78]
Event: 34.444 Thread 0x00007f55e410c800 5643       1       org.springframework.core.ResolvableType::isWildcardWithoutBounds (58 bytes)
Event: 34.444 Thread 0x00007f55e410c800 nmethod 5643 0x00007f55cd851090 code [0x00007f55cd851260, 0x00007f55cd851538]
Event: 34.444 Thread 0x00007f55e410c800 5644       1       org.springframework.data.convert.CustomConversions$$Lambda$893/0x00000008407d6040::apply (9 bytes)
Event: 34.445 Thread 0x00007f55e410c800 nmethod 5644 0x00007f55cd851690 code [0x00007f55cd851860, 0x00007f55cd8519d8]
Event: 34.445 Thread 0x00007f55e410c800 5647       1       org.springframework.core.convert.support.GenericConversionService::getRequiredTypeInfo (57 bytes)
Event: 34.445 Thread 0x00007f55e410c800 nmethod 5647 0x00007f55cd851a90 code [0x00007f55cd851c80, 0x00007f55cd851f48]
Event: 34.445 Thread 0x00007f55e410c800 5648       1       sun.reflect.generics.reflectiveObjects.WildcardTypeImpl::getLowerBounds (34 bytes)
Event: 34.457 Thread 0x00007f55e410c800 nmethod 5648 0x00007f55cd852110 code [0x00007f55cd8522e0, 0x00007f55cd8525f8]
Event: 35.289 Thread 0x00007f55e410c800 5649       1       java.util.concurrent.atomic.AtomicLong::<init> (10 bytes)
Event: 36.622 Thread 0x00007f55e410c800 nmethod 5649 0x00007f55cd852710 code [0x00007f55cd8528c0, 0x00007f55cd852a10]
Event: 36.860 Thread 0x00007f55e410c800 5651       1       javax.management.ImmutableDescriptor::makeMap (125 bytes)
Event: 37.056 Thread 0x00007f55e410c800 nmethod 5651 0x00007f55cd852a90 code [0x00007f55cd852cc0, 0x00007f55cd853308]
Event: 37.056 Thread 0x00007f55e410c800 5652   !   1       com.sun.jmx.mbeanserver.Introspector::descriptorForAnnotations (242 bytes)
Event: 37.068 Thread 0x00007f55e410c800 nmethod 5652 0x00007f55cd853610 code [0x00007f55cd853940, 0x00007f55cd8547e8]
Event: 37.121 Thread 0x00007f55e410c800 5654  s    1       java.lang.StringBuffer::append (15 bytes)
Event: 37.121 Thread 0x00007f55e410c800 nmethod 5654 0x00007f55cd855190 code [0x00007f55cd855340, 0x00007f55cd855668]
Event: 37.122 Thread 0x00007f55e410c800 5655  s    1       java.lang.StringBuffer::append (13 bytes)
Event: 37.122 Thread 0x00007f55e410c800 nmethod 5655 0x00007f55cd855710 code [0x00007f55cd8558c0, 0x00007f55cd855be8]

GC Heap History (20 events):
Event: 2.131 GC heap after
{Heap after GC invocations=3 (full 0):
 garbage-first heap   total 122880K, used 11810K [0x000000008a400000, 0x0000000100000000)
  region size 1024K, 1 young (1024K), 1 survivors (1024K)
 Metaspace       used 5522K, capacity 5861K, committed 6016K, reserved 1056768K
  class space    used 697K, capacity 835K, committed 896K, reserved 1048576K
}
Event: 2.533 GC heap before
{Heap before GC invocations=3 (full 0):
 garbage-first heap   total 122880K, used 25122K [0x000000008a400000, 0x0000000100000000)
  region size 1024K, 14 young (14336K), 1 survivors (1024K)
 Metaspace       used 7092K, capacity 7461K, committed 7808K, reserved 1056768K
  class space    used 905K, capacity 1054K, committed 1152K, reserved 1048576K
}
Event: 2.551 GC heap after
{Heap after GC invocations=4 (full 0):
 garbage-first heap   total 122880K, used 12306K [0x000000008a400000, 0x0000000100000000)
  region size 1024K, 2 young (2048K), 2 survivors (2048K)
 Metaspace       used 7092K, capacity 7461K, committed 7808K, reserved 1056768K
  class space    used 905K, capacity 1054K, committed 1152K, reserved 1048576K
}
Event: 2.975 GC heap before
{Heap before GC invocations=4 (full 0):
 garbage-first heap   total 122880K, used 32786K [0x000000008a400000, 0x0000000100000000)
  region size 1024K, 22 young (22528K), 2 survivors (2048K)
 Metaspace       used 9765K, capacity 10231K, committed 10496K, reserved 1058816K
  class space    used 1251K, capacity 1429K, committed 1536K, reserved 1048576K
}
Event: 2.990 GC heap after
{Heap after GC invocations=5 (full 0):
 garbage-first heap   total 177152K, used 13350K [0x000000008a400000, 0x0000000100000000)
  region size 1024K, 3 young (3072K), 3 survivors (3072K)
 Metaspace       used 9765K, capacity 10231K, committed 10496K, reserved 1058816K
  class space    used 1251K, capacity 1429K, committed 1536K, reserved 1048576K
}
Event: 3.800 GC heap before
{Heap before GC invocations=5 (full 0):
 garbage-first heap   total 177152K, used 44070K [0x000000008a400000, 0x0000000100000000)
  region size 1024K, 34 young (34816K), 3 survivors (3072K)
 Metaspace       used 13582K, capacity 14180K, committed 14336K, reserved 1060864K
  class space    used 1909K, capacity 2184K, committed 2304K, reserved 1048576K
}
Event: 3.816 GC heap after
{Heap after GC invocations=6 (full 0):
 garbage-first heap   total 177152K, used 14497K [0x000000008a400000, 0x0000000100000000)
  region size 1024K, 4 young (4096K), 4 survivors (4096K)
 Metaspace       used 13582K, capacity 14180K, committed 14336K, reserved 1060864K
  class space    used 1909K, capacity 2184K, committed 2304K, reserved 1048576K
}
Event: 6.431 GC heap before
{Heap before GC invocations=6 (full 0):
 garbage-first heap   total 177152K, used 94369K [0x000000008a400000, 0x0000000100000000)
  region size 1024K, 82 young (83968K), 4 survivors (4096K)
 Metaspace       used 18632K, capacity 19499K, committed 19840K, reserved 1067008K
  class space    used 2560K, capacity 2931K, committed 2944K, reserved 1048576K
}
Event: 6.514 GC heap after
{Heap after GC invocations=7 (full 0):
 garbage-first heap   total 177152K, used 17249K [0x000000008a400000, 0x0000000100000000)
  region size 1024K, 7 young (7168K), 7 survivors (7168K)
 Metaspace       used 18632K, capacity 19499K, committed 19840K, reserved 1067008K
  class space    used 2560K, capacity 2931K, committed 2944K, reserved 1048576K
}
Event: 7.214 GC heap before
{Heap before GC invocations=7 (full 0):
 garbage-first heap   total 177152K, used 76641K [0x000000008a400000, 0x0000000100000000)
  region size 1024K, 67 young (68608K), 7 survivors (7168K)
 Metaspace       used 20304K, capacity 21153K, committed 21296K, reserved 1067008K
  class space    used 2772K, capacity 3139K, committed 3200K, reserved 1048576K
}
Event: 7.251 GC heap after
{Heap after GC invocations=8 (full 0):
 garbage-first heap   total 177152K, used 17872K [0x000000008a400000, 0x0000000100000000)
  region size 1024K, 6 young (6144K), 6 survivors (6144K)
 Metaspace       used 20304K, capacity 21153K, committed 21296K, reserved 1067008K
  class space    used 2772K, capacity 3139K, committed 3200K, reserved 1048576K
}
Event: 11.047 GC heap before
{Heap before GC invocations=9 (full 0):
 garbage-first heap   total 177152K, used 117200K [0x000000008a400000, 0x0000000100000000)
  region size 1024K, 103 young (105472K), 6 survivors (6144K)
 Metaspace       used 29156K, capacity 30365K, committed 30512K, reserved 1075200K
  class space    used 3936K, capacity 4425K, committed 4480K, reserved 1048576K
}
Event: 11.173 GC heap after
{Heap after GC invocations=10 (full 0):
 garbage-first heap   total 265216K, used 21968K [0x000000008a400000, 0x0000000100000000)
  region size 1024K, 10 young (10240K), 10 survivors (10240K)
 Metaspace       used 29156K, capacity 30365K, committed 30512K, reserved 1075200K
  class space    used 3936K, capacity 4425K, committed 4480K, reserved 1048576K
}
Event: 12.962 GC heap before
{Heap before GC invocations=10 (full 0):
 garbage-first heap   total 265216K, used 105936K [0x000000008a400000, 0x0000000100000000)
  region size 1024K, 94 young (96256K), 10 survivors (10240K)
 Metaspace       used 34485K, capacity 35716K, committed 35888K, reserved 1079296K
  class space    used 4699K, capacity 5206K, committed 5248K, reserved 1048576K
}
Event: 13.042 GC heap after
{Heap after GC invocations=11 (full 0):
 garbage-first heap   total 265216K, used 23763K [0x000000008a400000, 0x0000000100000000)
  region size 1024K, 10 young (10240K), 10 survivors (10240K)
 Metaspace       used 34485K, capacity 35716K, committed 35888K, reserved 1079296K
  class space    used 4699K, capacity 5206K, committed 5248K, reserved 1048576K
}
Event: 18.601 GC heap before
{Heap before GC invocations=12 (full 0):
 garbage-first heap   total 265216K, used 126163K [0x000000008a400000, 0x0000000100000000)
  region size 1024K, 110 young (112640K), 10 survivors (10240K)
 Metaspace       used 50538K, capacity 51953K, committed 52508K, reserved 1093632K
  class space    used 6885K, capacity 7444K, committed 7532K, reserved 1048576K
}
Event: 18.823 GC heap after
{Heap after GC invocations=13 (full 0):
 garbage-first heap   total 265216K, used 31775K [0x000000008a400000, 0x0000000100000000)
  region size 1024K, 14 young (14336K), 14 survivors (14336K)
 Metaspace       used 50538K, capacity 51953K, committed 52508K, reserved 1093632K
  class space    used 6885K, capacity 7444K, committed 7532K, reserved 1048576K
}
Event: 26.205 GC heap before
{Heap before GC invocations=14 (full 0):
 garbage-first heap   total 265216K, used 44063K [0x000000008a400000, 0x0000000100000000)
  region size 1024K, 26 young (26624K), 14 survivors (14336K)
 Metaspace       used 50897K, capacity 52329K, committed 52892K, reserved 1095680K
  class space    used 6961K, capacity 7525K, committed 7660K, reserved 1048576K
}
Event: 26.307 GC heap after
{Heap after GC invocations=15 (full 0):
 garbage-first heap   total 265216K, used 33527K [0x000000008a400000, 0x0000000100000000)
  region size 1024K, 2 young (2048K), 2 survivors (2048K)
 Metaspace       used 50897K, capacity 52329K, committed 52892K, reserved 1095680K
  class space    used 6961K, capacity 7525K, committed 7660K, reserved 1048576K
}
Event: 38.569 GC heap before
{Heap before GC invocations=15 (full 0):
 garbage-first heap   total 265216K, used 83703K [0x000000008a400000, 0x0000000100000000)
  region size 1024K, 51 young (52224K), 2 survivors (2048K)
 Metaspace       used 55549K, capacity 57222K, committed 57372K, reserved 1097728K
  class space    used 7601K, capacity 8233K, committed 8300K, reserved 1048576K
}

Deoptimization events (6 events):
Event: 7.275 Thread 0x00007f55e4019800 DEOPT PACKING pc=0x00007f55cd37a04c sp=0x00007f55ecb38bb0
Event: 7.275 Thread 0x00007f55e4019800 DEOPT UNPACKING pc=0x00007f55cc937c2b sp=0x00007f55ecb380c0 mode 0
Event: 8.986 Thread 0x00007f55e4019800 DEOPT PACKING pc=0x00007f55cd205d14 sp=0x00007f55ecb381f0
Event: 8.986 Thread 0x00007f55e4019800 DEOPT UNPACKING pc=0x00007f55cc937c2b sp=0x00007f55ecb37778 mode 0
Event: 31.018 Thread 0x00007f55e4019800 DEOPT PACKING pc=0x00007f55cd1cb19d sp=0x00007f55ecb37900
Event: 31.026 Thread 0x00007f55e4019800 DEOPT UNPACKING pc=0x00007f55cc937c2b sp=0x00007f55ecb36e28 mode 3

Classes redefined (0 events):
No events

Internal exceptions (20 events):
Event: 34.213 Thread 0x00007f558c003800 Exception <a 'java/lang/ClassNotFoundException'{0x0000000097874a08}: org/springframework/context/support/LiveBeansView> (0x0000000097874a08) thrown at [/build/openjdk-lts-iuKaMP/openjdk-lts-11.0.6+10/src/hotspot/share/classfile/systemDictionary.cpp, line 
Event: 34.213 Thread 0x00007f558c003800 Exception <a 'java/lang/ClassNotFoundException'{0x0000000097874da8}: org/springframework/context/support/LiveBeansView> (0x0000000097874da8) thrown at [/build/openjdk-lts-iuKaMP/openjdk-lts-11.0.6+10/src/hotspot/share/classfile/systemDictionary.cpp, line 
Event: 34.213 Thread 0x00007f558c003800 Exception <a 'java/lang/ClassNotFoundException'{0x0000000097875168}: org/springframework/context/support/LiveBeansView> (0x0000000097875168) thrown at [/build/openjdk-lts-iuKaMP/openjdk-lts-11.0.6+10/src/hotspot/share/classfile/systemDictionary.cpp, line 
Event: 34.213 Thread 0x00007f558c003800 Exception <a 'java/lang/ClassNotFoundException'{0x0000000097875520}: org/springframework/context/support/LiveBeansView> (0x0000000097875520) thrown at [/build/openjdk-lts-iuKaMP/openjdk-lts-11.0.6+10/src/hotspot/share/classfile/systemDictionary.cpp, line 
Event: 34.213 Thread 0x00007f558c003800 Exception <a 'java/lang/ClassNotFoundException'{0x00000000978758d0}: org/springframework/context/support/LiveBeansView> (0x00000000978758d0) thrown at [/build/openjdk-lts-iuKaMP/openjdk-lts-11.0.6+10/src/hotspot/share/classfile/systemDictionary.cpp, line 
Event: 34.213 Thread 0x00007f558c003800 Exception <a 'java/lang/ClassNotFoundException'{0x0000000097875c78}: org/springframework/context/support/LiveBeansView> (0x0000000097875c78) thrown at [/build/openjdk-lts-iuKaMP/openjdk-lts-11.0.6+10/src/hotspot/share/classfile/systemDictionary.cpp, line 
Event: 34.213 Thread 0x00007f558c003800 Exception <a 'java/lang/ClassNotFoundException'{0x0000000097876038}: org/springframework/context/support/LiveBeansView> (0x0000000097876038) thrown at [/build/openjdk-lts-iuKaMP/openjdk-lts-11.0.6+10/src/hotspot/share/classfile/systemDictionary.cpp, line 
Event: 34.213 Thread 0x00007f558c003800 Exception <a 'java/lang/ClassNotFoundException'{0x00000000978763e0}: org/springframework/context/support/LiveBeansView> (0x00000000978763e0) thrown at [/build/openjdk-lts-iuKaMP/openjdk-lts-11.0.6+10/src/hotspot/share/classfile/systemDictionary.cpp, line 
Event: 34.213 Thread 0x00007f558c003800 Exception <a 'java/lang/ClassNotFoundException'{0x00000000978767a0}: org/springframework/context/support/LiveBeansView> (0x00000000978767a0) thrown at [/build/openjdk-lts-iuKaMP/openjdk-lts-11.0.6+10/src/hotspot/share/classfile/systemDictionary.cpp, line 
Event: 34.213 Thread 0x00007f558c003800 Exception <a 'java/lang/ClassNotFoundException'{0x0000000097876b58}: org/springframework/context/support/LiveBeansView> (0x0000000097876b58) thrown at [/build/openjdk-lts-iuKaMP/openjdk-lts-11.0.6+10/src/hotspot/share/classfile/systemDictionary.cpp, line 
Event: 34.213 Thread 0x00007f558c003800 Exception <a 'java/lang/ClassNotFoundException'{0x0000000097876f08}: org/springframework/context/support/LiveBeansView> (0x0000000097876f08) thrown at [/build/openjdk-lts-iuKaMP/openjdk-lts-11.0.6+10/src/hotspot/share/classfile/systemDictionary.cpp, line 
Event: 34.213 Thread 0x00007f558c003800 Exception <a 'java/lang/ClassNotFoundException'{0x00000000978772c8}: org/springframework/context/support/LiveBeansView> (0x00000000978772c8) thrown at [/build/openjdk-lts-iuKaMP/openjdk-lts-11.0.6+10/src/hotspot/share/classfile/systemDictionary.cpp, line 
Event: 34.213 Thread 0x00007f558c003800 Exception <a 'java/lang/ClassNotFoundException'{0x0000000097877688}: org/springframework/context/support/LiveBeansView> (0x0000000097877688) thrown at [/build/openjdk-lts-iuKaMP/openjdk-lts-11.0.6+10/src/hotspot/share/classfile/systemDictionary.cpp, line 
Event: 34.213 Thread 0x00007f558c003800 Exception <a 'java/lang/ClassNotFoundException'{0x0000000097877a28}: org/springframework/context/support/LiveBeansView> (0x0000000097877a28) thrown at [/build/openjdk-lts-iuKaMP/openjdk-lts-11.0.6+10/src/hotspot/share/classfile/systemDictionary.cpp, line 
Event: 34.213 Thread 0x00007f558c003800 Exception <a 'java/lang/ClassNotFoundException'{0x0000000097877de0}: org/springframework/context/support/LiveBeansView> (0x0000000097877de0) thrown at [/build/openjdk-lts-iuKaMP/openjdk-lts-11.0.6+10/src/hotspot/share/classfile/systemDictionary.cpp, line 
Event: 34.213 Thread 0x00007f558c003800 Exception <a 'java/lang/ClassNotFoundException'{0x0000000097878188}: org/springframework/context/support/LiveBeansView> (0x0000000097878188) thrown at [/build/openjdk-lts-iuKaMP/openjdk-lts-11.0.6+10/src/hotspot/share/classfile/systemDictionary.cpp, line 
Event: 34.217 Thread 0x00007f558c003800 Exception <a 'java/lang/ClassNotFoundException'{0x00000000978af898}: org/springframework/context/support/LiveBeansView> (0x00000000978af898) thrown at [/build/openjdk-lts-iuKaMP/openjdk-lts-11.0.6+10/src/hotspot/share/classfile/systemDictionary.cpp, line 
Event: 34.217 Thread 0x00007f558c003800 Exception <a 'java/lang/ClassNotFoundException'{0x00000000978afc60}: org/springframework/context/support/LiveBeansView> (0x00000000978afc60) thrown at [/build/openjdk-lts-iuKaMP/openjdk-lts-11.0.6+10/src/hotspot/share/classfile/systemDictionary.cpp, line 
Event: 34.217 Thread 0x00007f558c003800 Exception <a 'java/lang/ClassNotFoundException'{0x00000000978b0010}: org/springframework/context/support/LiveBeansView> (0x00000000978b0010) thrown at [/build/openjdk-lts-iuKaMP/openjdk-lts-11.0.6+10/src/hotspot/share/classfile/systemDictionary.cpp, line 
Event: 34.217 Thread 0x00007f558c003800 Exception <a 'java/lang/ClassNotFoundException'{0x00000000978b03c0}: org/springframework/context/support/LiveBeansView> (0x00000000978b03c0) thrown at [/build/openjdk-lts-iuKaMP/openjdk-lts-11.0.6+10/src/hotspot/share/classfile/systemDictionary.cpp, line 

Events (20 events):
Event: 35.272 loading class org/apache/commons/pool2/impl/BaseGenericObjectPool$StatsStore done
Event: 35.317 loading class org/apache/commons/pool2/impl/DefaultPooledObjectInfo
Event: 35.317 loading class org/apache/commons/pool2/impl/DefaultPooledObjectInfo done
Event: 35.334 loading class org/apache/commons/pool2/impl/DefaultPooledObjectInfoMBean
Event: 35.334 loading class org/apache/commons/pool2/impl/DefaultPooledObjectInfoMBean done
Event: 36.003 loading class org/apache/commons/pool2/impl/AbandonedConfig
Event: 36.008 loading class org/apache/commons/pool2/impl/AbandonedConfig done
Event: 37.063 loading class java/io/StringWriter
Event: 37.092 loading class java/io/StringWriter done
Event: 37.098 loading class java/lang/Throwable$WrappedPrintWriter
Event: 37.104 loading class java/lang/Throwable$WrappedPrintWriter done
Event: 37.128 loading class org/apache/commons/pool2/impl/LinkedBlockingDeque
Event: 37.129 loading class org/apache/commons/pool2/impl/LinkedBlockingDeque done
Event: 37.739 loading class org/apache/commons/pool2/impl/InterruptibleReentrantLock
Event: 37.739 loading class org/apache/commons/pool2/impl/InterruptibleReentrantLock done
Event: 37.766 loading class org/apache/commons/pool2/impl/EvictionTimer
Event: 37.766 loading class org/apache/commons/pool2/impl/EvictionTimer done
Event: 37.768 loading class org/apache/commons/pool2/impl/BaseGenericObjectPool$Evictor
Event: 37.768 loading class org/apache/commons/pool2/impl/BaseGenericObjectPool$Evictor done
Event: 37.780 Executing VM operation: G1CollectForAllocation


Dynamic libraries:
8a400000-9a500000 rw-p 00000000 00:00 0 
a7300000-ffe00000 ---p 00000000 00:00 0 
ffe00000-ffe47000 rw-p 01105000 b3:02 2097936                            /usr/lib/jvm/java-11-openjdk-amd64/lib/server/classes.jsa
ffe47000-fff00000 rw-p 00000000 00:00 0 
fff00000-fff6a000 rw-p 0109b000 b3:02 2097936                            /usr/lib/jvm/java-11-openjdk-amd64/lib/server/classes.jsa
fff6a000-100000000 rw-p 00000000 00:00 0 
800000000-800002000 rwxp 00001000 b3:02 2097936                          /usr/lib/jvm/java-11-openjdk-amd64/lib/server/classes.jsa
800002000-8003b8000 rw-p 00003000 b3:02 2097936                          /usr/lib/jvm/java-11-openjdk-amd64/lib/server/classes.jsa
8003b8000-800a8d000 r--p 003b9000 b3:02 2097936                          /usr/lib/jvm/java-11-openjdk-amd64/lib/server/classes.jsa
800a8d000-800a8e000 rw-p 00a8e000 b3:02 2097936                          /usr/lib/jvm/java-11-openjdk-amd64/lib/server/classes.jsa
800a8e000-80109a000 r--p 00a8f000 b3:02 2097936                          /usr/lib/jvm/java-11-openjdk-amd64/lib/server/classes.jsa
840000000-84081b000 rw-p 00000000 00:00 0 
84081b000-880000000 ---p 00000000 00:00 0 
5591c676f000-5591c6770000 r-xp 00000000 b3:02 2097933                    /usr/lib/jvm/java-11-openjdk-amd64/bin/java
5591c6970000-5591c6971000 r--p 00001000 b3:02 2097933                    /usr/lib/jvm/java-11-openjdk-amd64/bin/java
5591c6971000-5591c6972000 rw-p 00002000 b3:02 2097933                    /usr/lib/jvm/java-11-openjdk-amd64/bin/java
5591c7e59000-5591c7e9b000 rw-p 00000000 00:00 0                          [heap]
7f55884ba000-7f55886ba000 rw-p 00000000 00:00 0 
7f55886ba000-7f55888ba000 rw-p 00000000 00:00 0 
7f55888ba000-7f5588aba000 rw-p 00000000 00:00 0 
7f5588aba000-7f5588cba000 rw-p 00000000 00:00 0 
7f5588cba000-7f5588eba000 rw-p 00000000 00:00 0 
7f5588eba000-7f5588ebe000 ---p 00000000 00:00 0 
7f5588ebe000-7f5588fbb000 rw-p 00000000 00:00 0 
7f5588fbb000-7f5588fbf000 ---p 00000000 00:00 0 
7f5588fbf000-7f55892bc000 rw-p 00000000 00:00 0 
7f55892bc000-7f55894bc000 rw-p 00000000 00:00 0 
7f55894bc000-7f55894e6000 r-xp 00000000 b3:02 2117488                    /usr/lib/jvm/java-11-openjdk-amd64/lib/libsunec.so
7f55894e6000-7f55896e5000 ---p 0002a000 b3:02 2117488                    /usr/lib/jvm/java-11-openjdk-amd64/lib/libsunec.so
7f55896e5000-7f55896e9000 r--p 00029000 b3:02 2117488                    /usr/lib/jvm/java-11-openjdk-amd64/lib/libsunec.so
7f55896e9000-7f55896eb000 rw-p 0002d000 b3:02 2117488                    /usr/lib/jvm/java-11-openjdk-amd64/lib/libsunec.so
7f55896eb000-7f55898eb000 rw-p 00000000 00:00 0 
7f55898eb000-7f5589aeb000 rw-p 00000000 00:00 0 
7f5589aeb000-7f5589ceb000 rw-p 00000000 00:00 0 
7f5589ceb000-7f5589cef000 ---p 00000000 00:00 0 
7f5589cef000-7f5589dec000 rw-p 00000000 00:00 0 
7f5589dec000-7f5589df0000 ---p 00000000 00:00 0 
7f5589df0000-7f5589eed000 rw-p 00000000 00:00 0 
7f5589eed000-7f5589ef1000 ---p 00000000 00:00 0 
7f5589ef1000-7f558a1ee000 rw-p 00000000 00:00 0 
7f558a1ee000-7f558a3ee000 rw-p 00000000 00:00 0 
7f558a3ee000-7f558a5ee000 rw-p 00000000 00:00 0 
7f558a5ee000-7f558a7ee000 rw-p 00000000 00:00 0 
7f558a7ee000-7f558a9ee000 rw-p 00000000 00:00 0 
7f558a9ee000-7f558abda000 rw-p 00000000 00:00 0 
7f558abda000-7f558abee000 ---p 00000000 00:00 0 
7f558abee000-7f558adee000 rw-p 00000000 00:00 0 
7f558adee000-7f558afee000 rw-p 00000000 00:00 0 
7f558afee000-7f558aff2000 ---p 00000000 00:00 0 
7f558aff2000-7f558b0ef000 rw-p 00000000 00:00 0 
7f558b0ef000-7f558b0f3000 ---p 00000000 00:00 0 
7f558b0f3000-7f558b3f0000 rw-p 00000000 00:00 0 
7f558b3f0000-7f558b3f4000 ---p 00000000 00:00 0 
7f558b3f4000-7f558b6f1000 rw-p 00000000 00:00 0 
7f558b6f1000-7f558b6f5000 ---p 00000000 00:00 0 
7f558b6f5000-7f558b7f2000 rw-p 00000000 00:00 0 
7f558b7f2000-7f558b7f6000 ---p 00000000 00:00 0 
7f558b7f6000-7f558b8f3000 rw-p 00000000 00:00 0 
7f558b8f3000-7f558b8f4000 ---p 00000000 00:00 0 
7f558b8f4000-7f558b9f5000 rw-p 00000000 00:00 0 
7f558b9f5000-7f558b9f9000 ---p 00000000 00:00 0 
7f558b9f9000-7f558baf6000 rw-p 00000000 00:00 0 
7f558baf6000-7f558bafa000 ---p 00000000 00:00 0 
7f558bafa000-7f558bbf7000 rw-p 00000000 00:00 0 
7f558bbf7000-7f558bbf9000 r-xp 00000000 b3:02 2117463                    /usr/lib/jvm/java-11-openjdk-amd64/lib/libextnet.so
7f558bbf9000-7f558bdf8000 ---p 00002000 b3:02 2117463                    /usr/lib/jvm/java-11-openjdk-amd64/lib/libextnet.so
7f558bdf8000-7f558bdf9000 r--p 00001000 b3:02 2117463                    /usr/lib/jvm/java-11-openjdk-amd64/lib/libextnet.so
7f558bdf9000-7f558bdfa000 rw-p 00002000 b3:02 2117463                    /usr/lib/jvm/java-11-openjdk-amd64/lib/libextnet.so
7f558bdfa000-7f558bdff000 r-xp 00000000 b3:02 2117480                    /usr/lib/jvm/java-11-openjdk-amd64/lib/libmanagement_ext.so
7f558bdff000-7f558bffe000 ---p 00005000 b3:02 2117480                    /usr/lib/jvm/java-11-openjdk-amd64/lib/libmanagement_ext.so
7f558bffe000-7f558bfff000 r--p 00004000 b3:02 2117480                    /usr/lib/jvm/java-11-openjdk-amd64/lib/libmanagement_ext.so
7f558bfff000-7f558c000000 rw-p 00005000 b3:02 2117480                    /usr/lib/jvm/java-11-openjdk-amd64/lib/libmanagement_ext.so
7f558c000000-7f558c021000 rw-p 00000000 00:00 0 
7f558c021000-7f5590000000 ---p 00000000 00:00 0 
7f5590000000-7f5590025000 rw-p 00000000 00:00 0 
7f5590025000-7f5594000000 ---p 00000000 00:00 0 
7f5594000000-7f5594285000 rw-p 00000000 00:00 0 
7f5594285000-7f5598000000 ---p 00000000 00:00 0 
7f5598000000-7f5598021000 rw-p 00000000 00:00 0 
7f5598021000-7f559c000000 ---p 00000000 00:00 0 
7f559c000000-7f559c07c000 rw-p 00000000 00:00 0 
7f559c07c000-7f55a0000000 ---p 00000000 00:00 0 
7f55a0000000-7f55a0459000 rw-p 00000000 00:00 0 
7f55a0459000-7f55a4000000 ---p 00000000 00:00 0 
7f55a4000000-7f55a4021000 rw-p 00000000 00:00 0 
7f55a4021000-7f55a8000000 ---p 00000000 00:00 0 
7f55a8000000-7f55a8021000 rw-p 00000000 00:00 0 
7f55a8021000-7f55ac000000 ---p 00000000 00:00 0 
7f55ac000000-7f55ac021000 rw-p 00000000 00:00 0 
7f55ac021000-7f55b0000000 ---p 00000000 00:00 0 
7f55b0000000-7f55b0183000 rw-p 00000000 00:00 0 
7f55b0183000-7f55b4000000 ---p 00000000 00:00 0 
7f55b4000000-7f55b4021000 rw-p 00000000 00:00 0 
7f55b4021000-7f55b8000000 ---p 00000000 00:00 0 
7f55b8000000-7f55b8021000 rw-p 00000000 00:00 0 
7f55b8021000-7f55bc000000 ---p 00000000 00:00 0 
7f55bc0fc000-7f55bc100000 ---p 00000000 00:00 0 
7f55bc100000-7f55bc1fd000 rw-p 00000000 00:00 0 
7f55bc1fd000-7f55bc201000 r-xp 00000000 b3:02 2117478                    /usr/lib/jvm/java-11-openjdk-amd64/lib/libmanagement.so
7f55bc201000-7f55bc400000 ---p 00004000 b3:02 2117478                    /usr/lib/jvm/java-11-openjdk-amd64/lib/libmanagement.so
7f55bc400000-7f55bc401000 r--p 00003000 b3:02 2117478                    /usr/lib/jvm/java-11-openjdk-amd64/lib/libmanagement.so
7f55bc401000-7f55bc402000 rw-p 00004000 b3:02 2117478                    /usr/lib/jvm/java-11-openjdk-amd64/lib/libmanagement.so
7f55bc402000-7f55bc403000 ---p 00000000 00:00 0 
7f55bc403000-7f55bc504000 rw-p 00000000 00:00 0 
7f55bc504000-7f55bc51a000 r-xp 00000000 b3:02 2117482                    /usr/lib/jvm/java-11-openjdk-amd64/lib/libnet.so
7f55bc51a000-7f55bc719000 ---p 00016000 b3:02 2117482                    /usr/lib/jvm/java-11-openjdk-amd64/lib/libnet.so
7f55bc719000-7f55bc71a000 r--p 00015000 b3:02 2117482                    /usr/lib/jvm/java-11-openjdk-amd64/lib/libnet.so
7f55bc71a000-7f55bc71b000 rw-p 00016000 b3:02 2117482                    /usr/lib/jvm/java-11-openjdk-amd64/lib/libnet.so
7f55bc71b000-7f55bc72b000 r-xp 00000000 b3:02 2117483                    /usr/lib/jvm/java-11-openjdk-amd64/lib/libnio.so
7f55bc72b000-7f55bc92a000 ---p 00010000 b3:02 2117483                    /usr/lib/jvm/java-11-openjdk-amd64/lib/libnio.so
7f55bc92a000-7f55bc92b000 r--p 0000f000 b3:02 2117483                    /usr/lib/jvm/java-11-openjdk-amd64/lib/libnio.so
7f55bc92b000-7f55bc92c000 rw-p 00010000 b3:02 2117483                    /usr/lib/jvm/java-11-openjdk-amd64/lib/libnio.so
7f55bc92c000-7f55bc930000 ---p 00000000 00:00 0 
7f55bc930000-7f55bca2d000 rw-p 00000000 00:00 0 
7f55bca2d000-7f55bca31000 ---p 00000000 00:00 0 
7f55bca31000-7f55bcb2e000 rw-p 00000000 00:00 0 
7f55bcb2e000-7f55bcb32000 ---p 00000000 00:00 0 
7f55bcb32000-7f55bcc2f000 rw-p 00000000 00:00 0 
7f55bcc2f000-7f55bcc33000 ---p 00000000 00:00 0 
7f55bcc33000-7f55bcd30000 rw-p 00000000 00:00 0 
7f55bcd30000-7f55bcd34000 ---p 00000000 00:00 0 
7f55bcd34000-7f55bce31000 rw-p 00000000 00:00 0 
7f55bce31000-7f55bd800000 r--p 00000000 b3:02 2104005                    /usr/lib/locale/locale-archive
7f55bd800000-7f55c0000000 rw-p 00000000 00:00 0 
7f55c0000000-7f55c0021000 rw-p 00000000 00:00 0 
7f55c0021000-7f55c4000000 ---p 00000000 00:00 0 
7f55c4099000-7f55c409d000 ---p 00000000 00:00 0 
7f55c409d000-7f55c419a000 rw-p 00000000 00:00 0 
7f55c419a000-7f55c419e000 ---p 00000000 00:00 0 
7f55c419e000-7f55c429b000 rw-p 00000000 00:00 0 
7f55c429b000-7f55c429c000 ---p 00000000 00:00 0 
7f55c429c000-7f55c441e000 rw-p 00000000 00:00 0 
7f55c441e000-7f55c441f000 ---p 00000000 00:00 0 
7f55c441f000-7f55c4924000 rw-p 00000000 00:00 0 
7f55c4924000-7f55c6288000 ---p 00000000 00:00 0 
7f55c6288000-7f55c6694000 rw-p 00000000 00:00 0 
7f55c6694000-7f55c7ff8000 ---p 00000000 00:00 0 
7f55c7ff8000-7f55c8000000 rw-p 00000000 00:00 0 
7f55c8000000-7f55c802a000 rw-p 00000000 00:00 0 
7f55c802a000-7f55cc000000 ---p 00000000 00:00 0 
7f55cc05a000-7f55cc05b000 ---p 00000000 00:00 0 
7f55cc05b000-7f55cc35e000 rw-p 00000000 00:00 0 
7f55cc35e000-7f55cc35f000 ---p 00000000 00:00 0 
7f55cc35f000-7f55cc460000 rw-p 00000000 00:00 0 
7f55cc460000-7f55cc461000 ---p 00000000 00:00 0 
7f55cc461000-7f55cc5e3000 rw-p 00000000 00:00 0 
7f55cc5e3000-7f55cc90f000 ---p 00000000 00:00 0 
7f55cc90f000-7f55cc910000 rw-p 00000000 00:00 0 
7f55cc910000-7f55ccb80000 rwxp 00000000 00:00 0 
7f55ccb80000-7f55ccf2a000 ---p 00000000 00:00 0 
7f55ccf2a000-7f55cd85a000 rwxp 00000000 00:00 0 
7f55cd85a000-7f55db910000 ---p 00000000 00:00 0 
7f55db910000-7f55e4000000 r--s 00000000 b3:02 2117492                    /usr/lib/jvm/java-11-openjdk-amd64/lib/modules
7f55e4000000-7f55e5d77000 rw-p 00000000 00:00 0 
7f55e5d77000-7f55e8000000 ---p 00000000 00:00 0 
7f55e8037000-7f55e8144000 rw-p 00000000 00:00 0 
7f55e8144000-7f55e8470000 ---p 00000000 00:00 0 
7f55e8470000-7f55e84f2000 rw-p 00000000 00:00 0 
7f55e84f2000-7f55e881e000 ---p 00000000 00:00 0 
7f55e881e000-7f55e8a21000 rw-p 00000000 00:00 0 
7f55e8a21000-7f55e8a22000 ---p 00000000 00:00 0 
7f55e8a22000-7f55e8b36000 rw-p 00000000 00:00 0 
7f55e8b36000-7f55e8cf7000 ---p 00000000 00:00 0 
7f55e8cf7000-7f55e8cfc000 r-xp 00000000 b3:02 2117474                    /usr/lib/jvm/java-11-openjdk-amd64/lib/libjimage.so
7f55e8cfc000-7f55e8efb000 ---p 00005000 b3:02 2117474                    /usr/lib/jvm/java-11-openjdk-amd64/lib/libjimage.so
7f55e8efb000-7f55e8efc000 r--p 00004000 b3:02 2117474                    /usr/lib/jvm/java-11-openjdk-amd64/lib/libjimage.so
7f55e8efc000-7f55e8efd000 rw-p 00005000 b3:02 2117474                    /usr/lib/jvm/java-11-openjdk-amd64/lib/libjimage.so
7f55e8efd000-7f55e8f04000 r-xp 00000000 b3:02 2117491                    /usr/lib/jvm/java-11-openjdk-amd64/lib/libzip.so
7f55e8f04000-7f55e9103000 ---p 00007000 b3:02 2117491                    /usr/lib/jvm/java-11-openjdk-amd64/lib/libzip.so
7f55e9103000-7f55e9104000 r--p 00006000 b3:02 2117491                    /usr/lib/jvm/java-11-openjdk-amd64/lib/libzip.so
7f55e9104000-7f55e9105000 rw-p 00007000 b3:02 2117491                    /usr/lib/jvm/java-11-openjdk-amd64/lib/libzip.so
7f55e9105000-7f55e9110000 r-xp 00000000 b3:02 529881                     /lib/x86_64-linux-gnu/libnss_files-2.27.so
7f55e9110000-7f55e930f000 ---p 0000b000 b3:02 529881                     /lib/x86_64-linux-gnu/libnss_files-2.27.so
7f55e930f000-7f55e9310000 r--p 0000a000 b3:02 529881                     /lib/x86_64-linux-gnu/libnss_files-2.27.so
7f55e9310000-7f55e9311000 rw-p 0000b000 b3:02 529881                     /lib/x86_64-linux-gnu/libnss_files-2.27.so
7f55e9311000-7f55e9317000 rw-p 00000000 00:00 0 
7f55e9317000-7f55e932e000 r-xp 00000000 b3:02 529875                     /lib/x86_64-linux-gnu/libnsl-2.27.so
7f55e932e000-7f55e952d000 ---p 00017000 b3:02 529875                     /lib/x86_64-linux-gnu/libnsl-2.27.so
7f55e952d000-7f55e952e000 r--p 00016000 b3:02 529875                     /lib/x86_64-linux-gnu/libnsl-2.27.so
7f55e952e000-7f55e952f000 rw-p 00017000 b3:02 529875                     /lib/x86_64-linux-gnu/libnsl-2.27.so
7f55e952f000-7f55e9531000 rw-p 00000000 00:00 0 
7f55e9531000-7f55e953c000 r-xp 00000000 b3:02 529892                     /lib/x86_64-linux-gnu/libnss_nis-2.27.so
7f55e953c000-7f55e973b000 ---p 0000b000 b3:02 529892                     /lib/x86_64-linux-gnu/libnss_nis-2.27.so
7f55e973b000-7f55e973c000 r--p 0000a000 b3:02 529892                     /lib/x86_64-linux-gnu/libnss_nis-2.27.so
7f55e973c000-7f55e973d000 rw-p 0000b000 b3:02 529892                     /lib/x86_64-linux-gnu/libnss_nis-2.27.so
7f55e973d000-7f55e9745000 r-xp 00000000 b3:02 529877                     /lib/x86_64-linux-gnu/libnss_compat-2.27.so
7f55e9745000-7f55e9945000 ---p 00008000 b3:02 529877                     /lib/x86_64-linux-gnu/libnss_compat-2.27.so
7f55e9945000-7f55e9946000 r--p 00008000 b3:02 529877                     /lib/x86_64-linux-gnu/libnss_compat-2.27.so
7f55e9946000-7f55e9947000 rw-p 00009000 b3:02 529877                     /lib/x86_64-linux-gnu/libnss_compat-2.27.so
7f55e9947000-7f55e9970000 r-xp 00000000 b3:02 2117470                    /usr/lib/jvm/java-11-openjdk-amd64/lib/libjava.so
7f55e9970000-7f55e9b6f000 ---p 00029000 b3:02 2117470                    /usr/lib/jvm/java-11-openjdk-amd64/lib/libjava.so
7f55e9b6f000-7f55e9b70000 r--p 00028000 b3:02 2117470                    /usr/lib/jvm/java-11-openjdk-amd64/lib/libjava.so
7f55e9b70000-7f55e9b72000 rw-p 00029000 b3:02 2117470                    /usr/lib/jvm/java-11-openjdk-amd64/lib/libjava.so
7f55e9b72000-7f55e9b7f000 r-xp 00000000 b3:02 2117490                    /usr/lib/jvm/java-11-openjdk-amd64/lib/libverify.so
7f55e9b7f000-7f55e9d7e000 ---p 0000d000 b3:02 2117490                    /usr/lib/jvm/java-11-openjdk-amd64/lib/libverify.so
7f55e9d7e000-7f55e9d80000 r--p 0000c000 b3:02 2117490                    /usr/lib/jvm/java-11-openjdk-amd64/lib/libverify.so
7f55e9d80000-7f55e9d81000 rw-p 0000e000 b3:02 2117490                    /usr/lib/jvm/java-11-openjdk-amd64/lib/libverify.so
7f55e9d81000-7f55e9d88000 r-xp 00000000 b3:02 529932                     /lib/x86_64-linux-gnu/librt-2.27.so
7f55e9d88000-7f55e9f87000 ---p 00007000 b3:02 529932                     /lib/x86_64-linux-gnu/librt-2.27.so
7f55e9f87000-7f55e9f88000 r--p 00006000 b3:02 529932                     /lib/x86_64-linux-gnu/librt-2.27.so
7f55e9f88000-7f55e9f89000 rw-p 00007000 b3:02 529932                     /lib/x86_64-linux-gnu/librt-2.27.so
7f55e9f89000-7f55e9fa0000 r-xp 00000000 b3:02 524731                     /lib/x86_64-linux-gnu/libgcc_s.so.1
7f55e9fa0000-7f55ea19f000 ---p 00017000 b3:02 524731                     /lib/x86_64-linux-gnu/libgcc_s.so.1
7f55ea19f000-7f55ea1a0000 r--p 00016000 b3:02 524731                     /lib/x86_64-linux-gnu/libgcc_s.so.1
7f55ea1a0000-7f55ea1a1000 rw-p 00017000 b3:02 524731                     /lib/x86_64-linux-gnu/libgcc_s.so.1
7f55ea1a1000-7f55ea33e000 r-xp 00000000 b3:02 529854                     /lib/x86_64-linux-gnu/libm-2.27.so
7f55ea33e000-7f55ea53d000 ---p 0019d000 b3:02 529854                     /lib/x86_64-linux-gnu/libm-2.27.so
7f55ea53d000-7f55ea53e000 r--p 0019c000 b3:02 529854                     /lib/x86_64-linux-gnu/libm-2.27.so
7f55ea53e000-7f55ea53f000 rw-p 0019d000 b3:02 529854                     /lib/x86_64-linux-gnu/libm-2.27.so
7f55ea53f000-7f55ea6b8000 r-xp 00000000 b3:02 2099847                    /usr/lib/x86_64-linux-gnu/libstdc++.so.6.0.25
7f55ea6b8000-7f55ea8b8000 ---p 00179000 b3:02 2099847                    /usr/lib/x86_64-linux-gnu/libstdc++.so.6.0.25
7f55ea8b8000-7f55ea8c2000 r--p 00179000 b3:02 2099847                    /usr/lib/x86_64-linux-gnu/libstdc++.so.6.0.25
7f55ea8c2000-7f55ea8c4000 rw-p 00183000 b3:02 2099847                    /usr/lib/x86_64-linux-gnu/libstdc++.so.6.0.25
7f55ea8c4000-7f55ea8c8000 rw-p 00000000 00:00 0 
7f55ea8c8000-7f55eb9a1000 r-xp 00000000 b3:02 2117495                    /usr/lib/jvm/java-11-openjdk-amd64/lib/server/libjvm.so
7f55eb9a1000-7f55ebba0000 ---p 010d9000 b3:02 2117495                    /usr/lib/jvm/java-11-openjdk-amd64/lib/server/libjvm.so
7f55ebba0000-7f55ebc5d000 r--p 010d8000 b3:02 2117495                    /usr/lib/jvm/java-11-openjdk-amd64/lib/server/libjvm.so
7f55ebc5d000-7f55ebc97000 rw-p 01195000 b3:02 2117495                    /usr/lib/jvm/java-11-openjdk-amd64/lib/server/libjvm.so
7f55ebc97000-7f55ebced000 rw-p 00000000 00:00 0 
7f55ebced000-7f55ebd07000 r-xp 00000000 b3:02 529924                     /lib/x86_64-linux-gnu/libpthread-2.27.so
7f55ebd07000-7f55ebf06000 ---p 0001a000 b3:02 529924                     /lib/x86_64-linux-gnu/libpthread-2.27.so
7f55ebf06000-7f55ebf07000 r--p 00019000 b3:02 529924                     /lib/x86_64-linux-gnu/libpthread-2.27.so
7f55ebf07000-7f55ebf08000 rw-p 0001a000 b3:02 529924                     /lib/x86_64-linux-gnu/libpthread-2.27.so
7f55ebf08000-7f55ebf0c000 rw-p 00000000 00:00 0 
7f55ebf0c000-7f55ebf0f000 r-xp 00000000 b3:02 529814                     /lib/x86_64-linux-gnu/libdl-2.27.so
7f55ebf0f000-7f55ec10e000 ---p 00003000 b3:02 529814                     /lib/x86_64-linux-gnu/libdl-2.27.so
7f55ec10e000-7f55ec10f000 r--p 00002000 b3:02 529814                     /lib/x86_64-linux-gnu/libdl-2.27.so
7f55ec10f000-7f55ec110000 rw-p 00003000 b3:02 529814                     /lib/x86_64-linux-gnu/libdl-2.27.so
7f55ec110000-7f55ec12c000 r-xp 00000000 b3:02 529963                     /lib/x86_64-linux-gnu/libz.so.1.2.11
7f55ec12c000-7f55ec32b000 ---p 0001c000 b3:02 529963                     /lib/x86_64-linux-gnu/libz.so.1.2.11
7f55ec32b000-7f55ec32c000 r--p 0001b000 b3:02 529963                     /lib/x86_64-linux-gnu/libz.so.1.2.11
7f55ec32c000-7f55ec32d000 rw-p 0001c000 b3:02 529963                     /lib/x86_64-linux-gnu/libz.so.1.2.11
7f55ec32d000-7f55ec514000 r-xp 00000000 b3:02 529791                     /lib/x86_64-linux-gnu/libc-2.27.so
7f55ec514000-7f55ec714000 ---p 001e7000 b3:02 529791                     /lib/x86_64-linux-gnu/libc-2.27.so
7f55ec714000-7f55ec718000 r--p 001e7000 b3:02 529791                     /lib/x86_64-linux-gnu/libc-2.27.so
7f55ec718000-7f55ec71a000 rw-p 001eb000 b3:02 529791                     /lib/x86_64-linux-gnu/libc-2.27.so
7f55ec71a000-7f55ec71e000 rw-p 00000000 00:00 0 
7f55ec71e000-7f55ec72e000 r-xp 00000000 b3:02 2117453                    /usr/lib/jvm/java-11-openjdk-amd64/lib/jli/libjli.so
7f55ec72e000-7f55ec92d000 ---p 00010000 b3:02 2117453                    /usr/lib/jvm/java-11-openjdk-amd64/lib/jli/libjli.so
7f55ec92d000-7f55ec92e000 r--p 0000f000 b3:02 2117453                    /usr/lib/jvm/java-11-openjdk-amd64/lib/jli/libjli.so
7f55ec92e000-7f55ec92f000 rw-p 00010000 b3:02 2117453                    /usr/lib/jvm/java-11-openjdk-amd64/lib/jli/libjli.so
7f55ec92f000-7f55ec956000 r-xp 00000000 b3:02 529763                     /lib/x86_64-linux-gnu/ld-2.27.so
7f55ec984000-7f55eca32000 rw-p 00000000 00:00 0 
7f55eca32000-7f55eca3a000 ---p 00000000 00:00 0 
7f55eca3a000-7f55eca3e000 ---p 00000000 00:00 0 
7f55eca3e000-7f55ecb3d000 rw-p 00000000 00:00 0 
7f55ecb48000-7f55ecb4a000 r--s 00007000 b3:02 2490515                    /usr/share/java/java-atk-wrapper.jar
7f55ecb4a000-7f55ecb52000 rw-s 00000000 b3:02 410373                     /tmp/hsperfdata_bridgelabz/24326
7f55ecb52000-7f55ecb53000 ---p 00000000 00:00 0 
7f55ecb53000-7f55ecb54000 r--p 00000000 00:00 0 
7f55ecb54000-7f55ecb56000 rw-p 00000000 00:00 0 
7f55ecb56000-7f55ecb57000 r--p 00027000 b3:02 529763                     /lib/x86_64-linux-gnu/ld-2.27.so
7f55ecb57000-7f55ecb58000 rw-p 00028000 b3:02 529763                     /lib/x86_64-linux-gnu/ld-2.27.so
7f55ecb58000-7f55ecb59000 rw-p 00000000 00:00 0 
7fff25386000-7fff253ac000 rw-p 00000000 00:00 0                          [stack]
7fff253d0000-7fff253d3000 r--p 00000000 00:00 0                          [vvar]
7fff253d3000-7fff253d5000 r-xp 00000000 00:00 0                          [vdso]
ffffffffff600000-ffffffffff601000 r-xp 00000000 00:00 0                  [vsyscall]


VM Arguments:
jvm_args: -Dcom.sun.management.jmxremote -Dcom.sun.management.jmxremote.port=34655 -Dcom.sun.management.jmxremote.authenticate=false -Dcom.sun.management.jmxremote.ssl=false -Djava.rmi.server.hostname=localhost -Dspring.jmx.enabled=true -Dspring.application.admin.enabled=true -Djava.security.egd=file:/dev/./urandom -Xverify:none -XX:TieredStopAtLevel=1 -Dspring.boot.project.name=FundooAPP1 -Dfile.encoding=UTF-8 
java_command: com.bridgelabz.fundoonotes.FundooNotesApplication --spring.output.ansi.enabled=always
java_class_path (initial): /home/bridgelabz/Documents/workspace-spring-tool-suite-4-4.5.1.RELEASE/FundooAPP1/target/classes:/home/bridgelabz/Downloads/lombok.jar:/home/bridgelabz/Downloads/spring-tool-suite-4-4.5.1.RELEASE-e4.14.0-linux.gtk.x86_64/sts-4.5.1.RELEASE/plugins/org.junit_4.12.0.v201504281640/junit.jar:/home/bridgelabz/Downloads/spring-tool-suite-4-4.5.1.RELEASE-e4.14.0-linux.gtk.x86_64/sts-4.5.1.RELEASE/plugins/org.hamcrest.core_1.3.0.v20180420-1519.jar:/home/bridgelabz/.m2/repository/org/springframework/boot/spring-boot-starter-web/2.2.4.RELEASE/spring-boot-starter-web-2.2.4.RELEASE.jar:/home/bridgelabz/.m2/repository/org/springframework/boot/spring-boot-starter/2.2.4.RELEASE/spring-boot-starter-2.2.4.RELEASE.jar:/home/bridgelabz/.m2/repository/org/springframework/boot/spring-boot/2.2.4.RELEASE/spring-boot-2.2.4.RELEASE.jar:/home/bridgelabz/.m2/repository/org/springframework/boot/spring-boot-autoconfigure/2.2.4.RELEASE/spring-boot-autoconfigure-2.2.4.RELEASE.jar:/home/bridgelabz/.m2/repository/org/springframework/boot/spring-boot-starter-logging/2.2.4.RELEASE/spring-boot-starter-logging-2.2.4.RELEASE.jar:/home/bridgelabz/.m2/repository/ch/qos/logback/logback-classic/1.2.3/logback-classic-1.2.3.jar:/home/bridgelabz/.m2/repository/ch/qos/logback/logback-core/1.2.3/logback-core-1.2.3.jar:/home/bridgelabz/.m2/repository/org/apache/logging/log4j/log4j-to-slf4j/2.12.1/log4j-to-slf4j-2.12.1.jar:/home/bridgelabz/.m2/repository/org/slf4j/jul-to-slf4j/1.7.30/jul-to-slf4j-1.7.30.jar:/home/bridgelabz/.m2/repository/jakarta/annotation/jakarta.annotation-api/1.3.5/jakarta.annotation-api-1.3.5.jar:/home/bridgelabz/.m2/repository/org/yaml/snakeyaml/1.25/snakeyaml-1.25.jar:/home/bridgelabz/.m2/repository/org/springframework/boot/spring-boot-starter-json/2.2.4.RELEASE/spring-boot-starter-json-2.2.4.RELEASE.jar:/home/bridgelabz/.m2/repository/com/fasterxml/jackson/datatype/jackson-datatype-jdk8/2.10.2/jackson-datatype-jdk8-2.10.2.jar:/home/bridgelabz/.m2/repository/com/
Launcher Type: SUN_STANDARD

[Global flags]
     bool BytecodeVerificationLocal                = false                                     {product} {command line}
     bool BytecodeVerificationRemote               = false                                     {product} {command line}
     intx CICompilerCount                          = 2                                         {product} {ergonomic}
     uint ConcGCThreads                            = 1                                         {product} {ergonomic}
     uint G1ConcRefinementThreads                  = 2                                         {product} {ergonomic}
   size_t G1HeapRegionSize                         = 1048576                                   {product} {ergonomic}
    uintx GCDrainStackTargetSize                   = 64                                        {product} {ergonomic}
   size_t InitialHeapSize                          = 123731968                                 {product} {ergonomic}
     bool ManagementServer                         = true                                      {product} {command line}
   size_t MarkStackSize                            = 4194304                                   {product} {ergonomic}
   size_t MaxHeapSize                              = 1975517184                                {product} {ergonomic}
   size_t MaxNewSize                               = 1184890880                                {product} {ergonomic}
   size_t MinHeapDeltaBytes                        = 1048576                                   {product} {ergonomic}
    uintx NonNMethodCodeHeapSize                   = 6396312                                {pd product} {ergonomic}
    uintx NonProfiledCodeHeapSize                  = 245261928                              {pd product} {ergonomic}
    uintx ProfiledCodeHeapSize                     = 0                                      {pd product} {ergonomic}
    uintx ReservedCodeCacheSize                    = 251658240                              {pd product} {ergonomic}
     bool SegmentedCodeCache                       = true                                      {product} {ergonomic}
     intx TieredStopAtLevel                        = 1                                         {product} {command line}
     bool UseCompressedClassPointers               = true                                 {lp64_product} {ergonomic}
     bool UseCompressedOops                        = true                                 {lp64_product} {ergonomic}
     bool UseG1GC                                  = true                                      {product} {ergonomic}

Logging:
Log output configuration:
 #0: stdout all=warning uptime,level,tags
 #1: stderr all=off uptime,level,tags

Environment Variables:
PATH=/usr/local/sbin:/usr/local/bin:/usr/sbin:/usr/bin:/sbin:/bin:/usr/games:/usr/local/games:/snap/bin
USERNAME=bridgelabz
SHELL=/bin/bash
DISPLAY=:0

Signal Handlers:
SIGSEGV: [libjvm.so+0xdf1470], sa_mask[0]=11111111011111111101111111111110, sa_flags=SA_RESTART|SA_SIGINFO
SIGBUS: [libjvm.so+0xdf1470], sa_mask[0]=11111111011111111101111111111110, sa_flags=SA_RESTART|SA_SIGINFO
SIGFPE: [libjvm.so+0xdf1470], sa_mask[0]=11111111011111111101111111111110, sa_flags=SA_RESTART|SA_SIGINFO
SIGPIPE: [libjvm.so+0xbc5560], sa_mask[0]=11111111011111111101111111111110, sa_flags=SA_RESTART|SA_SIGINFO
SIGXFSZ: [libjvm.so+0xbc5560], sa_mask[0]=11111111011111111101111111111110, sa_flags=SA_RESTART|SA_SIGINFO
SIGILL: [libjvm.so+0xdf1470], sa_mask[0]=11111111011111111101111111111110, sa_flags=SA_RESTART|SA_SIGINFO
SIGUSR2: [libjvm.so+0xbc5400], sa_mask[0]=00100000000000000000000000000000, sa_flags=SA_RESTART|SA_SIGINFO
SIGHUP: [libjvm.so+0xbc5760], sa_mask[0]=11111111011111111101111111111110, sa_flags=SA_RESTART|SA_SIGINFO
SIGINT: [libjvm.so+0xbc5760], sa_mask[0]=11111111011111111101111111111110, sa_flags=SA_RESTART|SA_SIGINFO
SIGTERM: [libjvm.so+0xbc5760], sa_mask[0]=11111111011111111101111111111110, sa_flags=SA_RESTART|SA_SIGINFO
SIGQUIT: [libjvm.so+0xbc5760], sa_mask[0]=11111111011111111101111111111110, sa_flags=SA_RESTART|SA_SIGINFO


---------------  S Y S T E M  ---------------

OS:DISTRIB_ID=Ubuntu
DISTRIB_RELEASE=18.04
DISTRIB_CODENAME=bionic
DISTRIB_DESCRIPTION="Ubuntu 18.04.4 LTS"
uname:Linux 4.15.0-88-generic #88-Ubuntu SMP Tue Feb 11 20:11:34 UTC 2020 x86_64
libc:glibc 2.27 NPTL 2.27 
rlimit: STACK 8192k, CORE 0k, NPROC 29828, NOFILE 4096, AS infinity, DATA infinity, FSIZE infinity
load average:7.37 2.87 1.78

/proc/meminfo:
MemTotal:        7711552 kB
MemFree:          126952 kB
MemAvailable:      48584 kB
Buffers:            4196 kB
Cached:           846772 kB
SwapCached:         2276 kB
Active:          6226252 kB
Inactive:         928008 kB
Active(anon):    6207400 kB
Inactive(anon):   886760 kB
Active(file):      18852 kB
Inactive(file):    41248 kB
Unevictable:         240 kB
Mlocked:             240 kB
SwapTotal:       2097148 kB
SwapFree:              0 kB
Dirty:               552 kB
Writeback:           240 kB
AnonPages:       6301796 kB
Mapped:           365120 kB
Shmem:            790416 kB
Slab:             160876 kB
SReclaimable:      65060 kB
SUnreclaim:        95816 kB
KernelStack:       27488 kB
PageTables:       138568 kB
NFS_Unstable:          0 kB
Bounce:                0 kB
WritebackTmp:          0 kB
CommitLimit:     5952924 kB
Committed_AS:   23858032 kB
VmallocTotal:   34359738367 kB
VmallocUsed:           0 kB
VmallocChunk:          0 kB
HardwareCorrupted:     0 kB
AnonHugePages:         0 kB
ShmemHugePages:        0 kB
ShmemPmdMapped:        0 kB
CmaTotal:              0 kB
CmaFree:               0 kB
HugePages_Total:       0
HugePages_Free:        0
HugePages_Rsvd:        0
HugePages_Surp:        0
Hugepagesize:       2048 kB
DirectMap4k:      403872 kB
DirectMap2M:     7524352 kB
DirectMap1G:     2097152 kB


/proc/sys/kernel/threads-max (system-wide limit on the number of threads):
59656


/proc/sys/vm/max_map_count (maximum number of memory map areas a process may have):
262144


/proc/sys/kernel/pid_max (system-wide limit on number of process identifiers):
32768



container (cgroup) information:
container_type: cgroupv1
cpu_cpuset_cpus: 0-1
cpu_memory_nodes: 0
active_processor_count: 2
cpu_quota: -1
cpu_period: 100000
cpu_shares: -1
memory_limit_in_bytes: -1
memory_and_swap_limit_in_bytes: -2
memory_soft_limit_in_bytes: -1
memory_usage_in_bytes: 7322714112
memory_max_usage_in_bytes: 0

Steal ticks since vm start: 0
Steal ticks percentage since vm start:  0.000

CPU:total 2 (initial active 2) (2 cores per cpu, 1 threads per core) family 6 model 122 stepping 1, cmov, cx8, fxsr, mmx, sse, sse2, sse3, ssse3, sse4.1, sse4.2, popcnt, aes, clmul, erms, 3dnowpref, tsc, tscinvbit, sha
CPU Model and flags from /proc/cpuinfo:
model name	: Intel(R) Celeron(R) N4000 CPU @ 1.10GHz
flags		: fpu vme de pse tsc msr pae mce cx8 apic sep mtrr pge mca cmov pat pse36 clflush dts acpi mmx fxsr sse sse2 ss ht tm pbe syscall nx pdpe1gb rdtscp lm constant_tsc art arch_perfmon pebs bts rep_good nopl xtopology nonstop_tsc cpuid aperfmperf tsc_known_freq pni pclmulqdq dtes64 monitor ds_cpl vmx est tm2 ssse3 sdbg cx16 xtpr pdcm sse4_1 sse4_2 x2apic movbe popcnt tsc_deadline_timer aes xsave rdrand lahf_lm 3dnowprefetch cpuid_fault cat_l2 pti cdp_l2 ssbd ibrs ibpb stibp ibrs_enhanced tpr_shadow vnmi flexpriority ept vpid fsgsbase tsc_adjust smep erms mpx rdt_a rdseed smap clflushopt intel_pt sha_ni xsaveopt xsavec xgetbv1 xsaves dtherm ida arat pln pts umip rdpid md_clear arch_capabilities

Memory: 4k page, physical 7711552k(128852k free), swap 2097148k(0k free)

vm_info: OpenJDK 64-Bit Server VM (11.0.6+10-post-Ubuntu-1ubuntu118.04.1) for linux-amd64 JRE (11.0.6+10-post-Ubuntu-1ubuntu118.04.1), built on Jan 15 2020 15:14:00 by "unknown" with gcc 7.4.0

END.
