#
# There is insufficient memory for the Java Runtime Environment to continue.
# Native memory allocation (mmap) failed to map 130023424 bytes for committing reserved memory.
# Possible reasons:
#   The system is out of physical RAM or swap space
#   The process is running with CompressedOops enabled, and the Java Heap may be blocking the growth of the native heap
# Possible solutions:
#   Reduce memory load on the system
#   Increase physical memory or swap space
#   Check if swap backing store is full
#   Decrease Java heap size (-Xmx/-Xms)
#   Decrease number of Java threads
#   Decrease Java thread stack sizes (-Xss)
#   Set larger code cache with -XX:ReservedCodeCacheSize=
#   JVM is running with Unscaled Compressed Oops mode in which the Java heap is
#     placed in the first 4GB address space. The Java Heap base address is the
#     maximum limit for the native heap growth. Please use -XX:HeapBaseMinAddress
#     to set the Java Heap base and to place the Java Heap above 4GB virtual address.
# This output file may be truncated or incomplete.
#
#  Out of Memory Error (os_linux.cpp:2852), pid=23946, tid=23957
#
# JRE version: OpenJDK Runtime Environment (11.0.6+10) (build 11.0.6+10-post-Ubuntu-1ubuntu118.04.1)
# Java VM: OpenJDK 64-Bit Server VM (11.0.6+10-post-Ubuntu-1ubuntu118.04.1, mixed mode, sharing, tiered, compressed oops, g1 gc, linux-amd64)
# Core dump will be written. Default location: Core dumps may be processed with "/usr/share/apport/apport %p %s %c %d %P" (or dumping to /home/bridgelabz/Documents/workspace-spring-tool-suite-4-4.5.1.RELEASE/FundooAPP1/core.23946)
#

---------------  S U M M A R Y ------------

Command Line: -Dcom.sun.management.jmxremote -Dcom.sun.management.jmxremote.port=39967 -Dcom.sun.management.jmxremote.authenticate=false -Dcom.sun.management.jmxremote.ssl=false -Djava.rmi.server.hostname=localhost -Dspring.jmx.enabled=true -Dspring.application.admin.enabled=true -Djava.security.egd=file:/dev/./urandom -Xverify:none -XX:TieredStopAtLevel=1 -Dspring.boot.project.name=FundooAPP1 -Dfile.encoding=UTF-8 com.bridgelabz.fundoonotes.FundooNotesApplication --spring.output.ansi.enabled=always

Host: Intel(R) Celeron(R) N4000 CPU @ 1.10GHz, 2 cores, 7G, Ubuntu 18.04.4 LTS
Time: Fri Feb 28 17:57:02 2020 IST elapsed time: 93 seconds (0d 0h 1m 33s)

---------------  T H R E A D  ---------------

Current thread (0x00007f2384100000):  VMThread "VM Thread" [stack: 0x00007f236c287000,0x00007f236c387000] [id=23957]

Stack: [0x00007f236c287000,0x00007f236c387000],  sp=0x00007f236c384e40,  free space=1015k
Native frames: (J=compiled Java code, A=aot compiled Java code, j=interpreted, Vv=VM code, C=native code)
V  [libjvm.so+0xdefa33]
V  [libjvm.so+0xdf06bb]
V  [libjvm.so+0x6508a5]
V  [libjvm.so+0xbc9608]
V  [libjvm.so+0xbc161d]
V  [libjvm.so+0x76ed4f]
V  [libjvm.so+0x76efbe]
V  [libjvm.so+0x77b030]
V  [libjvm.so+0x7f6359]
V  [libjvm.so+0x7f6fb2]
V  [libjvm.so+0x7f7419]
V  [libjvm.so+0x72d4df]
V  [libjvm.so+0x7321da]
V  [libjvm.so+0xdfba01]
V  [libjvm.so+0xdfa5c8]
V  [libjvm.so+0xdf7db6]
V  [libjvm.so+0xdf82c0]
V  [libjvm.so+0xdf8743]
V  [libjvm.so+0xd7f20a]
V  [libjvm.so+0xbcf1fe]

VM_Operation (0x00007f238cff8ab0): G1CollectForAllocation, mode: safepoint, requested by thread 0x00007f2384019800


---------------  P R O C E S S  ---------------

Threads class SMR info:
_java_thread_list=0x00007f234800f650, length=19, elements={
0x00007f2384019800, 0x00007f2384103000, 0x00007f2384105000, 0x00007f238410a800,
0x00007f238410c800, 0x00007f238410e800, 0x00007f238411d000, 0x00007f238414c000,
0x00007f23848b3800, 0x00007f23848ba800, 0x00007f23848d3800, 0x00007f233c001000,
0x00007f232c001800, 0x00007f2340322000, 0x00007f232c003800, 0x00007f2385139800,
0x00007f238513b800, 0x00007f238513e800, 0x00007f2385149800
}

Java Threads: ( => current thread )
  0x00007f2384019800 JavaThread "main" [_thread_blocked, id=23947, stack(0x00007f238cf00000,0x00007f238d001000)]
  0x00007f2384103000 JavaThread "Reference Handler" daemon [_thread_blocked, id=23959, stack(0x00007f236c184000,0x00007f236c285000)]
  0x00007f2384105000 JavaThread "Finalizer" daemon [_thread_blocked, id=23960, stack(0x00007f236c083000,0x00007f236c184000)]
  0x00007f238410a800 JavaThread "Signal Dispatcher" daemon [_thread_blocked, id=23961, stack(0x00007f236441f000,0x00007f2364520000)]
  0x00007f238410c800 JavaThread "C1 CompilerThread0" daemon [_thread_blocked, id=23962, stack(0x00007f236431e000,0x00007f236441f000)]
  0x00007f238410e800 JavaThread "Sweeper thread" daemon [_thread_blocked, id=23963, stack(0x00007f236421d000,0x00007f236431e000)]
  0x00007f238411d000 JavaThread "Common-Cleaner" daemon [_thread_blocked, id=23971, stack(0x00007f236411c000,0x00007f236421d000)]
  0x00007f238414c000 JavaThread "Service Thread" daemon [_thread_blocked, id=23972, stack(0x00007f236401b000,0x00007f236411c000)]
  0x00007f23848b3800 JavaThread "RMI TCP Accept-0" daemon [_thread_in_native, id=23977, stack(0x00007f235c1f8000,0x00007f235c2f9000)]
  0x00007f23848ba800 JavaThread "RMI TCP Accept-39967" daemon [_thread_in_native, id=23978, stack(0x00007f235c0f7000,0x00007f235c1f8000)]
  0x00007f23848d3800 JavaThread "RMI TCP Accept-0" daemon [_thread_in_native, id=23979, stack(0x00007f232beff000,0x00007f232c000000)]
  0x00007f233c001000 JavaThread "Attach Listener" daemon [_thread_blocked, id=23982, stack(0x00007f232bcfc000,0x00007f232bdfd000)]
  0x00007f232c001800 JavaThread "RMI TCP Connection(idle)" daemon [_thread_blocked, id=23986, stack(0x00007f232bbfb000,0x00007f232bcfc000)]
  0x00007f2340322000 JavaThread "RMI Scheduler(0)" daemon [_thread_blocked, id=23987, stack(0x00007f232bafa000,0x00007f232bbfb000)]
  0x00007f232c003800 JavaThread "RMI TCP Connection(idle)" daemon [_thread_blocked, id=24006, stack(0x00007f232b8f8000,0x00007f232b9f9000)]
  0x00007f2385139800 JavaThread "Catalina-utility-1" [_thread_blocked, id=24011, stack(0x00007f232a3f7000,0x00007f232a4f8000)]
  0x00007f238513b800 JavaThread "Catalina-utility-2" [_thread_blocked, id=24012, stack(0x00007f232a2f6000,0x00007f232a3f7000)]
  0x00007f238513e800 JavaThread "container-0" [_thread_blocked, id=24013, stack(0x00007f232a1f5000,0x00007f232a2f6000)]
  0x00007f2385149800 JavaThread "mysql-cj-abandoned-connection-cleanup" daemon [_thread_blocked, id=24014, stack(0x00007f232a0f4000,0x00007f232a1f5000)]

Other Threads:
=>0x00007f2384100000 VMThread "VM Thread" [stack: 0x00007f236c287000,0x00007f236c387000] [id=23957]
  0x00007f23848d6800 WatcherThread [stack: 0x00007f232bdff000,0x00007f232beff000] [id=23980]
  0x00007f2384032000 GCTaskThread "GC Thread#0" [stack: 0x00007f2388ee9000,0x00007f2388fe9000] [id=23948]
  0x00007f2350001000 GCTaskThread "GC Thread#1" [stack: 0x00007f235c909000,0x00007f235ca09000] [id=23974]
  0x00007f2384061000 ConcurrentGCThread "G1 Main Marker" [stack: 0x00007f23880db000,0x00007f23881db000] [id=23949]
  0x00007f2384063000 ConcurrentGCThread "G1 Conc#0" [stack: 0x00007f236c810000,0x00007f236c910000] [id=23950]
  0x00007f23840ce000 ConcurrentGCThread "G1 Refine#0" [stack: 0x00007f236c50c000,0x00007f236c60c000] [id=23951]
  0x00007f23840cf800 ConcurrentGCThread "G1 Young RemSet Sampling" [stack: 0x00007f236c40a000,0x00007f236c50a000] [id=23952]

Threads with active compile tasks:

VM state:at safepoint (normal execution)

VM Mutex/Monitor currently owned by a thread:  ([mutex/lock_event])
[0x00007f2384015cb0] Threads_lock - owner thread: 0x00007f2384100000
[0x00007f2384016400] Heap_lock - owner thread: 0x00007f2384019800

Heap address: 0x000000008a400000, size: 1884 MB, Compressed Oops mode: 32-bit
Narrow klass base: 0x0000000800000000, Narrow klass shift: 3
Compressed class space size: 1073741824 Address: 0x0000000840000000

Heap:
 garbage-first heap   total 378880K, used 27817K [0x000000008a400000, 0x0000000100000000)
  region size 1024K, 7 young (7168K), 7 survivors (7168K)
 Metaspace       used 46953K, capacity 48380K, committed 48924K, reserved 1091584K
  class space    used 6403K, capacity 6946K, committed 7020K, reserved 1048576K
Heap Regions: E=young(eden), S=young(survivor), O=old, HS=humongous(starts), HC=humongous(continues), CS=collection set, F=free, A=archive, TAMS=top-at-mark-start (previous, next)
|   0|0x000000008a400000, 0x000000008a500000, 0x000000008a500000|100%|HS|  |TAMS 0x000000008a500000, 0x000000008a500000| Complete 
|   1|0x000000008a500000, 0x000000008a600000, 0x000000008a600000|100%|HS|  |TAMS 0x000000008a600000, 0x000000008a600000| Complete 
|   2|0x000000008a600000, 0x000000008a700000, 0x000000008a700000|100%| O|  |TAMS 0x000000008a700000, 0x000000008a700000| Untracked 
|   3|0x000000008a700000, 0x000000008a800000, 0x000000008a800000|100%| O|  |TAMS 0x000000008a800000, 0x000000008a800000| Untracked 
|   4|0x000000008a800000, 0x000000008a900000, 0x000000008a900000|100%| O|  |TAMS 0x000000008a900000, 0x000000008a900000| Untracked 
|   5|0x000000008a900000, 0x000000008aa00000, 0x000000008aa00000|100%| O|  |TAMS 0x000000008aa00000, 0x000000008aa00000| Untracked 
|   6|0x000000008aa00000, 0x000000008ab00000, 0x000000008ab00000|100%| O|  |TAMS 0x000000008ab00000, 0x000000008ab00000| Untracked 
|   7|0x000000008ab00000, 0x000000008ac00000, 0x000000008ac00000|100%| O|  |TAMS 0x000000008ac00000, 0x000000008ac00000| Untracked 
|   8|0x000000008ac00000, 0x000000008ad00000, 0x000000008ad00000|100%| O|  |TAMS 0x000000008ad00000, 0x000000008ad00000| Untracked 
|   9|0x000000008ad00000, 0x000000008ae00000, 0x000000008ae00000|100%| O|  |TAMS 0x000000008ae00000, 0x000000008ae00000| Untracked 
|  10|0x000000008ae00000, 0x000000008af00000, 0x000000008af00000|100%| O|  |TAMS 0x000000008af00000, 0x000000008af00000| Untracked 
|  11|0x000000008af00000, 0x000000008b000000, 0x000000008b000000|100%| O|  |TAMS 0x000000008af25200, 0x000000008b000000| Untracked 
|  12|0x000000008b000000, 0x000000008b100000, 0x000000008b100000|100%| O|  |TAMS 0x000000008b000000, 0x000000008b100000| Untracked 
|  13|0x000000008b100000, 0x000000008b200000, 0x000000008b200000|100%| O|  |TAMS 0x000000008b100000, 0x000000008b200000| Untracked 
|  14|0x000000008b200000, 0x000000008b300000, 0x000000008b300000|100%| O|  |TAMS 0x000000008b200000, 0x000000008b300000| Untracked 
|  15|0x000000008b300000, 0x000000008b400000, 0x000000008b400000|100%| O|  |TAMS 0x000000008b300000, 0x000000008b400000| Untracked 
|  16|0x000000008b400000, 0x000000008b500000, 0x000000008b500000|100%| O|  |TAMS 0x000000008b400000, 0x000000008b500000| Untracked 
|  17|0x000000008b500000, 0x000000008b600000, 0x000000008b600000|100%| O|  |TAMS 0x000000008b500000, 0x000000008b600000| Untracked 
|  18|0x000000008b600000, 0x000000008b700000, 0x000000008b700000|100%| O|  |TAMS 0x000000008b600000, 0x000000008b700000| Untracked 
|  19|0x000000008b700000, 0x000000008b800000, 0x000000008b800000|100%| O|  |TAMS 0x000000008b700000, 0x000000008b800000| Untracked 
|  20|0x000000008b800000, 0x000000008b839600, 0x000000008b900000| 22%| O|  |TAMS 0x000000008b800000, 0x000000008b839600| Untracked 
|  21|0x000000008b900000, 0x000000008b900000, 0x000000008ba00000|  0%| F|  |TAMS 0x000000008b900000, 0x000000008b900000| Untracked 
|  22|0x000000008ba00000, 0x000000008ba00000, 0x000000008bb00000|  0%| F|  |TAMS 0x000000008ba00000, 0x000000008ba00000| Untracked 
|  23|0x000000008bb00000, 0x000000008bb00000, 0x000000008bc00000|  0%| F|  |TAMS 0x000000008bb00000, 0x000000008bb00000| Untracked 
|  24|0x000000008bc00000, 0x000000008bc00000, 0x000000008bd00000|  0%| F|  |TAMS 0x000000008bc00000, 0x000000008bc00000| Untracked 
|  25|0x000000008bd00000, 0x000000008bd00000, 0x000000008be00000|  0%| F|  |TAMS 0x000000008bd00000, 0x000000008bd00000| Untracked 
|  26|0x000000008be00000, 0x000000008be00000, 0x000000008bf00000|  0%| F|  |TAMS 0x000000008be00000, 0x000000008be00000| Untracked 
|  27|0x000000008bf00000, 0x000000008bf00000, 0x000000008c000000|  0%| F|  |TAMS 0x000000008bf00000, 0x000000008bf00000| Untracked 
|  28|0x000000008c000000, 0x000000008c000000, 0x000000008c100000|  0%| F|  |TAMS 0x000000008c000000, 0x000000008c000000| Untracked 
|  29|0x000000008c100000, 0x000000008c100000, 0x000000008c200000|  0%| F|  |TAMS 0x000000008c100000, 0x000000008c100000| Untracked 
|  30|0x000000008c200000, 0x000000008c200000, 0x000000008c300000|  0%| F|  |TAMS 0x000000008c200000, 0x000000008c200000| Untracked 
|  31|0x000000008c300000, 0x000000008c300000, 0x000000008c400000|  0%| F|  |TAMS 0x000000008c300000, 0x000000008c300000| Untracked 
|  32|0x000000008c400000, 0x000000008c400000, 0x000000008c500000|  0%| F|  |TAMS 0x000000008c400000, 0x000000008c400000| Untracked 
|  33|0x000000008c500000, 0x000000008c500000, 0x000000008c600000|  0%| F|  |TAMS 0x000000008c500000, 0x000000008c500000| Untracked 
|  34|0x000000008c600000, 0x000000008c600000, 0x000000008c700000|  0%| F|  |TAMS 0x000000008c600000, 0x000000008c600000| Untracked 
|  35|0x000000008c700000, 0x000000008c700000, 0x000000008c800000|  0%| F|  |TAMS 0x000000008c700000, 0x000000008c700000| Untracked 
|  36|0x000000008c800000, 0x000000008c800000, 0x000000008c900000|  0%| F|  |TAMS 0x000000008c800000, 0x000000008c800000| Untracked 
|  37|0x000000008c900000, 0x000000008c900000, 0x000000008ca00000|  0%| F|  |TAMS 0x000000008c900000, 0x000000008c900000| Untracked 
|  38|0x000000008ca00000, 0x000000008ca00000, 0x000000008cb00000|  0%| F|  |TAMS 0x000000008ca00000, 0x000000008ca00000| Untracked 
|  39|0x000000008cb00000, 0x000000008cb00000, 0x000000008cc00000|  0%| F|  |TAMS 0x000000008cb00000, 0x000000008cb00000| Untracked 
|  40|0x000000008cc00000, 0x000000008cc00000, 0x000000008cd00000|  0%| F|  |TAMS 0x000000008cc00000, 0x000000008cc00000| Untracked 
|  41|0x000000008cd00000, 0x000000008cd00000, 0x000000008ce00000|  0%| F|  |TAMS 0x000000008cd00000, 0x000000008cd00000| Untracked 
|  42|0x000000008ce00000, 0x000000008ce00000, 0x000000008cf00000|  0%| F|  |TAMS 0x000000008ce00000, 0x000000008ce00000| Untracked 
|  43|0x000000008cf00000, 0x000000008cf00000, 0x000000008d000000|  0%| F|  |TAMS 0x000000008cf00000, 0x000000008cf00000| Untracked 
|  44|0x000000008d000000, 0x000000008d000000, 0x000000008d100000|  0%| F|  |TAMS 0x000000008d000000, 0x000000008d000000| Untracked 
|  45|0x000000008d100000, 0x000000008d100000, 0x000000008d200000|  0%| F|  |TAMS 0x000000008d100000, 0x000000008d100000| Untracked 
|  46|0x000000008d200000, 0x000000008d200000, 0x000000008d300000|  0%| F|  |TAMS 0x000000008d200000, 0x000000008d200000| Untracked 
|  47|0x000000008d300000, 0x000000008d300000, 0x000000008d400000|  0%| F|  |TAMS 0x000000008d300000, 0x000000008d300000| Untracked 
|  48|0x000000008d400000, 0x000000008d400000, 0x000000008d500000|  0%| F|  |TAMS 0x000000008d400000, 0x000000008d400000| Untracked 
|  49|0x000000008d500000, 0x000000008d500000, 0x000000008d600000|  0%| F|  |TAMS 0x000000008d500000, 0x000000008d500000| Untracked 
|  50|0x000000008d600000, 0x000000008d600000, 0x000000008d700000|  0%| F|  |TAMS 0x000000008d600000, 0x000000008d600000| Untracked 
|  51|0x000000008d700000, 0x000000008d700000, 0x000000008d800000|  0%| F|  |TAMS 0x000000008d700000, 0x000000008d700000| Untracked 
|  52|0x000000008d800000, 0x000000008d800000, 0x000000008d900000|  0%| F|  |TAMS 0x000000008d800000, 0x000000008d800000| Untracked 
|  53|0x000000008d900000, 0x000000008d900000, 0x000000008da00000|  0%| F|  |TAMS 0x000000008d900000, 0x000000008d900000| Untracked 
|  54|0x000000008da00000, 0x000000008da00000, 0x000000008db00000|  0%| F|  |TAMS 0x000000008da00000, 0x000000008da00000| Untracked 
|  55|0x000000008db00000, 0x000000008db00000, 0x000000008dc00000|  0%| F|  |TAMS 0x000000008db00000, 0x000000008db00000| Untracked 
|  56|0x000000008dc00000, 0x000000008dc00000, 0x000000008dd00000|  0%| F|  |TAMS 0x000000008dc00000, 0x000000008dc00000| Untracked 
|  57|0x000000008dd00000, 0x000000008dd00000, 0x000000008de00000|  0%| F|  |TAMS 0x000000008dd00000, 0x000000008dd00000| Untracked 
|  58|0x000000008de00000, 0x000000008de00000, 0x000000008df00000|  0%| F|  |TAMS 0x000000008de00000, 0x000000008de00000| Untracked 
|  59|0x000000008df00000, 0x000000008df00000, 0x000000008e000000|  0%| F|  |TAMS 0x000000008df00000, 0x000000008df00000| Untracked 
|  60|0x000000008e000000, 0x000000008e000000, 0x000000008e100000|  0%| F|  |TAMS 0x000000008e000000, 0x000000008e000000| Untracked 
|  61|0x000000008e100000, 0x000000008e100000, 0x000000008e200000|  0%| F|  |TAMS 0x000000008e100000, 0x000000008e100000| Untracked 
|  62|0x000000008e200000, 0x000000008e200000, 0x000000008e300000|  0%| F|  |TAMS 0x000000008e200000, 0x000000008e200000| Untracked 
|  63|0x000000008e300000, 0x000000008e300000, 0x000000008e400000|  0%| F|  |TAMS 0x000000008e300000, 0x000000008e300000| Untracked 
|  64|0x000000008e400000, 0x000000008e400000, 0x000000008e500000|  0%| F|  |TAMS 0x000000008e400000, 0x000000008e400000| Untracked 
|  65|0x000000008e500000, 0x000000008e500000, 0x000000008e600000|  0%| F|  |TAMS 0x000000008e500000, 0x000000008e500000| Untracked 
|  66|0x000000008e600000, 0x000000008e600000, 0x000000008e700000|  0%| F|  |TAMS 0x000000008e600000, 0x000000008e600000| Untracked 
|  67|0x000000008e700000, 0x000000008e700000, 0x000000008e800000|  0%| F|  |TAMS 0x000000008e700000, 0x000000008e700000| Untracked 
|  68|0x000000008e800000, 0x000000008e800000, 0x000000008e900000|  0%| F|  |TAMS 0x000000008e800000, 0x000000008e800000| Untracked 
|  69|0x000000008e900000, 0x000000008e900000, 0x000000008ea00000|  0%| F|  |TAMS 0x000000008e900000, 0x000000008e900000| Untracked 
|  70|0x000000008ea00000, 0x000000008ea00000, 0x000000008eb00000|  0%| F|  |TAMS 0x000000008ea00000, 0x000000008ea00000| Untracked 
|  71|0x000000008eb00000, 0x000000008eb00000, 0x000000008ec00000|  0%| F|  |TAMS 0x000000008eb00000, 0x000000008eb00000| Untracked 
|  72|0x000000008ec00000, 0x000000008ec00000, 0x000000008ed00000|  0%| F|  |TAMS 0x000000008ec00000, 0x000000008ec00000| Untracked 
|  73|0x000000008ed00000, 0x000000008ed00000, 0x000000008ee00000|  0%| F|  |TAMS 0x000000008ed00000, 0x000000008ed00000| Untracked 
|  74|0x000000008ee00000, 0x000000008ee00000, 0x000000008ef00000|  0%| F|  |TAMS 0x000000008ee00000, 0x000000008ee00000| Untracked 
|  75|0x000000008ef00000, 0x000000008ef00000, 0x000000008f000000|  0%| F|  |TAMS 0x000000008ef00000, 0x000000008ef00000| Untracked 
|  76|0x000000008f000000, 0x000000008f000000, 0x000000008f100000|  0%| F|  |TAMS 0x000000008f000000, 0x000000008f000000| Untracked 
|  77|0x000000008f100000, 0x000000008f100000, 0x000000008f200000|  0%| F|  |TAMS 0x000000008f100000, 0x000000008f100000| Untracked 
|  78|0x000000008f200000, 0x000000008f200000, 0x000000008f300000|  0%| F|  |TAMS 0x000000008f200000, 0x000000008f200000| Untracked 
|  79|0x000000008f300000, 0x000000008f300000, 0x000000008f400000|  0%| F|  |TAMS 0x000000008f300000, 0x000000008f300000| Untracked 
|  80|0x000000008f400000, 0x000000008f400000, 0x000000008f500000|  0%| F|  |TAMS 0x000000008f400000, 0x000000008f400000| Untracked 
|  81|0x000000008f500000, 0x000000008f500000, 0x000000008f600000|  0%| F|  |TAMS 0x000000008f500000, 0x000000008f500000| Untracked 
|  82|0x000000008f600000, 0x000000008f600000, 0x000000008f700000|  0%| F|  |TAMS 0x000000008f600000, 0x000000008f600000| Untracked 
|  83|0x000000008f700000, 0x000000008f700000, 0x000000008f800000|  0%| F|  |TAMS 0x000000008f700000, 0x000000008f700000| Untracked 
|  84|0x000000008f800000, 0x000000008f800000, 0x000000008f900000|  0%| F|  |TAMS 0x000000008f800000, 0x000000008f800000| Untracked 
|  85|0x000000008f900000, 0x000000008f900000, 0x000000008fa00000|  0%| F|  |TAMS 0x000000008f900000, 0x000000008f900000| Untracked 
|  86|0x000000008fa00000, 0x000000008fa00000, 0x000000008fb00000|  0%| F|  |TAMS 0x000000008fa00000, 0x000000008fa00000| Untracked 
|  87|0x000000008fb00000, 0x000000008fb00000, 0x000000008fc00000|  0%| F|  |TAMS 0x000000008fb00000, 0x000000008fb00000| Untracked 
|  88|0x000000008fc00000, 0x000000008fc00000, 0x000000008fd00000|  0%| F|  |TAMS 0x000000008fc00000, 0x000000008fc00000| Untracked 
|  89|0x000000008fd00000, 0x000000008fd00000, 0x000000008fe00000|  0%| F|  |TAMS 0x000000008fd00000, 0x000000008fd00000| Untracked 
|  90|0x000000008fe00000, 0x000000008fe00000, 0x000000008ff00000|  0%| F|  |TAMS 0x000000008fe00000, 0x000000008fe00000| Untracked 
|  91|0x000000008ff00000, 0x000000008ff00000, 0x0000000090000000|  0%| F|  |TAMS 0x000000008ff00000, 0x000000008ff00000| Untracked 
|  92|0x0000000090000000, 0x0000000090000000, 0x0000000090100000|  0%| F|  |TAMS 0x0000000090000000, 0x0000000090000000| Untracked 
|  93|0x0000000090100000, 0x0000000090100000, 0x0000000090200000|  0%| F|  |TAMS 0x0000000090100000, 0x0000000090100000| Untracked 
|  94|0x0000000090200000, 0x0000000090200000, 0x0000000090300000|  0%| F|  |TAMS 0x0000000090200000, 0x0000000090200000| Untracked 
|  95|0x0000000090300000, 0x0000000090300000, 0x0000000090400000|  0%| F|  |TAMS 0x0000000090300000, 0x0000000090300000| Untracked 
|  96|0x0000000090400000, 0x0000000090400000, 0x0000000090500000|  0%| F|  |TAMS 0x0000000090400000, 0x0000000090400000| Untracked 
|  97|0x0000000090500000, 0x0000000090500000, 0x0000000090600000|  0%| F|  |TAMS 0x0000000090500000, 0x0000000090500000| Untracked 
|  98|0x0000000090600000, 0x0000000090600000, 0x0000000090700000|  0%| F|  |TAMS 0x0000000090600000, 0x0000000090600000| Untracked 
|  99|0x0000000090700000, 0x0000000090700000, 0x0000000090800000|  0%| F|  |TAMS 0x0000000090700000, 0x0000000090700000| Untracked 
| 100|0x0000000090800000, 0x0000000090800000, 0x0000000090900000|  0%| F|  |TAMS 0x0000000090800000, 0x0000000090800000| Untracked 
| 101|0x0000000090900000, 0x0000000090900000, 0x0000000090a00000|  0%| F|  |TAMS 0x0000000090900000, 0x0000000090900000| Untracked 
| 102|0x0000000090a00000, 0x0000000090a00000, 0x0000000090b00000|  0%| F|  |TAMS 0x0000000090a00000, 0x0000000090a00000| Untracked 
| 103|0x0000000090b00000, 0x0000000090b00000, 0x0000000090c00000|  0%| F|  |TAMS 0x0000000090b00000, 0x0000000090b00000| Untracked 
| 104|0x0000000090c00000, 0x0000000090c00000, 0x0000000090d00000|  0%| F|  |TAMS 0x0000000090c00000, 0x0000000090c00000| Untracked 
| 105|0x0000000090d00000, 0x0000000090d00000, 0x0000000090e00000|  0%| F|  |TAMS 0x0000000090d00000, 0x0000000090d00000| Untracked 
| 106|0x0000000090e00000, 0x0000000090e00000, 0x0000000090f00000|  0%| F|  |TAMS 0x0000000090e00000, 0x0000000090e00000| Untracked 
| 107|0x0000000090f00000, 0x0000000090f00000, 0x0000000091000000|  0%| F|  |TAMS 0x0000000090f00000, 0x0000000090f00000| Untracked 
| 108|0x0000000091000000, 0x0000000091000000, 0x0000000091100000|  0%| F|  |TAMS 0x0000000091000000, 0x0000000091000000| Untracked 
| 109|0x0000000091100000, 0x0000000091100000, 0x0000000091200000|  0%| F|  |TAMS 0x0000000091100000, 0x0000000091100000| Untracked 
| 110|0x0000000091200000, 0x0000000091200000, 0x0000000091300000|  0%| F|  |TAMS 0x0000000091200000, 0x0000000091200000| Untracked 
| 111|0x0000000091300000, 0x0000000091300000, 0x0000000091400000|  0%| F|  |TAMS 0x0000000091300000, 0x0000000091300000| Untracked 
| 112|0x0000000091400000, 0x0000000091400000, 0x0000000091500000|  0%| F|  |TAMS 0x0000000091400000, 0x0000000091400000| Untracked 
| 113|0x0000000091500000, 0x0000000091500000, 0x0000000091600000|  0%| F|  |TAMS 0x0000000091500000, 0x0000000091500000| Untracked 
| 114|0x0000000091600000, 0x0000000091600000, 0x0000000091700000|  0%| F|  |TAMS 0x0000000091600000, 0x0000000091600000| Untracked 
| 115|0x0000000091700000, 0x0000000091700000, 0x0000000091800000|  0%| F|  |TAMS 0x0000000091700000, 0x0000000091700000| Untracked 
| 116|0x0000000091800000, 0x0000000091800000, 0x0000000091900000|  0%| F|  |TAMS 0x0000000091800000, 0x0000000091800000| Untracked 
| 117|0x0000000091900000, 0x0000000091900000, 0x0000000091a00000|  0%| F|  |TAMS 0x0000000091900000, 0x0000000091900000| Untracked 
| 118|0x0000000091a00000, 0x0000000091a00000, 0x0000000091b00000|  0%| F|  |TAMS 0x0000000091a00000, 0x0000000091a00000| Untracked 
| 119|0x0000000091b00000, 0x0000000091b00000, 0x0000000091c00000|  0%| F|  |TAMS 0x0000000091b00000, 0x0000000091b00000| Untracked 
| 120|0x0000000091c00000, 0x0000000091c00000, 0x0000000091d00000|  0%| F|  |TAMS 0x0000000091c00000, 0x0000000091c00000| Untracked 
| 121|0x0000000091d00000, 0x0000000091d00000, 0x0000000091e00000|  0%| F|  |TAMS 0x0000000091d00000, 0x0000000091d00000| Untracked 
| 122|0x0000000091e00000, 0x0000000091e00000, 0x0000000091f00000|  0%| F|  |TAMS 0x0000000091e00000, 0x0000000091e00000| Untracked 
| 123|0x0000000091f00000, 0x0000000091f00000, 0x0000000092000000|  0%| F|  |TAMS 0x0000000091f00000, 0x0000000091f00000| Untracked 
| 124|0x0000000092000000, 0x0000000092000000, 0x0000000092100000|  0%| F|  |TAMS 0x0000000092000000, 0x0000000092000000| Untracked 
| 125|0x0000000092100000, 0x0000000092100000, 0x0000000092200000|  0%| F|  |TAMS 0x0000000092100000, 0x0000000092100000| Untracked 
| 126|0x0000000092200000, 0x0000000092200000, 0x0000000092300000|  0%| F|  |TAMS 0x0000000092200000, 0x0000000092200000| Untracked 
| 127|0x0000000092300000, 0x0000000092300000, 0x0000000092400000|  0%| F|  |TAMS 0x0000000092300000, 0x0000000092300000| Untracked 
| 128|0x0000000092400000, 0x0000000092400000, 0x0000000092500000|  0%| F|  |TAMS 0x0000000092400000, 0x0000000092400000| Untracked 
| 129|0x0000000092500000, 0x0000000092500000, 0x0000000092600000|  0%| F|  |TAMS 0x0000000092500000, 0x0000000092500000| Untracked 
| 130|0x0000000092600000, 0x0000000092600000, 0x0000000092700000|  0%| F|  |TAMS 0x0000000092600000, 0x0000000092600000| Untracked 
| 131|0x0000000092700000, 0x0000000092700000, 0x0000000092800000|  0%| F|  |TAMS 0x0000000092700000, 0x0000000092700000| Untracked 
| 132|0x0000000092800000, 0x0000000092800000, 0x0000000092900000|  0%| F|  |TAMS 0x0000000092800000, 0x0000000092800000| Untracked 
| 133|0x0000000092900000, 0x0000000092900000, 0x0000000092a00000|  0%| F|  |TAMS 0x0000000092900000, 0x0000000092900000| Untracked 
| 134|0x0000000092a00000, 0x0000000092a00000, 0x0000000092b00000|  0%| F|  |TAMS 0x0000000092a00000, 0x0000000092a00000| Untracked 
| 135|0x0000000092b00000, 0x0000000092b00000, 0x0000000092c00000|  0%| F|  |TAMS 0x0000000092b00000, 0x0000000092b00000| Untracked 
| 136|0x0000000092c00000, 0x0000000092c00000, 0x0000000092d00000|  0%| F|  |TAMS 0x0000000092c00000, 0x0000000092c00000| Untracked 
| 137|0x0000000092d00000, 0x0000000092d00000, 0x0000000092e00000|  0%| F|  |TAMS 0x0000000092d00000, 0x0000000092d00000| Untracked 
| 138|0x0000000092e00000, 0x0000000092e00000, 0x0000000092f00000|  0%| F|  |TAMS 0x0000000092e00000, 0x0000000092e00000| Untracked 
| 139|0x0000000092f00000, 0x0000000092f00000, 0x0000000093000000|  0%| F|  |TAMS 0x0000000092f00000, 0x0000000092f00000| Untracked 
| 140|0x0000000093000000, 0x0000000093000000, 0x0000000093100000|  0%| F|  |TAMS 0x0000000093000000, 0x0000000093000000| Untracked 
| 141|0x0000000093100000, 0x0000000093100000, 0x0000000093200000|  0%| F|  |TAMS 0x0000000093100000, 0x0000000093100000| Untracked 
| 142|0x0000000093200000, 0x0000000093200000, 0x0000000093300000|  0%| F|  |TAMS 0x0000000093200000, 0x0000000093200000| Untracked 
| 143|0x0000000093300000, 0x0000000093300000, 0x0000000093400000|  0%| F|  |TAMS 0x0000000093300000, 0x0000000093300000| Untracked 
| 144|0x0000000093400000, 0x0000000093400000, 0x0000000093500000|  0%| F|  |TAMS 0x0000000093400000, 0x0000000093400000| Untracked 
| 145|0x0000000093500000, 0x0000000093500000, 0x0000000093600000|  0%| F|  |TAMS 0x0000000093500000, 0x0000000093500000| Untracked 
| 146|0x0000000093600000, 0x0000000093600000, 0x0000000093700000|  0%| F|  |TAMS 0x0000000093600000, 0x0000000093600000| Untracked 
| 147|0x0000000093700000, 0x0000000093700000, 0x0000000093800000|  0%| F|  |TAMS 0x0000000093700000, 0x0000000093700000| Untracked 
| 148|0x0000000093800000, 0x0000000093800000, 0x0000000093900000|  0%| F|  |TAMS 0x0000000093800000, 0x0000000093800000| Untracked 
| 149|0x0000000093900000, 0x0000000093900000, 0x0000000093a00000|  0%| F|  |TAMS 0x0000000093900000, 0x0000000093900000| Untracked 
| 150|0x0000000093a00000, 0x0000000093a00000, 0x0000000093b00000|  0%| F|  |TAMS 0x0000000093a00000, 0x0000000093a00000| Untracked 
| 151|0x0000000093b00000, 0x0000000093b00000, 0x0000000093c00000|  0%| F|  |TAMS 0x0000000093b00000, 0x0000000093b00000| Untracked 
| 152|0x0000000093c00000, 0x0000000093c00000, 0x0000000093d00000|  0%| F|  |TAMS 0x0000000093c00000, 0x0000000093c00000| Untracked 
| 153|0x0000000093d00000, 0x0000000093d00000, 0x0000000093e00000|  0%| F|  |TAMS 0x0000000093d00000, 0x0000000093d00000| Untracked 
| 154|0x0000000093e00000, 0x0000000093e00000, 0x0000000093f00000|  0%| F|  |TAMS 0x0000000093e00000, 0x0000000093e00000| Untracked 
| 155|0x0000000093f00000, 0x0000000093f00000, 0x0000000094000000|  0%| F|  |TAMS 0x0000000093f00000, 0x0000000093f00000| Untracked 
| 156|0x0000000094000000, 0x0000000094000000, 0x0000000094100000|  0%| F|  |TAMS 0x0000000094000000, 0x0000000094000000| Untracked 
| 157|0x0000000094100000, 0x0000000094100000, 0x0000000094200000|  0%| F|  |TAMS 0x0000000094100000, 0x0000000094100000| Untracked 
| 158|0x0000000094200000, 0x0000000094200000, 0x0000000094300000|  0%| F|  |TAMS 0x0000000094200000, 0x0000000094200000| Untracked 
| 159|0x0000000094300000, 0x0000000094340020, 0x0000000094400000| 25%| S|CS|TAMS 0x0000000094300000, 0x0000000094300000| Complete 
| 160|0x0000000094400000, 0x0000000094500000, 0x0000000094500000|100%| S|CS|TAMS 0x0000000094400000, 0x0000000094400000| Complete 
| 161|0x0000000094500000, 0x0000000094600000, 0x0000000094600000|100%| S|CS|TAMS 0x0000000094500000, 0x0000000094500000| Complete 
| 162|0x0000000094600000, 0x0000000094700000, 0x0000000094700000|100%| S|CS|TAMS 0x0000000094600000, 0x0000000094600000| Complete 
| 163|0x0000000094700000, 0x0000000094800000, 0x0000000094800000|100%| S|CS|TAMS 0x0000000094700000, 0x0000000094700000| Complete 
| 164|0x0000000094800000, 0x0000000094900000, 0x0000000094900000|100%| S|CS|TAMS 0x0000000094800000, 0x0000000094800000| Complete 
| 165|0x0000000094900000, 0x0000000094a00000, 0x0000000094a00000|100%| S|CS|TAMS 0x0000000094900000, 0x0000000094900000| Complete 
| 166|0x0000000094a00000, 0x0000000094a00000, 0x0000000094b00000|  0%| F|  |TAMS 0x0000000094a00000, 0x0000000094a00000| Untracked 
| 167|0x0000000094b00000, 0x0000000094b00000, 0x0000000094c00000|  0%| F|  |TAMS 0x0000000094b00000, 0x0000000094b00000| Untracked 
| 168|0x0000000094c00000, 0x0000000094c00000, 0x0000000094d00000|  0%| F|  |TAMS 0x0000000094c00000, 0x0000000094c00000| Untracked 
| 169|0x0000000094d00000, 0x0000000094d00000, 0x0000000094e00000|  0%| F|  |TAMS 0x0000000094d00000, 0x0000000094d00000| Untracked 
| 170|0x0000000094e00000, 0x0000000094e00000, 0x0000000094f00000|  0%| F|  |TAMS 0x0000000094e00000, 0x0000000094e00000| Untracked 
| 171|0x0000000094f00000, 0x0000000094f00000, 0x0000000095000000|  0%| F|  |TAMS 0x0000000094f00000, 0x0000000094f00000| Untracked 
| 172|0x0000000095000000, 0x0000000095000000, 0x0000000095100000|  0%| F|  |TAMS 0x0000000095000000, 0x0000000095000000| Untracked 
| 173|0x0000000095100000, 0x0000000095100000, 0x0000000095200000|  0%| F|  |TAMS 0x0000000095100000, 0x0000000095100000| Untracked 
| 174|0x0000000095200000, 0x0000000095200000, 0x0000000095300000|  0%| F|  |TAMS 0x0000000095200000, 0x0000000095200000| Untracked 
| 175|0x0000000095300000, 0x0000000095300000, 0x0000000095400000|  0%| F|  |TAMS 0x0000000095300000, 0x0000000095300000| Untracked 
| 176|0x0000000095400000, 0x0000000095400000, 0x0000000095500000|  0%| F|  |TAMS 0x0000000095400000, 0x0000000095400000| Untracked 
| 177|0x0000000095500000, 0x0000000095500000, 0x0000000095600000|  0%| F|  |TAMS 0x0000000095500000, 0x0000000095500000| Untracked 
| 178|0x0000000095600000, 0x0000000095600000, 0x0000000095700000|  0%| F|  |TAMS 0x0000000095600000, 0x0000000095600000| Untracked 
| 179|0x0000000095700000, 0x0000000095700000, 0x0000000095800000|  0%| F|  |TAMS 0x0000000095700000, 0x0000000095700000| Untracked 
| 180|0x0000000095800000, 0x0000000095800000, 0x0000000095900000|  0%| F|  |TAMS 0x0000000095800000, 0x0000000095800000| Untracked 
| 181|0x0000000095900000, 0x0000000095900000, 0x0000000095a00000|  0%| F|  |TAMS 0x0000000095900000, 0x0000000095900000| Untracked 
| 182|0x0000000095a00000, 0x0000000095a00000, 0x0000000095b00000|  0%| F|  |TAMS 0x0000000095a00000, 0x0000000095a00000| Untracked 
| 183|0x0000000095b00000, 0x0000000095b00000, 0x0000000095c00000|  0%| F|  |TAMS 0x0000000095b00000, 0x0000000095b00000| Untracked 
| 184|0x0000000095c00000, 0x0000000095c00000, 0x0000000095d00000|  0%| F|  |TAMS 0x0000000095c00000, 0x0000000095c00000| Untracked 
| 185|0x0000000095d00000, 0x0000000095d00000, 0x0000000095e00000|  0%| F|  |TAMS 0x0000000095d00000, 0x0000000095d00000| Untracked 
| 186|0x0000000095e00000, 0x0000000095e00000, 0x0000000095f00000|  0%| F|  |TAMS 0x0000000095e00000, 0x0000000095e00000| Untracked 
| 187|0x0000000095f00000, 0x0000000095f00000, 0x0000000096000000|  0%| F|  |TAMS 0x0000000095f00000, 0x0000000095f00000| Untracked 
| 188|0x0000000096000000, 0x0000000096000000, 0x0000000096100000|  0%| F|  |TAMS 0x0000000096000000, 0x0000000096000000| Untracked 
| 189|0x0000000096100000, 0x0000000096100000, 0x0000000096200000|  0%| F|  |TAMS 0x0000000096100000, 0x0000000096100000| Untracked 
| 190|0x0000000096200000, 0x0000000096200000, 0x0000000096300000|  0%| F|  |TAMS 0x0000000096200000, 0x0000000096200000| Untracked 
| 191|0x0000000096300000, 0x0000000096300000, 0x0000000096400000|  0%| F|  |TAMS 0x0000000096300000, 0x0000000096300000| Untracked 
| 192|0x0000000096400000, 0x0000000096400000, 0x0000000096500000|  0%| F|  |TAMS 0x0000000096400000, 0x0000000096400000| Untracked 
| 193|0x0000000096500000, 0x0000000096500000, 0x0000000096600000|  0%| F|  |TAMS 0x0000000096500000, 0x0000000096500000| Untracked 
| 194|0x0000000096600000, 0x0000000096600000, 0x0000000096700000|  0%| F|  |TAMS 0x0000000096600000, 0x0000000096600000| Untracked 
| 195|0x0000000096700000, 0x0000000096700000, 0x0000000096800000|  0%| F|  |TAMS 0x0000000096700000, 0x0000000096700000| Untracked 
| 196|0x0000000096800000, 0x0000000096800000, 0x0000000096900000|  0%| F|  |TAMS 0x0000000096800000, 0x0000000096800000| Untracked 
| 197|0x0000000096900000, 0x0000000096900000, 0x0000000096a00000|  0%| F|  |TAMS 0x0000000096900000, 0x0000000096900000| Untracked 
| 198|0x0000000096a00000, 0x0000000096a00000, 0x0000000096b00000|  0%| F|  |TAMS 0x0000000096a00000, 0x0000000096a00000| Untracked 
| 199|0x0000000096b00000, 0x0000000096b00000, 0x0000000096c00000|  0%| F|  |TAMS 0x0000000096b00000, 0x0000000096b00000| Untracked 
| 200|0x0000000096c00000, 0x0000000096c00000, 0x0000000096d00000|  0%| F|  |TAMS 0x0000000096c00000, 0x0000000096c00000| Untracked 
| 201|0x0000000096d00000, 0x0000000096d00000, 0x0000000096e00000|  0%| F|  |TAMS 0x0000000096d00000, 0x0000000096d00000| Untracked 
| 202|0x0000000096e00000, 0x0000000096e00000, 0x0000000096f00000|  0%| F|  |TAMS 0x0000000096e00000, 0x0000000096e00000| Untracked 
| 203|0x0000000096f00000, 0x0000000096f00000, 0x0000000097000000|  0%| F|  |TAMS 0x0000000096f00000, 0x0000000096f00000| Untracked 
| 204|0x0000000097000000, 0x0000000097000000, 0x0000000097100000|  0%| F|  |TAMS 0x0000000097000000, 0x0000000097000000| Untracked 
| 205|0x0000000097100000, 0x0000000097100000, 0x0000000097200000|  0%| F|  |TAMS 0x0000000097100000, 0x0000000097100000| Untracked 
| 206|0x0000000097200000, 0x0000000097200000, 0x0000000097300000|  0%| F|  |TAMS 0x0000000097200000, 0x0000000097200000| Untracked 
| 207|0x0000000097300000, 0x0000000097300000, 0x0000000097400000|  0%| F|  |TAMS 0x0000000097300000, 0x0000000097300000| Untracked 
| 208|0x0000000097400000, 0x0000000097400000, 0x0000000097500000|  0%| F|  |TAMS 0x0000000097400000, 0x0000000097400000| Untracked 
| 209|0x0000000097500000, 0x0000000097500000, 0x0000000097600000|  0%| F|  |TAMS 0x0000000097500000, 0x0000000097500000| Untracked 
| 210|0x0000000097600000, 0x0000000097600000, 0x0000000097700000|  0%| F|  |TAMS 0x0000000097600000, 0x0000000097600000| Untracked 
| 211|0x0000000097700000, 0x0000000097700000, 0x0000000097800000|  0%| F|  |TAMS 0x0000000097700000, 0x0000000097700000| Untracked 
| 212|0x0000000097800000, 0x0000000097800000, 0x0000000097900000|  0%| F|  |TAMS 0x0000000097800000, 0x0000000097800000| Untracked 
| 213|0x0000000097900000, 0x0000000097900000, 0x0000000097a00000|  0%| F|  |TAMS 0x0000000097900000, 0x0000000097900000| Untracked 
| 214|0x0000000097a00000, 0x0000000097a00000, 0x0000000097b00000|  0%| F|  |TAMS 0x0000000097a00000, 0x0000000097a00000| Untracked 
| 215|0x0000000097b00000, 0x0000000097b00000, 0x0000000097c00000|  0%| F|  |TAMS 0x0000000097b00000, 0x0000000097b00000| Untracked 
| 216|0x0000000097c00000, 0x0000000097c00000, 0x0000000097d00000|  0%| F|  |TAMS 0x0000000097c00000, 0x0000000097c00000| Untracked 
| 217|0x0000000097d00000, 0x0000000097d00000, 0x0000000097e00000|  0%| F|  |TAMS 0x0000000097d00000, 0x0000000097d00000| Untracked 
| 218|0x0000000097e00000, 0x0000000097e00000, 0x0000000097f00000|  0%| F|  |TAMS 0x0000000097e00000, 0x0000000097e00000| Untracked 
| 219|0x0000000097f00000, 0x0000000097f00000, 0x0000000098000000|  0%| F|  |TAMS 0x0000000097f00000, 0x0000000097f00000| Untracked 
| 220|0x0000000098000000, 0x0000000098000000, 0x0000000098100000|  0%| F|  |TAMS 0x0000000098000000, 0x0000000098000000| Untracked 
| 221|0x0000000098100000, 0x0000000098100000, 0x0000000098200000|  0%| F|  |TAMS 0x0000000098100000, 0x0000000098100000| Untracked 
| 222|0x0000000098200000, 0x0000000098200000, 0x0000000098300000|  0%| F|  |TAMS 0x0000000098200000, 0x0000000098200000| Untracked 
| 223|0x0000000098300000, 0x0000000098300000, 0x0000000098400000|  0%| F|  |TAMS 0x0000000098300000, 0x0000000098300000| Untracked 
| 224|0x0000000098400000, 0x0000000098400000, 0x0000000098500000|  0%| F|  |TAMS 0x0000000098400000, 0x0000000098400000| Untracked 
| 225|0x0000000098500000, 0x0000000098500000, 0x0000000098600000|  0%| F|  |TAMS 0x0000000098500000, 0x0000000098500000| Untracked 
| 226|0x0000000098600000, 0x0000000098600000, 0x0000000098700000|  0%| F|  |TAMS 0x0000000098600000, 0x0000000098600000| Untracked 
| 227|0x0000000098700000, 0x0000000098700000, 0x0000000098800000|  0%| F|  |TAMS 0x0000000098700000, 0x0000000098700000| Untracked 
| 228|0x0000000098800000, 0x0000000098800000, 0x0000000098900000|  0%| F|  |TAMS 0x0000000098800000, 0x0000000098800000| Untracked 
| 229|0x0000000098900000, 0x0000000098900000, 0x0000000098a00000|  0%| F|  |TAMS 0x0000000098900000, 0x0000000098900000| Untracked 
| 230|0x0000000098a00000, 0x0000000098a00000, 0x0000000098b00000|  0%| F|  |TAMS 0x0000000098a00000, 0x0000000098a00000| Untracked 
| 231|0x0000000098b00000, 0x0000000098b00000, 0x0000000098c00000|  0%| F|  |TAMS 0x0000000098b00000, 0x0000000098b00000| Untracked 
| 232|0x0000000098c00000, 0x0000000098c00000, 0x0000000098d00000|  0%| F|  |TAMS 0x0000000098c00000, 0x0000000098c00000| Untracked 
| 233|0x0000000098d00000, 0x0000000098d00000, 0x0000000098e00000|  0%| F|  |TAMS 0x0000000098d00000, 0x0000000098d00000| Untracked 
| 234|0x0000000098e00000, 0x0000000098e00000, 0x0000000098f00000|  0%| F|  |TAMS 0x0000000098e00000, 0x0000000098e00000| Untracked 
| 235|0x0000000098f00000, 0x0000000098f00000, 0x0000000099000000|  0%| F|  |TAMS 0x0000000098f00000, 0x0000000098f00000| Untracked 
| 236|0x0000000099000000, 0x0000000099000000, 0x0000000099100000|  0%| F|  |TAMS 0x0000000099000000, 0x0000000099000000| Untracked 
| 237|0x0000000099100000, 0x0000000099100000, 0x0000000099200000|  0%| F|  |TAMS 0x0000000099100000, 0x0000000099100000| Untracked 
| 238|0x0000000099200000, 0x0000000099200000, 0x0000000099300000|  0%| F|  |TAMS 0x0000000099200000, 0x0000000099200000| Untracked 
| 239|0x0000000099300000, 0x0000000099300000, 0x0000000099400000|  0%| F|  |TAMS 0x0000000099300000, 0x0000000099300000| Untracked 
| 240|0x0000000099400000, 0x0000000099400000, 0x0000000099500000|  0%| F|  |TAMS 0x0000000099400000, 0x0000000099400000| Untracked 
| 241|0x0000000099500000, 0x0000000099500000, 0x0000000099600000|  0%| F|  |TAMS 0x0000000099500000, 0x0000000099500000| Untracked 
| 242|0x0000000099600000, 0x0000000099600000, 0x0000000099700000|  0%| F|  |TAMS 0x0000000099600000, 0x0000000099600000| Untracked 
| 243|0x0000000099700000, 0x0000000099700000, 0x0000000099800000|  0%| F|  |TAMS 0x0000000099700000, 0x0000000099700000| Untracked 
|1882|0x00000000ffe00000, 0x00000000ffe47000, 0x00000000fff00000| 27%|OA|  |TAMS 0x00000000ffe47000, 0x00000000ffe47000| Untracked 
|1883|0x00000000fff00000, 0x00000000fff6a000, 0x0000000100000000| 41%|CA|  |TAMS 0x00000000fff6a000, 0x00000000fff6a000| Untracked 

Card table byte_map: [0x00007f2388589000,0x00007f2388937000] _byte_map_base: 0x00007f2388137000

Marking Bits (Prev, Next): (CMBitMap*) 0x00007f2384058ca8, (CMBitMap*) 0x00007f2384058ce0
 Prev Bits: [0x00007f2366290000, 0x00007f2368000000)
 Next Bits: [0x00007f2364520000, 0x00007f2366290000)

Polling page: 0x00007f238d018000

Metaspace:

Usage:
  Non-class:     40.46 MB capacity,    39.60 MB ( 98%) used,   727.19 KB (  2%) free+waste,   157.75 KB ( <1%) overhead. 
      Class:      6.78 MB capacity,     6.25 MB ( 92%) used,   463.91 KB (  7%) free+waste,    78.12 KB (  1%) overhead. 
       Both:     47.25 MB capacity,    45.85 MB ( 97%) used,     1.16 MB (  2%) free+waste,   235.88 KB ( <1%) overhead. 

Virtual space:
  Non-class space:       42.00 MB reserved,      40.92 MB ( 97%) committed 
      Class space:        1.00 GB reserved,       6.86 MB ( <1%) committed 
             Both:        1.04 GB reserved,      47.78 MB (  4%) committed 

Chunk freelists:
   Non-Class:  322.00 KB
       Class:  30.00 KB
        Both:  352.00 KB

MaxMetaspaceSize: unlimited
CompressedClassSpaceSize: 1.00 GB

CodeHeap 'non-profiled nmethods': size=239512Kb used=7714Kb max_used=7714Kb free=231797Kb
 bounds [0x00007f236cf2a000, 0x00007f236d6ba000, 0x00007f237b910000]
CodeHeap 'non-nmethods': size=6248Kb used=1240Kb max_used=1240Kb free=5007Kb
 bounds [0x00007f236c910000, 0x00007f236cb80000, 0x00007f236cf2a000]
 total_blobs=5307 nmethods=4651 adapters=550
 compilation: enabled
              stopped_count=0, restarted_count=0
 full_count=0

Compilation events (20 events):
Event: 91.968 Thread 0x00007f238410c800 4743       1       net.bytebuddy.description.method.ParameterDescription$ForLoadedParameter::<init> (20 bytes)
Event: 91.968 Thread 0x00007f238410c800 nmethod 4743 0x00007f236d6b0010 code [0x00007f236d6b01c0, 0x00007f236d6b0390]
Event: 91.968 Thread 0x00007f238410c800 4744       1       net.bytebuddy.description.method.ParameterDescription$InDefinedShape$AbstractBase::<init> (5 bytes)
Event: 91.968 Thread 0x00007f238410c800 nmethod 4744 0x00007f236d6b0410 code [0x00007f236d6b05c0, 0x00007f236d6b06f0]
Event: 91.968 Thread 0x00007f238410c800 4746       1       net.bytebuddy.description.type.TypeDescription$Generic$LazyProjection$OfMethodParameter::<init> (20 bytes)
Event: 91.968 Thread 0x00007f238410c800 nmethod 4746 0x00007f236d6b0790 code [0x00007f236d6b0940, 0x00007f236d6b0b10]
Event: 91.969 Thread 0x00007f238410c800 4747       1       net.bytebuddy.description.type.TypeList$Generic$Explicit::get (6 bytes)
Event: 91.969 Thread 0x00007f238410c800 nmethod 4747 0x00007f236d6b0b90 code [0x00007f236d6b0d60, 0x00007f236d6b0f38]
Event: 91.969 Thread 0x00007f238410c800 4751       1       net.bytebuddy.description.type.TypeDescription$ForLoadedType::represents (22 bytes)
Event: 91.969 Thread 0x00007f238410c800 nmethod 4751 0x00007f236d6b1010 code [0x00007f236d6b11e0, 0x00007f236d6b1398]
Event: 91.969 Thread 0x00007f238410c800 4748       1       net.bytebuddy.description.type.TypeList$Generic$Explicit::get (19 bytes)
Event: 91.969 Thread 0x00007f238410c800 nmethod 4748 0x00007f236d6b1490 code [0x00007f236d6b1660, 0x00007f236d6b1838]
Event: 91.969 Thread 0x00007f238410c800 4749       1       net.bytebuddy.description.method.MethodDescription$ForLoadedMethod::getReturnType (29 bytes)
Event: 91.970 Thread 0x00007f238410c800 nmethod 4749 0x00007f236d6b1910 code [0x00007f236d6b1ac0, 0x00007f236d6b1cb0]
Event: 91.970 Thread 0x00007f238410c800 4750       1       net.bytebuddy.description.type.TypeDescription$Generic$LazyProjection$ForLoadedReturnType::<init> (10 bytes)
Event: 91.970 Thread 0x00007f238410c800 nmethod 4750 0x00007f236d6b1d90 code [0x00007f236d6b1f40, 0x00007f236d6b20d0]
Event: 91.970 Thread 0x00007f238410c800 4737       1       net.bytebuddy.description.method.ParameterList$AbstractBase::<init> (5 bytes)
Event: 91.970 Thread 0x00007f238410c800 nmethod 4737 0x00007f236d6b2190 code [0x00007f236d6b2340, 0x00007f236d6b2470]
Event: 91.987 Thread 0x00007f238410c800 4752       1       net.bytebuddy.description.type.TypeDescription$Generic$LazyProjection::accept (11 bytes)
Event: 91.987 Thread 0x00007f238410c800 nmethod 4752 0x00007f236d6b2510 code [0x00007f236d6b26e0, 0x00007f236d6b2878]

GC Heap History (20 events):
Event: 3.122 GC heap after
{Heap after GC invocations=3 (full 0):
 garbage-first heap   total 122880K, used 11116K [0x000000008a400000, 0x0000000100000000)
  region size 1024K, 1 young (1024K), 1 survivors (1024K)
 Metaspace       used 4857K, capacity 5449K, committed 5632K, reserved 1056768K
  class space    used 621K, capacity 767K, committed 768K, reserved 1048576K
}
Event: 3.999 GC heap before
{Heap before GC invocations=3 (full 0):
 garbage-first heap   total 122880K, used 20332K [0x000000008a400000, 0x0000000100000000)
  region size 1024K, 11 young (11264K), 1 survivors (1024K)
 Metaspace       used 6893K, capacity 7265K, committed 7424K, reserved 1056768K
  class space    used 864K, capacity 1008K, committed 1024K, reserved 1048576K
}
Event: 4.039 GC heap after
{Heap after GC invocations=4 (full 0):
 garbage-first heap   total 122880K, used 12284K [0x000000008a400000, 0x0000000100000000)
  region size 1024K, 2 young (2048K), 2 survivors (2048K)
 Metaspace       used 6893K, capacity 7265K, committed 7424K, reserved 1056768K
  class space    used 864K, capacity 1008K, committed 1024K, reserved 1048576K
}
Event: 4.878 GC heap before
{Heap before GC invocations=4 (full 0):
 garbage-first heap   total 122880K, used 25596K [0x000000008a400000, 0x0000000100000000)
  region size 1024K, 15 young (15360K), 2 survivors (2048K)
 Metaspace       used 8377K, capacity 8866K, committed 8960K, reserved 1056768K
  class space    used 1090K, capacity 1276K, committed 1280K, reserved 1048576K
}
Event: 4.915 GC heap after
{Heap after GC invocations=5 (full 0):
 garbage-first heap   total 182272K, used 12941K [0x000000008a400000, 0x0000000100000000)
  region size 1024K, 1 young (1024K), 1 survivors (1024K)
 Metaspace       used 8377K, capacity 8866K, committed 8960K, reserved 1056768K
  class space    used 1090K, capacity 1276K, committed 1280K, reserved 1048576K
}
Event: 5.874 GC heap before
{Heap before GC invocations=5 (full 0):
 garbage-first heap   total 182272K, used 30349K [0x000000008a400000, 0x0000000100000000)
  region size 1024K, 19 young (19456K), 1 survivors (1024K)
 Metaspace       used 10768K, capacity 11279K, committed 11392K, reserved 1058816K
  class space    used 1411K, capacity 1617K, committed 1664K, reserved 1048576K
}
Event: 5.906 GC heap after
{Heap after GC invocations=6 (full 0):
 garbage-first heap   total 182272K, used 13491K [0x000000008a400000, 0x0000000100000000)
  region size 1024K, 2 young (2048K), 2 survivors (2048K)
 Metaspace       used 10768K, capacity 11279K, committed 11392K, reserved 1058816K
  class space    used 1411K, capacity 1617K, committed 1664K, reserved 1048576K
}
Event: 6.751 GC heap before
{Heap before GC invocations=6 (full 0):
 garbage-first heap   total 182272K, used 37043K [0x000000008a400000, 0x0000000100000000)
  region size 1024K, 25 young (25600K), 2 survivors (2048K)
 Metaspace       used 13379K, capacity 14046K, committed 14208K, reserved 1060864K
  class space    used 1879K, capacity 2153K, committed 2176K, reserved 1048576K
}
Event: 6.780 GC heap after
{Heap after GC invocations=7 (full 0):
 garbage-first heap   total 182272K, used 14168K [0x000000008a400000, 0x0000000100000000)
  region size 1024K, 2 young (2048K), 2 survivors (2048K)
 Metaspace       used 13379K, capacity 14046K, committed 14208K, reserved 1060864K
  class space    used 1879K, capacity 2153K, committed 2176K, reserved 1048576K
}
Event: 8.875 GC heap before
{Heap before GC invocations=7 (full 0):
 garbage-first heap   total 182272K, used 54104K [0x000000008a400000, 0x0000000100000000)
  region size 1024K, 41 young (41984K), 2 survivors (2048K)
 Metaspace       used 18107K, capacity 18963K, committed 19328K, reserved 1064960K
  class space    used 2480K, capacity 2818K, committed 2944K, reserved 1048576K
}
Event: 8.933 GC heap after
{Heap after GC invocations=8 (full 0):
 garbage-first heap   total 182272K, used 15367K [0x000000008a400000, 0x0000000100000000)
  region size 1024K, 4 young (4096K), 4 survivors (4096K)
 Metaspace       used 18107K, capacity 18963K, committed 19328K, reserved 1064960K
  class space    used 2480K, capacity 2818K, committed 2944K, reserved 1048576K
}
Event: 11.250 GC heap before
{Heap before GC invocations=8 (full 0):
 garbage-first heap   total 182272K, used 62471K [0x000000008a400000, 0x0000000100000000)
  region size 1024K, 51 young (52224K), 4 survivors (4096K)
 Metaspace       used 18650K, capacity 19556K, committed 19840K, reserved 1067008K
  class space    used 2560K, capacity 2931K, committed 2944K, reserved 1048576K
}
Event: 11.298 GC heap after
{Heap after GC invocations=9 (full 0):
 garbage-first heap   total 251904K, used 17016K [0x000000008a400000, 0x0000000100000000)
  region size 1024K, 5 young (5120K), 5 survivors (5120K)
 Metaspace       used 18650K, capacity 19556K, committed 19840K, reserved 1067008K
  class space    used 2560K, capacity 2931K, committed 2944K, reserved 1048576K
}
Event: 12.197 GC heap before
{Heap before GC invocations=9 (full 0):
 garbage-first heap   total 251904K, used 69240K [0x000000008a400000, 0x0000000100000000)
  region size 1024K, 58 young (59392K), 5 survivors (5120K)
 Metaspace       used 20263K, capacity 21140K, committed 21296K, reserved 1067008K
  class space    used 2769K, capacity 3138K, committed 3200K, reserved 1048576K
}
Event: 12.258 GC heap after
{Heap after GC invocations=10 (full 0):
 garbage-first heap   total 251904K, used 17658K [0x000000008a400000, 0x0000000100000000)
  region size 1024K, 6 young (6144K), 6 survivors (6144K)
 Metaspace       used 20263K, capacity 21140K, committed 21296K, reserved 1067008K
  class space    used 2769K, capacity 3138K, committed 3200K, reserved 1048576K
}
Event: 19.759 GC heap before
{Heap before GC invocations=11 (full 0):
 garbage-first heap   total 251904K, used 161018K [0x000000008a400000, 0x0000000100000000)
  region size 1024K, 147 young (150528K), 6 survivors (6144K)
 Metaspace       used 29686K, capacity 30915K, committed 31024K, reserved 1075200K
  class space    used 3987K, capacity 4461K, committed 4480K, reserved 1048576K
}
Event: 19.904 GC heap after
{Heap after GC invocations=12 (full 0):
 garbage-first heap   total 251904K, used 22277K [0x000000008a400000, 0x0000000100000000)
  region size 1024K, 10 young (10240K), 10 survivors (10240K)
 Metaspace       used 29686K, capacity 30915K, committed 31024K, reserved 1075200K
  class space    used 3987K, capacity 4461K, committed 4480K, reserved 1048576K
}
Event: 22.131 GC heap before
{Heap before GC invocations=12 (full 0):
 garbage-first heap   total 251904K, used 66309K [0x000000008a400000, 0x0000000100000000)
  region size 1024K, 54 young (55296K), 10 survivors (10240K)
 Metaspace       used 34519K, capacity 35752K, committed 35888K, reserved 1079296K
  class space    used 4719K, capacity 5241K, committed 5248K, reserved 1048576K
}
Event: 22.263 GC heap after
{Heap after GC invocations=13 (full 0):
 garbage-first heap   total 251904K, used 23384K [0x000000008a400000, 0x0000000100000000)
  region size 1024K, 11 young (11264K), 11 survivors (11264K)
 Metaspace       used 34519K, capacity 35752K, committed 35888K, reserved 1079296K
  class space    used 4719K, capacity 5241K, committed 5248K, reserved 1048576K
}
Event: 92.698 GC heap before
{Heap before GC invocations=14 (full 0):
 garbage-first heap   total 251904K, used 91992K [0x000000008a400000, 0x0000000100000000)
  region size 1024K, 78 young (79872K), 11 survivors (11264K)
 Metaspace       used 46953K, capacity 48380K, committed 48924K, reserved 1091584K
  class space    used 6403K, capacity 6946K, committed 7020K, reserved 1048576K
}

Deoptimization events (4 events):
Event: 12.378 Thread 0x00007f2384019800 DEOPT PACKING pc=0x00007f236d3875cc sp=0x00007f238cffebb0
Event: 12.378 Thread 0x00007f2384019800 DEOPT UNPACKING pc=0x00007f236c937c2b sp=0x00007f238cffe0c0 mode 0
Event: 13.718 Thread 0x00007f2384019800 DEOPT PACKING pc=0x00007f236d20f014 sp=0x00007f238cffe1f0
Event: 13.718 Thread 0x00007f2384019800 DEOPT UNPACKING pc=0x00007f236c937c2b sp=0x00007f238cffd778 mode 0

Classes redefined (0 events):
No events

Internal exceptions (20 events):
Event: 42.136 Thread 0x00007f232c001800 Exception <a 'java/lang/ClassNotFoundException'{0x0000000097c3cdc8}: org/springframework/context/support/LiveBeansView> (0x0000000097c3cdc8) thrown at [/build/openjdk-lts-iuKaMP/openjdk-lts-11.0.6+10/src/hotspot/share/classfile/systemDictionary.cpp, line 
Event: 42.136 Thread 0x00007f232c001800 Exception <a 'java/lang/ClassNotFoundException'{0x0000000097c3d188}: org/springframework/context/support/LiveBeansView> (0x0000000097c3d188) thrown at [/build/openjdk-lts-iuKaMP/openjdk-lts-11.0.6+10/src/hotspot/share/classfile/systemDictionary.cpp, line 
Event: 42.136 Thread 0x00007f232c001800 Exception <a 'java/lang/ClassNotFoundException'{0x0000000097c3d540}: org/springframework/context/support/LiveBeansView> (0x0000000097c3d540) thrown at [/build/openjdk-lts-iuKaMP/openjdk-lts-11.0.6+10/src/hotspot/share/classfile/systemDictionary.cpp, line 
Event: 42.136 Thread 0x00007f232c001800 Exception <a 'java/lang/ClassNotFoundException'{0x0000000097c3d900}: org/springframework/context/support/LiveBeansView> (0x0000000097c3d900) thrown at [/build/openjdk-lts-iuKaMP/openjdk-lts-11.0.6+10/src/hotspot/share/classfile/systemDictionary.cpp, line 
Event: 42.136 Thread 0x00007f232c001800 Exception <a 'java/lang/ClassNotFoundException'{0x0000000097c3dca0}: org/springframework/context/support/LiveBeansView> (0x0000000097c3dca0) thrown at [/build/openjdk-lts-iuKaMP/openjdk-lts-11.0.6+10/src/hotspot/share/classfile/systemDictionary.cpp, line 
Event: 42.136 Thread 0x00007f232c001800 Exception <a 'java/lang/ClassNotFoundException'{0x0000000097c3e058}: org/springframework/context/support/LiveBeansView> (0x0000000097c3e058) thrown at [/build/openjdk-lts-iuKaMP/openjdk-lts-11.0.6+10/src/hotspot/share/classfile/systemDictionary.cpp, line 
Event: 42.136 Thread 0x00007f232c001800 Exception <a 'java/lang/ClassNotFoundException'{0x0000000097c3e408}: org/springframework/context/support/LiveBeansView> (0x0000000097c3e408) thrown at [/build/openjdk-lts-iuKaMP/openjdk-lts-11.0.6+10/src/hotspot/share/classfile/systemDictionary.cpp, line 
Event: 42.136 Thread 0x00007f232c001800 Exception <a 'java/lang/ClassNotFoundException'{0x0000000097c3e7b0}: org/springframework/context/support/LiveBeansView> (0x0000000097c3e7b0) thrown at [/build/openjdk-lts-iuKaMP/openjdk-lts-11.0.6+10/src/hotspot/share/classfile/systemDictionary.cpp, line 
Event: 42.136 Thread 0x00007f232c001800 Exception <a 'java/lang/ClassNotFoundException'{0x0000000097c3eb58}: org/springframework/context/support/LiveBeansView> (0x0000000097c3eb58) thrown at [/build/openjdk-lts-iuKaMP/openjdk-lts-11.0.6+10/src/hotspot/share/classfile/systemDictionary.cpp, line 
Event: 42.136 Thread 0x00007f232c001800 Exception <a 'java/lang/ClassNotFoundException'{0x0000000097c3ef18}: org/springframework/context/support/LiveBeansView> (0x0000000097c3ef18) thrown at [/build/openjdk-lts-iuKaMP/openjdk-lts-11.0.6+10/src/hotspot/share/classfile/systemDictionary.cpp, line 
Event: 42.136 Thread 0x00007f232c001800 Exception <a 'java/lang/ClassNotFoundException'{0x0000000097c3f2c0}: org/springframework/context/support/LiveBeansView> (0x0000000097c3f2c0) thrown at [/build/openjdk-lts-iuKaMP/openjdk-lts-11.0.6+10/src/hotspot/share/classfile/systemDictionary.cpp, line 
Event: 42.136 Thread 0x00007f232c001800 Exception <a 'java/lang/ClassNotFoundException'{0x0000000097c3f680}: org/springframework/context/support/LiveBeansView> (0x0000000097c3f680) thrown at [/build/openjdk-lts-iuKaMP/openjdk-lts-11.0.6+10/src/hotspot/share/classfile/systemDictionary.cpp, line 
Event: 42.139 Thread 0x00007f232c001800 Exception <a 'java/lang/ClassNotFoundException'{0x0000000097c77210}: org/springframework/context/support/LiveBeansView> (0x0000000097c77210) thrown at [/build/openjdk-lts-iuKaMP/openjdk-lts-11.0.6+10/src/hotspot/share/classfile/systemDictionary.cpp, line 
Event: 42.139 Thread 0x00007f232c001800 Exception <a 'java/lang/ClassNotFoundException'{0x0000000097c775c8}: org/springframework/context/support/LiveBeansView> (0x0000000097c775c8) thrown at [/build/openjdk-lts-iuKaMP/openjdk-lts-11.0.6+10/src/hotspot/share/classfile/systemDictionary.cpp, line 
Event: 42.139 Thread 0x00007f232c001800 Exception <a 'java/lang/ClassNotFoundException'{0x0000000097c77990}: org/springframework/context/support/LiveBeansView> (0x0000000097c77990) thrown at [/build/openjdk-lts-iuKaMP/openjdk-lts-11.0.6+10/src/hotspot/share/classfile/systemDictionary.cpp, line 
Event: 42.139 Thread 0x00007f232c001800 Exception <a 'java/lang/ClassNotFoundException'{0x0000000097c77d40}: org/springframework/context/support/LiveBeansView> (0x0000000097c77d40) thrown at [/build/openjdk-lts-iuKaMP/openjdk-lts-11.0.6+10/src/hotspot/share/classfile/systemDictionary.cpp, line 
Event: 42.139 Thread 0x00007f232c001800 Exception <a 'java/lang/ClassNotFoundException'{0x0000000097c780f0}: org/springframework/context/support/LiveBeansView> (0x0000000097c780f0) thrown at [/build/openjdk-lts-iuKaMP/openjdk-lts-11.0.6+10/src/hotspot/share/classfile/systemDictionary.cpp, line 
Event: 42.197 Thread 0x00007f232c001800 Exception <a 'java/security/PrivilegedActionException'{0x0000000097c7b488}> (0x0000000097c7b488) thrown at [/build/openjdk-lts-iuKaMP/openjdk-lts-11.0.6+10/src/hotspot/share/prims/jvm.cpp, line 1297]
Event: 42.197 Thread 0x00007f232c001800 Exception <a 'java/lang/reflect/InvocationTargetException'{0x0000000097c7b758}> (0x0000000097c7b758) thrown at [/build/openjdk-lts-iuKaMP/openjdk-lts-11.0.6+10/src/hotspot/share/runtime/reflection.cpp, line 1247]
Event: 62.310 Thread 0x00007f2384019800 Exception <a 'java/lang/NoClassDefFoundError'{0x0000000097ab6a20}: sun/reflect/Reflection> (0x0000000097ab6a20) thrown at [/build/openjdk-lts-iuKaMP/openjdk-lts-11.0.6+10/src/hotspot/share/classfile/systemDictionary.cpp, line 220]

Events (20 events):
Event: 92.311 loading class net/bytebuddy/dynamic/scaffold/ClassWriterStrategy$FrameComputingClassWriter done
Event: 92.325 loading class net/bytebuddy/jar/asm/ClassWriter
Event: 92.325 loading class net/bytebuddy/jar/asm/ClassWriter done
Event: 92.339 loading class net/bytebuddy/jar/asm/ClassVisitor
Event: 92.339 loading class net/bytebuddy/jar/asm/ClassVisitor done
Event: 92.340 loading class net/bytebuddy/jar/asm/SymbolTable
Event: 92.340 loading class net/bytebuddy/jar/asm/SymbolTable done
Event: 92.356 loading class net/bytebuddy/jar/asm/SymbolTable$Entry
Event: 92.356 loading class net/bytebuddy/jar/asm/SymbolTable$Entry done
Event: 92.356 loading class net/bytebuddy/jar/asm/Symbol
Event: 92.356 loading class net/bytebuddy/jar/asm/Symbol done
Event: 92.357 loading class net/bytebuddy/jar/asm/ByteVector
Event: 92.357 loading class net/bytebuddy/jar/asm/ByteVector done
Event: 92.365 loading class net/bytebuddy/implementation/Implementation$Context$Default
Event: 92.365 loading class net/bytebuddy/implementation/Implementation$Context$Default done
Event: 92.369 loading class net/bytebuddy/implementation/Implementation$Context$ExtractableView$AbstractBase
Event: 92.369 loading class net/bytebuddy/implementation/Implementation$Context$ExtractableView$AbstractBase done
Event: 92.376 loading class net/bytebuddy/implementation/Implementation$Context$ExtractableView
Event: 92.376 loading class net/bytebuddy/implementation/Implementation$Context$ExtractableView done
Event: 92.611 Executing VM operation: G1CollectForAllocation


Dynamic libraries:
8a400000-99800000 rw-p 00000000 00:00 0 
a1400000-ffe00000 ---p 00000000 00:00 0 
ffe00000-ffe47000 rw-p 01105000 b3:02 2097936                            /usr/lib/jvm/java-11-openjdk-amd64/lib/server/classes.jsa
ffe47000-fff00000 rw-p 00000000 00:00 0 
fff00000-fff6a000 rw-p 0109b000 b3:02 2097936                            /usr/lib/jvm/java-11-openjdk-amd64/lib/server/classes.jsa
fff6a000-100000000 rw-p 00000000 00:00 0 
800000000-800002000 rwxp 00001000 b3:02 2097936                          /usr/lib/jvm/java-11-openjdk-amd64/lib/server/classes.jsa
800002000-8003b8000 rw-p 00003000 b3:02 2097936                          /usr/lib/jvm/java-11-openjdk-amd64/lib/server/classes.jsa
8003b8000-800a8d000 r--p 003b9000 b3:02 2097936                          /usr/lib/jvm/java-11-openjdk-amd64/lib/server/classes.jsa
800a8d000-800a8e000 rw-p 00a8e000 b3:02 2097936                          /usr/lib/jvm/java-11-openjdk-amd64/lib/server/classes.jsa
800a8e000-80109a000 r--p 00a8f000 b3:02 2097936                          /usr/lib/jvm/java-11-openjdk-amd64/lib/server/classes.jsa
840000000-8406db000 rw-p 00000000 00:00 0 
8406db000-880000000 ---p 00000000 00:00 0 
55ee31243000-55ee31244000 r-xp 00000000 b3:02 2097933                    /usr/lib/jvm/java-11-openjdk-amd64/bin/java
55ee31444000-55ee31445000 r--p 00001000 b3:02 2097933                    /usr/lib/jvm/java-11-openjdk-amd64/bin/java
55ee31445000-55ee31446000 rw-p 00002000 b3:02 2097933                    /usr/lib/jvm/java-11-openjdk-amd64/bin/java
55ee314a4000-55ee314e6000 rw-p 00000000 00:00 0                          [heap]
7f23290c5000-7f23291c5000 rw-p 00000000 00:00 0 
7f23291c5000-7f23292c5000 ---p 00000000 00:00 0 
7f23292c5000-7f23294c5000 rw-p 00000000 00:00 0 
7f23294c5000-7f23296c5000 rw-p 00000000 00:00 0 
7f23296c5000-7f23298c5000 rw-p 00000000 00:00 0 
7f23298c5000-7f23298ef000 r-xp 00000000 b3:02 2117488                    /usr/lib/jvm/java-11-openjdk-amd64/lib/libsunec.so
7f23298ef000-7f2329aee000 ---p 0002a000 b3:02 2117488                    /usr/lib/jvm/java-11-openjdk-amd64/lib/libsunec.so
7f2329aee000-7f2329af2000 r--p 00029000 b3:02 2117488                    /usr/lib/jvm/java-11-openjdk-amd64/lib/libsunec.so
7f2329af2000-7f2329af4000 rw-p 0002d000 b3:02 2117488                    /usr/lib/jvm/java-11-openjdk-amd64/lib/libsunec.so
7f2329af4000-7f2329cf4000 rw-p 00000000 00:00 0 
7f2329cf4000-7f2329ef4000 rw-p 00000000 00:00 0 
7f2329ef4000-7f232a0f4000 rw-p 00000000 00:00 0 
7f232a0f4000-7f232a0f8000 ---p 00000000 00:00 0 
7f232a0f8000-7f232a1f5000 rw-p 00000000 00:00 0 
7f232a1f5000-7f232a1f9000 ---p 00000000 00:00 0 
7f232a1f9000-7f232a2f6000 rw-p 00000000 00:00 0 
7f232a2f6000-7f232a2fa000 ---p 00000000 00:00 0 
7f232a2fa000-7f232a3f7000 rw-p 00000000 00:00 0 
7f232a3f7000-7f232a3fb000 ---p 00000000 00:00 0 
7f232a3fb000-7f232a6f8000 rw-p 00000000 00:00 0 
7f232a6f8000-7f232a8f8000 rw-p 00000000 00:00 0 
7f232a8f8000-7f232aaf8000 rw-p 00000000 00:00 0 
7f232aaf8000-7f232acf8000 rw-p 00000000 00:00 0 
7f232acf8000-7f232aef8000 rw-p 00000000 00:00 0 
7f232aef8000-7f232b0e4000 rw-p 00000000 00:00 0 
7f232b0e4000-7f232b0f8000 ---p 00000000 00:00 0 
7f232b0f8000-7f232b2f8000 rw-p 00000000 00:00 0 
7f232b2f8000-7f232b4f8000 rw-p 00000000 00:00 0 
7f232b4f8000-7f232b6f8000 rw-p 00000000 00:00 0 
7f232b6f8000-7f232b8f8000 rw-p 00000000 00:00 0 
7f232b8f8000-7f232b8fc000 ---p 00000000 00:00 0 
7f232b8fc000-7f232b9f9000 rw-p 00000000 00:00 0 
7f232b9f9000-7f232b9fd000 ---p 00000000 00:00 0 
7f232b9fd000-7f232bafa000 rw-p 00000000 00:00 0 
7f232bafa000-7f232bafe000 ---p 00000000 00:00 0 
7f232bafe000-7f232bbfb000 rw-p 00000000 00:00 0 
7f232bbfb000-7f232bbff000 ---p 00000000 00:00 0 
7f232bbff000-7f232bcfc000 rw-p 00000000 00:00 0 
7f232bcfc000-7f232bd00000 ---p 00000000 00:00 0 
7f232bd00000-7f232bdfd000 rw-p 00000000 00:00 0 
7f232bdfd000-7f232bdfe000 ---p 00000000 00:00 0 
7f232bdfe000-7f232beff000 rw-p 00000000 00:00 0 
7f232beff000-7f232bf03000 ---p 00000000 00:00 0 
7f232bf03000-7f232c000000 rw-p 00000000 00:00 0 
7f232c000000-7f232c021000 rw-p 00000000 00:00 0 
7f232c021000-7f2330000000 ---p 00000000 00:00 0 
7f2330000000-7f2330021000 rw-p 00000000 00:00 0 
7f2330021000-7f2334000000 ---p 00000000 00:00 0 
7f2334000000-7f2334030000 rw-p 00000000 00:00 0 
7f2334030000-7f2338000000 ---p 00000000 00:00 0 
7f2338000000-7f2338021000 rw-p 00000000 00:00 0 
7f2338021000-7f233c000000 ---p 00000000 00:00 0 
7f233c000000-7f233c021000 rw-p 00000000 00:00 0 
7f233c021000-7f2340000000 ---p 00000000 00:00 0 
7f2340000000-7f234047d000 rw-p 00000000 00:00 0 
7f234047d000-7f2344000000 ---p 00000000 00:00 0 
7f2344000000-7f23442da000 rw-p 00000000 00:00 0 
7f23442da000-7f2348000000 ---p 00000000 00:00 0 
7f2348000000-7f2348021000 rw-p 00000000 00:00 0 
7f2348021000-7f234c000000 ---p 00000000 00:00 0 
7f234c000000-7f234c021000 rw-p 00000000 00:00 0 
7f234c021000-7f2350000000 ---p 00000000 00:00 0 
7f2350000000-7f23501b0000 rw-p 00000000 00:00 0 
7f23501b0000-7f2354000000 ---p 00000000 00:00 0 
7f2354000000-7f2354021000 rw-p 00000000 00:00 0 
7f2354021000-7f2358000000 ---p 00000000 00:00 0 
7f2358000000-7f2358021000 rw-p 00000000 00:00 0 
7f2358021000-7f235c000000 ---p 00000000 00:00 0 
7f235c0f7000-7f235c0fb000 ---p 00000000 00:00 0 
7f235c0fb000-7f235c1f8000 rw-p 00000000 00:00 0 
7f235c1f8000-7f235c1fc000 ---p 00000000 00:00 0 
7f235c1fc000-7f235c2f9000 rw-p 00000000 00:00 0 
7f235c2f9000-7f235c2fb000 r-xp 00000000 b3:02 2117463                    /usr/lib/jvm/java-11-openjdk-amd64/lib/libextnet.so
7f235c2fb000-7f235c4fa000 ---p 00002000 b3:02 2117463                    /usr/lib/jvm/java-11-openjdk-amd64/lib/libextnet.so
7f235c4fa000-7f235c4fb000 r--p 00001000 b3:02 2117463                    /usr/lib/jvm/java-11-openjdk-amd64/lib/libextnet.so
7f235c4fb000-7f235c4fc000 rw-p 00002000 b3:02 2117463                    /usr/lib/jvm/java-11-openjdk-amd64/lib/libextnet.so
7f235c4fc000-7f235c501000 r-xp 00000000 b3:02 2117480                    /usr/lib/jvm/java-11-openjdk-amd64/lib/libmanagement_ext.so
7f235c501000-7f235c700000 ---p 00005000 b3:02 2117480                    /usr/lib/jvm/java-11-openjdk-amd64/lib/libmanagement_ext.so
7f235c700000-7f235c701000 r--p 00004000 b3:02 2117480                    /usr/lib/jvm/java-11-openjdk-amd64/lib/libmanagement_ext.so
7f235c701000-7f235c702000 rw-p 00005000 b3:02 2117480                    /usr/lib/jvm/java-11-openjdk-amd64/lib/libmanagement_ext.so
7f235c702000-7f235c706000 r-xp 00000000 b3:02 2117478                    /usr/lib/jvm/java-11-openjdk-amd64/lib/libmanagement.so
7f235c706000-7f235c905000 ---p 00004000 b3:02 2117478                    /usr/lib/jvm/java-11-openjdk-amd64/lib/libmanagement.so
7f235c905000-7f235c906000 r--p 00003000 b3:02 2117478                    /usr/lib/jvm/java-11-openjdk-amd64/lib/libmanagement.so
7f235c906000-7f235c907000 rw-p 00004000 b3:02 2117478                    /usr/lib/jvm/java-11-openjdk-amd64/lib/libmanagement.so
7f235c907000-7f235c908000 ---p 00000000 00:00 0 
7f235c908000-7f235ca09000 rw-p 00000000 00:00 0 
7f235ca09000-7f235ca1f000 r-xp 00000000 b3:02 2117482                    /usr/lib/jvm/java-11-openjdk-amd64/lib/libnet.so
7f235ca1f000-7f235cc1e000 ---p 00016000 b3:02 2117482                    /usr/lib/jvm/java-11-openjdk-amd64/lib/libnet.so
7f235cc1e000-7f235cc1f000 r--p 00015000 b3:02 2117482                    /usr/lib/jvm/java-11-openjdk-amd64/lib/libnet.so
7f235cc1f000-7f235cc20000 rw-p 00016000 b3:02 2117482                    /usr/lib/jvm/java-11-openjdk-amd64/lib/libnet.so
7f235cc20000-7f235cc30000 r-xp 00000000 b3:02 2117483                    /usr/lib/jvm/java-11-openjdk-amd64/lib/libnio.so
7f235cc30000-7f235ce2f000 ---p 00010000 b3:02 2117483                    /usr/lib/jvm/java-11-openjdk-amd64/lib/libnio.so
7f235ce2f000-7f235ce30000 r--p 0000f000 b3:02 2117483                    /usr/lib/jvm/java-11-openjdk-amd64/lib/libnio.so
7f235ce30000-7f235ce31000 rw-p 00010000 b3:02 2117483                    /usr/lib/jvm/java-11-openjdk-amd64/lib/libnio.so
7f235ce31000-7f235d800000 r--p 00000000 b3:02 2104005                    /usr/lib/locale/locale-archive
7f235d800000-7f2360000000 rw-p 00000000 00:00 0 
7f2360000000-7f2360021000 rw-p 00000000 00:00 0 
7f2360021000-7f2364000000 ---p 00000000 00:00 0 
7f236401b000-7f236401f000 ---p 00000000 00:00 0 
7f236401f000-7f236411c000 rw-p 00000000 00:00 0 
7f236411c000-7f2364120000 ---p 00000000 00:00 0 
7f2364120000-7f236421d000 rw-p 00000000 00:00 0 
7f236421d000-7f2364221000 ---p 00000000 00:00 0 
7f2364221000-7f236431e000 rw-p 00000000 00:00 0 
7f236431e000-7f2364322000 ---p 00000000 00:00 0 
7f2364322000-7f236441f000 rw-p 00000000 00:00 0 
7f236441f000-7f2364423000 ---p 00000000 00:00 0 
7f2364423000-7f23648f0000 rw-p 00000000 00:00 0 
7f23648f0000-7f2366288000 ---p 00000000 00:00 0 
7f2366288000-7f2366660000 rw-p 00000000 00:00 0 
7f2366660000-7f2367ff8000 ---p 00000000 00:00 0 
7f2367ff8000-7f2368000000 rw-p 00000000 00:00 0 
7f2368000000-7f236802b000 rw-p 00000000 00:00 0 
7f236802b000-7f236c000000 ---p 00000000 00:00 0 
7f236c083000-7f236c087000 ---p 00000000 00:00 0 
7f236c087000-7f236c184000 rw-p 00000000 00:00 0 
7f236c184000-7f236c188000 ---p 00000000 00:00 0 
7f236c188000-7f236c285000 rw-p 00000000 00:00 0 
7f236c285000-7f236c286000 ---p 00000000 00:00 0 
7f236c286000-7f236c408000 rw-p 00000000 00:00 0 
7f236c408000-7f236c409000 ---p 00000000 00:00 0 
7f236c409000-7f236c50a000 rw-p 00000000 00:00 0 
7f236c50a000-7f236c50b000 ---p 00000000 00:00 0 
7f236c50b000-7f236c80e000 rw-p 00000000 00:00 0 
7f236c80e000-7f236c80f000 ---p 00000000 00:00 0 
7f236c80f000-7f236c910000 rw-p 00000000 00:00 0 
7f236c910000-7f236cb80000 rwxp 00000000 00:00 0 
7f236cb80000-7f236cf2a000 ---p 00000000 00:00 0 
7f236cf2a000-7f236d6ba000 rwxp 00000000 00:00 0 
7f236d6ba000-7f237b910000 ---p 00000000 00:00 0 
7f237b910000-7f2384000000 r--s 00000000 b3:02 2117492                    /usr/lib/jvm/java-11-openjdk-amd64/lib/modules
7f2384000000-7f23858ed000 rw-p 00000000 00:00 0 
7f23858ed000-7f2388000000 ---p 00000000 00:00 0 
7f238804d000-7f23880d9000 rw-p 00000000 00:00 0 
7f23880d9000-7f23880da000 ---p 00000000 00:00 0 
7f23880da000-7f2388255000 rw-p 00000000 00:00 0 
7f2388255000-7f2388588000 ---p 00000000 00:00 0 
7f2388588000-7f2388603000 rw-p 00000000 00:00 0 
7f2388603000-7f2388936000 ---p 00000000 00:00 0 
7f2388936000-7f23889b1000 rw-p 00000000 00:00 0 
7f23889b1000-7f2388ce4000 ---p 00000000 00:00 0 
7f2388ce4000-7f2388ee7000 rw-p 00000000 00:00 0 
7f2388ee7000-7f2388ee8000 ---p 00000000 00:00 0 
7f2388ee8000-7f2388ff9000 rw-p 00000000 00:00 0 
7f2388ff9000-7f23891bd000 ---p 00000000 00:00 0 
7f23891bd000-7f23891c2000 r-xp 00000000 b3:02 2117474                    /usr/lib/jvm/java-11-openjdk-amd64/lib/libjimage.so
7f23891c2000-7f23893c1000 ---p 00005000 b3:02 2117474                    /usr/lib/jvm/java-11-openjdk-amd64/lib/libjimage.so
7f23893c1000-7f23893c2000 r--p 00004000 b3:02 2117474                    /usr/lib/jvm/java-11-openjdk-amd64/lib/libjimage.so
7f23893c2000-7f23893c3000 rw-p 00005000 b3:02 2117474                    /usr/lib/jvm/java-11-openjdk-amd64/lib/libjimage.so
7f23893c3000-7f23893ca000 r-xp 00000000 b3:02 2117491                    /usr/lib/jvm/java-11-openjdk-amd64/lib/libzip.so
7f23893ca000-7f23895c9000 ---p 00007000 b3:02 2117491                    /usr/lib/jvm/java-11-openjdk-amd64/lib/libzip.so
7f23895c9000-7f23895ca000 r--p 00006000 b3:02 2117491                    /usr/lib/jvm/java-11-openjdk-amd64/lib/libzip.so
7f23895ca000-7f23895cb000 rw-p 00007000 b3:02 2117491                    /usr/lib/jvm/java-11-openjdk-amd64/lib/libzip.so
7f23895cb000-7f23895d6000 r-xp 00000000 b3:02 529881                     /lib/x86_64-linux-gnu/libnss_files-2.27.so
7f23895d6000-7f23897d5000 ---p 0000b000 b3:02 529881                     /lib/x86_64-linux-gnu/libnss_files-2.27.so
7f23897d5000-7f23897d6000 r--p 0000a000 b3:02 529881                     /lib/x86_64-linux-gnu/libnss_files-2.27.so
7f23897d6000-7f23897d7000 rw-p 0000b000 b3:02 529881                     /lib/x86_64-linux-gnu/libnss_files-2.27.so
7f23897d7000-7f23897dd000 rw-p 00000000 00:00 0 
7f23897dd000-7f23897f4000 r-xp 00000000 b3:02 529875                     /lib/x86_64-linux-gnu/libnsl-2.27.so
7f23897f4000-7f23899f3000 ---p 00017000 b3:02 529875                     /lib/x86_64-linux-gnu/libnsl-2.27.so
7f23899f3000-7f23899f4000 r--p 00016000 b3:02 529875                     /lib/x86_64-linux-gnu/libnsl-2.27.so
7f23899f4000-7f23899f5000 rw-p 00017000 b3:02 529875                     /lib/x86_64-linux-gnu/libnsl-2.27.so
7f23899f5000-7f23899f7000 rw-p 00000000 00:00 0 
7f23899f7000-7f2389a02000 r-xp 00000000 b3:02 529892                     /lib/x86_64-linux-gnu/libnss_nis-2.27.so
7f2389a02000-7f2389c01000 ---p 0000b000 b3:02 529892                     /lib/x86_64-linux-gnu/libnss_nis-2.27.so
7f2389c01000-7f2389c02000 r--p 0000a000 b3:02 529892                     /lib/x86_64-linux-gnu/libnss_nis-2.27.so
7f2389c02000-7f2389c03000 rw-p 0000b000 b3:02 529892                     /lib/x86_64-linux-gnu/libnss_nis-2.27.so
7f2389c03000-7f2389c0b000 r-xp 00000000 b3:02 529877                     /lib/x86_64-linux-gnu/libnss_compat-2.27.so
7f2389c0b000-7f2389e0b000 ---p 00008000 b3:02 529877                     /lib/x86_64-linux-gnu/libnss_compat-2.27.so
7f2389e0b000-7f2389e0c000 r--p 00008000 b3:02 529877                     /lib/x86_64-linux-gnu/libnss_compat-2.27.so
7f2389e0c000-7f2389e0d000 rw-p 00009000 b3:02 529877                     /lib/x86_64-linux-gnu/libnss_compat-2.27.so
7f2389e0d000-7f2389e36000 r-xp 00000000 b3:02 2117470                    /usr/lib/jvm/java-11-openjdk-amd64/lib/libjava.so
7f2389e36000-7f238a035000 ---p 00029000 b3:02 2117470                    /usr/lib/jvm/java-11-openjdk-amd64/lib/libjava.so
7f238a035000-7f238a036000 r--p 00028000 b3:02 2117470                    /usr/lib/jvm/java-11-openjdk-amd64/lib/libjava.so
7f238a036000-7f238a038000 rw-p 00029000 b3:02 2117470                    /usr/lib/jvm/java-11-openjdk-amd64/lib/libjava.so
7f238a038000-7f238a045000 r-xp 00000000 b3:02 2117490                    /usr/lib/jvm/java-11-openjdk-amd64/lib/libverify.so
7f238a045000-7f238a244000 ---p 0000d000 b3:02 2117490                    /usr/lib/jvm/java-11-openjdk-amd64/lib/libverify.so
7f238a244000-7f238a246000 r--p 0000c000 b3:02 2117490                    /usr/lib/jvm/java-11-openjdk-amd64/lib/libverify.so
7f238a246000-7f238a247000 rw-p 0000e000 b3:02 2117490                    /usr/lib/jvm/java-11-openjdk-amd64/lib/libverify.so
7f238a247000-7f238a24e000 r-xp 00000000 b3:02 529932                     /lib/x86_64-linux-gnu/librt-2.27.so
7f238a24e000-7f238a44d000 ---p 00007000 b3:02 529932                     /lib/x86_64-linux-gnu/librt-2.27.so
7f238a44d000-7f238a44e000 r--p 00006000 b3:02 529932                     /lib/x86_64-linux-gnu/librt-2.27.so
7f238a44e000-7f238a44f000 rw-p 00007000 b3:02 529932                     /lib/x86_64-linux-gnu/librt-2.27.so
7f238a44f000-7f238a466000 r-xp 00000000 b3:02 524731                     /lib/x86_64-linux-gnu/libgcc_s.so.1
7f238a466000-7f238a665000 ---p 00017000 b3:02 524731                     /lib/x86_64-linux-gnu/libgcc_s.so.1
7f238a665000-7f238a666000 r--p 00016000 b3:02 524731                     /lib/x86_64-linux-gnu/libgcc_s.so.1
7f238a666000-7f238a667000 rw-p 00017000 b3:02 524731                     /lib/x86_64-linux-gnu/libgcc_s.so.1
7f238a667000-7f238a804000 r-xp 00000000 b3:02 529854                     /lib/x86_64-linux-gnu/libm-2.27.so
7f238a804000-7f238aa03000 ---p 0019d000 b3:02 529854                     /lib/x86_64-linux-gnu/libm-2.27.so
7f238aa03000-7f238aa04000 r--p 0019c000 b3:02 529854                     /lib/x86_64-linux-gnu/libm-2.27.so
7f238aa04000-7f238aa05000 rw-p 0019d000 b3:02 529854                     /lib/x86_64-linux-gnu/libm-2.27.so
7f238aa05000-7f238ab7e000 r-xp 00000000 b3:02 2099847                    /usr/lib/x86_64-linux-gnu/libstdc++.so.6.0.25
7f238ab7e000-7f238ad7e000 ---p 00179000 b3:02 2099847                    /usr/lib/x86_64-linux-gnu/libstdc++.so.6.0.25
7f238ad7e000-7f238ad88000 r--p 00179000 b3:02 2099847                    /usr/lib/x86_64-linux-gnu/libstdc++.so.6.0.25
7f238ad88000-7f238ad8a000 rw-p 00183000 b3:02 2099847                    /usr/lib/x86_64-linux-gnu/libstdc++.so.6.0.25
7f238ad8a000-7f238ad8e000 rw-p 00000000 00:00 0 
7f238ad8e000-7f238be67000 r-xp 00000000 b3:02 2117495                    /usr/lib/jvm/java-11-openjdk-amd64/lib/server/libjvm.so
7f238be67000-7f238c066000 ---p 010d9000 b3:02 2117495                    /usr/lib/jvm/java-11-openjdk-amd64/lib/server/libjvm.so
7f238c066000-7f238c123000 r--p 010d8000 b3:02 2117495                    /usr/lib/jvm/java-11-openjdk-amd64/lib/server/libjvm.so
7f238c123000-7f238c15d000 rw-p 01195000 b3:02 2117495                    /usr/lib/jvm/java-11-openjdk-amd64/lib/server/libjvm.so
7f238c15d000-7f238c1b3000 rw-p 00000000 00:00 0 
7f238c1b3000-7f238c1cd000 r-xp 00000000 b3:02 529924                     /lib/x86_64-linux-gnu/libpthread-2.27.so
7f238c1cd000-7f238c3cc000 ---p 0001a000 b3:02 529924                     /lib/x86_64-linux-gnu/libpthread-2.27.so
7f238c3cc000-7f238c3cd000 r--p 00019000 b3:02 529924                     /lib/x86_64-linux-gnu/libpthread-2.27.so
7f238c3cd000-7f238c3ce000 rw-p 0001a000 b3:02 529924                     /lib/x86_64-linux-gnu/libpthread-2.27.so
7f238c3ce000-7f238c3d2000 rw-p 00000000 00:00 0 
7f238c3d2000-7f238c3d5000 r-xp 00000000 b3:02 529814                     /lib/x86_64-linux-gnu/libdl-2.27.so
7f238c3d5000-7f238c5d4000 ---p 00003000 b3:02 529814                     /lib/x86_64-linux-gnu/libdl-2.27.so
7f238c5d4000-7f238c5d5000 r--p 00002000 b3:02 529814                     /lib/x86_64-linux-gnu/libdl-2.27.so
7f238c5d5000-7f238c5d6000 rw-p 00003000 b3:02 529814                     /lib/x86_64-linux-gnu/libdl-2.27.so
7f238c5d6000-7f238c5f2000 r-xp 00000000 b3:02 529963                     /lib/x86_64-linux-gnu/libz.so.1.2.11
7f238c5f2000-7f238c7f1000 ---p 0001c000 b3:02 529963                     /lib/x86_64-linux-gnu/libz.so.1.2.11
7f238c7f1000-7f238c7f2000 r--p 0001b000 b3:02 529963                     /lib/x86_64-linux-gnu/libz.so.1.2.11
7f238c7f2000-7f238c7f3000 rw-p 0001c000 b3:02 529963                     /lib/x86_64-linux-gnu/libz.so.1.2.11
7f238c7f3000-7f238c9da000 r-xp 00000000 b3:02 529791                     /lib/x86_64-linux-gnu/libc-2.27.so
7f238c9da000-7f238cbda000 ---p 001e7000 b3:02 529791                     /lib/x86_64-linux-gnu/libc-2.27.so
7f238cbda000-7f238cbde000 r--p 001e7000 b3:02 529791                     /lib/x86_64-linux-gnu/libc-2.27.so
7f238cbde000-7f238cbe0000 rw-p 001eb000 b3:02 529791                     /lib/x86_64-linux-gnu/libc-2.27.so
7f238cbe0000-7f238cbe4000 rw-p 00000000 00:00 0 
7f238cbe4000-7f238cbf4000 r-xp 00000000 b3:02 2117453                    /usr/lib/jvm/java-11-openjdk-amd64/lib/jli/libjli.so
7f238cbf4000-7f238cdf3000 ---p 00010000 b3:02 2117453                    /usr/lib/jvm/java-11-openjdk-amd64/lib/jli/libjli.so
7f238cdf3000-7f238cdf4000 r--p 0000f000 b3:02 2117453                    /usr/lib/jvm/java-11-openjdk-amd64/lib/jli/libjli.so
7f238cdf4000-7f238cdf5000 rw-p 00010000 b3:02 2117453                    /usr/lib/jvm/java-11-openjdk-amd64/lib/jli/libjli.so
7f238cdf5000-7f238ce1c000 r-xp 00000000 b3:02 529763                     /lib/x86_64-linux-gnu/ld-2.27.so
7f238ce4a000-7f238cef8000 rw-p 00000000 00:00 0 
7f238cef8000-7f238cf00000 ---p 00000000 00:00 0 
7f238cf00000-7f238cf04000 ---p 00000000 00:00 0 
7f238cf04000-7f238d003000 rw-p 00000000 00:00 0 
7f238d00e000-7f238d010000 r--s 00007000 b3:02 2490515                    /usr/share/java/java-atk-wrapper.jar
7f238d010000-7f238d018000 rw-s 00000000 b3:02 792203                     /tmp/hsperfdata_bridgelabz/23946
7f238d018000-7f238d019000 ---p 00000000 00:00 0 
7f238d019000-7f238d01a000 r--p 00000000 00:00 0 
7f238d01a000-7f238d01c000 rw-p 00000000 00:00 0 
7f238d01c000-7f238d01d000 r--p 00027000 b3:02 529763                     /lib/x86_64-linux-gnu/ld-2.27.so
7f238d01d000-7f238d01e000 rw-p 00028000 b3:02 529763                     /lib/x86_64-linux-gnu/ld-2.27.so
7f238d01e000-7f238d01f000 rw-p 00000000 00:00 0 
7ffea3d72000-7ffea3d98000 rw-p 00000000 00:00 0                          [stack]
7ffea3d9c000-7ffea3d9f000 r--p 00000000 00:00 0                          [vvar]
7ffea3d9f000-7ffea3da1000 r-xp 00000000 00:00 0                          [vdso]
ffffffffff600000-ffffffffff601000 r-xp 00000000 00:00 0                  [vsyscall]


VM Arguments:
jvm_args: -Dcom.sun.management.jmxremote -Dcom.sun.management.jmxremote.port=39967 -Dcom.sun.management.jmxremote.authenticate=false -Dcom.sun.management.jmxremote.ssl=false -Djava.rmi.server.hostname=localhost -Dspring.jmx.enabled=true -Dspring.application.admin.enabled=true -Djava.security.egd=file:/dev/./urandom -Xverify:none -XX:TieredStopAtLevel=1 -Dspring.boot.project.name=FundooAPP1 -Dfile.encoding=UTF-8 
java_command: com.bridgelabz.fundoonotes.FundooNotesApplication --spring.output.ansi.enabled=always
java_class_path (initial): /home/bridgelabz/Documents/workspace-spring-tool-suite-4-4.5.1.RELEASE/FundooAPP1/target/classes:/home/bridgelabz/Downloads/lombok.jar:/home/bridgelabz/Downloads/spring-tool-suite-4-4.5.1.RELEASE-e4.14.0-linux.gtk.x86_64/sts-4.5.1.RELEASE/plugins/org.junit_4.12.0.v201504281640/junit.jar:/home/bridgelabz/Downloads/spring-tool-suite-4-4.5.1.RELEASE-e4.14.0-linux.gtk.x86_64/sts-4.5.1.RELEASE/plugins/org.hamcrest.core_1.3.0.v20180420-1519.jar:/home/bridgelabz/.m2/repository/org/springframework/boot/spring-boot-starter-web/2.2.4.RELEASE/spring-boot-starter-web-2.2.4.RELEASE.jar:/home/bridgelabz/.m2/repository/org/springframework/boot/spring-boot-starter/2.2.4.RELEASE/spring-boot-starter-2.2.4.RELEASE.jar:/home/bridgelabz/.m2/repository/org/springframework/boot/spring-boot/2.2.4.RELEASE/spring-boot-2.2.4.RELEASE.jar:/home/bridgelabz/.m2/repository/org/springframework/boot/spring-boot-autoconfigure/2.2.4.RELEASE/spring-boot-autoconfigure-2.2.4.RELEASE.jar:/home/bridgelabz/.m2/repository/org/springframework/boot/spring-boot-starter-logging/2.2.4.RELEASE/spring-boot-starter-logging-2.2.4.RELEASE.jar:/home/bridgelabz/.m2/repository/ch/qos/logback/logback-classic/1.2.3/logback-classic-1.2.3.jar:/home/bridgelabz/.m2/repository/ch/qos/logback/logback-core/1.2.3/logback-core-1.2.3.jar:/home/bridgelabz/.m2/repository/org/apache/logging/log4j/log4j-to-slf4j/2.12.1/log4j-to-slf4j-2.12.1.jar:/home/bridgelabz/.m2/repository/org/slf4j/jul-to-slf4j/1.7.30/jul-to-slf4j-1.7.30.jar:/home/bridgelabz/.m2/repository/jakarta/annotation/jakarta.annotation-api/1.3.5/jakarta.annotation-api-1.3.5.jar:/home/bridgelabz/.m2/repository/org/yaml/snakeyaml/1.25/snakeyaml-1.25.jar:/home/bridgelabz/.m2/repository/org/springframework/boot/spring-boot-starter-json/2.2.4.RELEASE/spring-boot-starter-json-2.2.4.RELEASE.jar:/home/bridgelabz/.m2/repository/com/fasterxml/jackson/datatype/jackson-datatype-jdk8/2.10.2/jackson-datatype-jdk8-2.10.2.jar:/home/bridgelabz/.m2/repository/com/
Launcher Type: SUN_STANDARD

[Global flags]
     bool BytecodeVerificationLocal                = false                                     {product} {command line}
     bool BytecodeVerificationRemote               = false                                     {product} {command line}
     intx CICompilerCount                          = 2                                         {product} {ergonomic}
     uint ConcGCThreads                            = 1                                         {product} {ergonomic}
     uint G1ConcRefinementThreads                  = 2                                         {product} {ergonomic}
   size_t G1HeapRegionSize                         = 1048576                                   {product} {ergonomic}
    uintx GCDrainStackTargetSize                   = 64                                        {product} {ergonomic}
   size_t InitialHeapSize                          = 123731968                                 {product} {ergonomic}
     bool ManagementServer                         = true                                      {product} {command line}
   size_t MarkStackSize                            = 4194304                                   {product} {ergonomic}
   size_t MaxHeapSize                              = 1975517184                                {product} {ergonomic}
   size_t MaxNewSize                               = 1184890880                                {product} {ergonomic}
   size_t MinHeapDeltaBytes                        = 1048576                                   {product} {ergonomic}
    uintx NonNMethodCodeHeapSize                   = 6396312                                {pd product} {ergonomic}
    uintx NonProfiledCodeHeapSize                  = 245261928                              {pd product} {ergonomic}
    uintx ProfiledCodeHeapSize                     = 0                                      {pd product} {ergonomic}
    uintx ReservedCodeCacheSize                    = 251658240                              {pd product} {ergonomic}
     bool SegmentedCodeCache                       = true                                      {product} {ergonomic}
     intx TieredStopAtLevel                        = 1                                         {product} {command line}
     bool UseCompressedClassPointers               = true                                 {lp64_product} {ergonomic}
     bool UseCompressedOops                        = true                                 {lp64_product} {ergonomic}
     bool UseG1GC                                  = true                                      {product} {ergonomic}

Logging:
Log output configuration:
 #0: stdout all=warning uptime,level,tags
 #1: stderr all=off uptime,level,tags

Environment Variables:
PATH=/usr/local/sbin:/usr/local/bin:/usr/sbin:/usr/bin:/sbin:/bin:/usr/games:/usr/local/games:/snap/bin
USERNAME=bridgelabz
SHELL=/bin/bash
DISPLAY=:0

Signal Handlers:
SIGSEGV: [libjvm.so+0xdf1470], sa_mask[0]=11111111011111111101111111111110, sa_flags=SA_RESTART|SA_SIGINFO
SIGBUS: [libjvm.so+0xdf1470], sa_mask[0]=11111111011111111101111111111110, sa_flags=SA_RESTART|SA_SIGINFO
SIGFPE: [libjvm.so+0xdf1470], sa_mask[0]=11111111011111111101111111111110, sa_flags=SA_RESTART|SA_SIGINFO
SIGPIPE: [libjvm.so+0xbc5560], sa_mask[0]=11111111011111111101111111111110, sa_flags=SA_RESTART|SA_SIGINFO
SIGXFSZ: [libjvm.so+0xbc5560], sa_mask[0]=11111111011111111101111111111110, sa_flags=SA_RESTART|SA_SIGINFO
SIGILL: [libjvm.so+0xdf1470], sa_mask[0]=11111111011111111101111111111110, sa_flags=SA_RESTART|SA_SIGINFO
SIGUSR2: [libjvm.so+0xbc5400], sa_mask[0]=00100000000000000000000000000000, sa_flags=SA_RESTART|SA_SIGINFO
SIGHUP: [libjvm.so+0xbc5760], sa_mask[0]=11111111011111111101111111111110, sa_flags=SA_RESTART|SA_SIGINFO
SIGINT: [libjvm.so+0xbc5760], sa_mask[0]=11111111011111111101111111111110, sa_flags=SA_RESTART|SA_SIGINFO
SIGTERM: [libjvm.so+0xbc5760], sa_mask[0]=11111111011111111101111111111110, sa_flags=SA_RESTART|SA_SIGINFO
SIGQUIT: [libjvm.so+0xbc5760], sa_mask[0]=11111111011111111101111111111110, sa_flags=SA_RESTART|SA_SIGINFO


---------------  S Y S T E M  ---------------

OS:DISTRIB_ID=Ubuntu
DISTRIB_RELEASE=18.04
DISTRIB_CODENAME=bionic
DISTRIB_DESCRIPTION="Ubuntu 18.04.4 LTS"
uname:Linux 4.15.0-88-generic #88-Ubuntu SMP Tue Feb 11 20:11:34 UTC 2020 x86_64
libc:glibc 2.27 NPTL 2.27 
rlimit: STACK 8192k, CORE 0k, NPROC 29828, NOFILE 4096, AS infinity, DATA infinity, FSIZE infinity
load average:16.09 7.51 4.97

/proc/meminfo:
MemTotal:        7711552 kB
MemFree:          129508 kB
MemAvailable:      51112 kB
Buffers:             828 kB
Cached:           681464 kB
SwapCached:         3152 kB
Active:          6220368 kB
Inactive:         926448 kB
Active(anon):    6203976 kB
Inactive(anon):   886304 kB
Active(file):      16392 kB
Inactive(file):    40144 kB
Unevictable:         112 kB
Mlocked:             112 kB
SwapTotal:       2097148 kB
SwapFree:              0 kB
Dirty:               640 kB
Writeback:           928 kB
AnonPages:       6461964 kB
Mapped:           261844 kB
Shmem:            625644 kB
Slab:             161668 kB
SReclaimable:      68612 kB
SUnreclaim:        93056 kB
KernelStack:       26272 kB
PageTables:       142636 kB
NFS_Unstable:          0 kB
Bounce:                0 kB
WritebackTmp:          0 kB
CommitLimit:     5952924 kB
Committed_AS:   23583920 kB
VmallocTotal:   34359738367 kB
VmallocUsed:           0 kB
VmallocChunk:          0 kB
HardwareCorrupted:     0 kB
AnonHugePages:         0 kB
ShmemHugePages:        0 kB
ShmemPmdMapped:        0 kB
CmaTotal:              0 kB
CmaFree:               0 kB
HugePages_Total:       0
HugePages_Free:        0
HugePages_Rsvd:        0
HugePages_Surp:        0
Hugepagesize:       2048 kB
DirectMap4k:      338336 kB
DirectMap2M:     7589888 kB
DirectMap1G:     2097152 kB


/proc/sys/kernel/threads-max (system-wide limit on the number of threads):
59656


/proc/sys/vm/max_map_count (maximum number of memory map areas a process may have):
262144


/proc/sys/kernel/pid_max (system-wide limit on number of process identifiers):
32768



container (cgroup) information:
container_type: cgroupv1
cpu_cpuset_cpus: 0-1
cpu_memory_nodes: 0
active_processor_count: 2
cpu_quota: -1
cpu_period: 100000
cpu_shares: -1
memory_limit_in_bytes: -1
memory_and_swap_limit_in_bytes: -2
memory_soft_limit_in_bytes: -1
memory_usage_in_bytes: 7318114304
memory_max_usage_in_bytes: 0

Steal ticks since vm start: 0
Steal ticks percentage since vm start:  0.000

CPU:total 2 (initial active 2) (2 cores per cpu, 1 threads per core) family 6 model 122 stepping 1, cmov, cx8, fxsr, mmx, sse, sse2, sse3, ssse3, sse4.1, sse4.2, popcnt, aes, clmul, erms, 3dnowpref, tsc, tscinvbit, sha
CPU Model and flags from /proc/cpuinfo:
model name	: Intel(R) Celeron(R) N4000 CPU @ 1.10GHz
flags		: fpu vme de pse tsc msr pae mce cx8 apic sep mtrr pge mca cmov pat pse36 clflush dts acpi mmx fxsr sse sse2 ss ht tm pbe syscall nx pdpe1gb rdtscp lm constant_tsc art arch_perfmon pebs bts rep_good nopl xtopology nonstop_tsc cpuid aperfmperf tsc_known_freq pni pclmulqdq dtes64 monitor ds_cpl vmx est tm2 ssse3 sdbg cx16 xtpr pdcm sse4_1 sse4_2 x2apic movbe popcnt tsc_deadline_timer aes xsave rdrand lahf_lm 3dnowprefetch cpuid_fault cat_l2 pti cdp_l2 ssbd ibrs ibpb stibp ibrs_enhanced tpr_shadow vnmi flexpriority ept vpid fsgsbase tsc_adjust smep erms mpx rdt_a rdseed smap clflushopt intel_pt sha_ni xsaveopt xsavec xgetbv1 xsaves dtherm ida arat pln pts umip rdpid md_clear arch_capabilities

Memory: 4k page, physical 7711552k(129384k free), swap 2097148k(0k free)

vm_info: OpenJDK 64-Bit Server VM (11.0.6+10-post-Ubuntu-1ubuntu118.04.1) for linux-amd64 JRE (11.0.6+10-post-Ubuntu-1ubuntu118.04.1), built on Jan 15 2020 15:14:00 by "unknown" with gcc 7.4.0

END.
